[23/02/2026 22:56:01,07] [APP] tcd
[23/02/2026 22:56:01,40] [TXT] [+] 1.-Lenguaje APP : es-ES ROUTE: D:\ERP\tryton\TryDockCmd\lang\es-ES.txt
[23/02/2026 22:56:01,98] [TXT] [+] 2.-Procesando fichero: .env. Ruta: D:\ERP\tryton\TryDockCmd\.env
[23/02/2026 22:56:02,07] [TXT] [+] 3.-Idioma Fichero .env: es-ES Ruta: D:\ERP\tryton\TryDockCmd\es-ES.txt
[23/02/2026 22:56:02,15] [TXT] [+] 4.-Procesando fichero: compose.yml. Ruta: D:\ERP\tryton\TryDockCmd\compose.yml
[23/02/2026 22:56:02,24] [TXT] [+] 5.-Procesando datos del fichero compose.yml. Ruta: D:\ERP\tryton\TryDockCmd\compose.yml
[23/02/2026 22:56:02,34] [APP] readcompose
[23/02/2026 22:56:02,42] [CHECK] [1/4] Buscando fichero: \ERP\tryton\TryDockCmd\read-compose.ps1
[23/02/2026 22:56:02,49] [CHECK] [2/4] Buscando fichero: \ERP\tryton\TryDockCmd\compose.yml
[23/02/2026 22:56:02,57] [CHECK] [3/4] Buscando programa: powershell.exe
[23/02/2026 22:56:02,77] [CHECK] [4/4] Procesando datos del fichero powershell.exe \ERP\tryton\TryDockCmd\read-compose.ps1
[23/02/2026 22:56:04,44] [CHECK] Información de los datos de compose.yml.
[23/02/2026 22:56:04,52] [CHECK] Docker server imagen: tryton/tryton:latest
[23/02/2026 22:56:04,59] [CHECK] Docker server nombre imagen: tryton/tryton
[23/02/2026 22:56:04,67] [CHECK] Docker server versión imagen: latest
[23/02/2026 22:56:04,75] [CHECK] Docker server puerto interno: 8000
[23/02/2026 22:56:04,82] [CHECK] Docker server puerto público: 8000
[23/02/2026 22:56:04,90] [CHECK] Docker postgres imagen: postgres:latest
[23/02/2026 22:56:04,98] [CHECK] Docker postgres nombre imagen: postgres
[23/02/2026 22:56:05,05] [CHECK] Docker postgres versión imagen: latest
[23/02/2026 22:56:05,13] [CHECK] readcompose: Todos los procesos ejecutados de forma correcta.
[23/02/2026 22:56:05,21] [TXT] [+] 6.-Procesando el menú GESTOR DE TRYTON (DOCKER) (TRYDOCKCMD MANAGER)
[23/02/2026 22:56:05,29] [APP] header [APP]
[23/02/2026 22:56:05,37] [CHECK] Buscando programa: docker
[23/02/2026 22:56:05,98] [CHECK] Comprobar si el ordenador soporta ANSI, para gestionar colores en los textos.
[23/02/2026 22:56:06,12] [CHECK] reader: Todos los procesos ejecutados de forma correcta.
[23/02/2026 22:56:06,30] [APP] checkdocker [APP]
[23/02/2026 22:56:06,37] [CHECK] Buscando imágenes y contenedores en Docker: tryton.
[23/02/2026 22:56:06,46] [CHECK] Buscando imagen Docker: tryton/tryton:latest
[23/02/2026 22:56:06,63] [CHECK] No existe la imagen tryton/tryton:latest en Docker.
[23/02/2026 22:56:06,74] [APP] global_routines timeout_start 2 1
[23/02/2026 22:56:08,35] [OK] tcd Todos los procesos ejecutados de forma correcta.
[23/02/2026 22:56:08,44] [TXT] Arrancando sesión. TRYDOCKCMD MANAGER Menú principal
[23/02/2026 22:56:09,63] [CHECK] [+] Se ha detectado que no existe Tryton, se activa la instalación de forma automática.
[23/02/2026 22:56:09,73] [APP] global_routines timeout_start 8 1
[23/02/2026 22:56:17,30] [APP] global_routines fill_in_field [TXT] 0.- (REAL y DEMO) Instalar Tryton
[23/02/2026 22:56:17,42] [TXT] 0.- (REAL y DEMO) Instalar Tryton
[23/02/2026 22:56:17,61] [APP] install [APP]
[23/02/2026 22:56:17,71] [APP] inspectdocker [INS]
[23/02/2026 22:56:17,80] [CHECK] Buscando imágenes y contenedores en Docker: tryton.
[23/02/2026 22:56:17,98] [INS] No existe la imagen tryton/tryton:latest en Docker.
[23/02/2026 22:56:18,09] [APP] global_routines timeout_start 2  1
[23/02/2026 22:56:20,36] [INS] No existe la imagen postgres:latest en Docker.
[23/02/2026 22:56:20,46] [APP] global_routines timeout_start 2  1
[23/02/2026 22:56:22,32] [INS] No existe el contenedor tryton-server-1 en Docker.
[23/02/2026 22:56:22,43] [APP] global_routines timeout_start 2  1
[23/02/2026 22:56:24,38] [INS] No existe el contenedor tryton-postgres-1 en Docker.
[23/02/2026 22:56:24,49] [APP] global_routines timeout_start 2  1
[23/02/2026 22:56:26,33] [INS] No existe el contenedor tryton-cron-1 en Docker.
[23/02/2026 22:56:26,44] [APP] global_routines timeout_start 2  1
[23/02/2026 22:56:28,46] [OK] No existe en Docker ningún contenedor tryton.
[23/02/2026 22:56:28,54] [INS] Este proceso verificará las imágenes de tryton y la Base de datos.
[23/02/2026 22:56:28,61] [INS] Si no existe en Docker, las descargará y creará las imágenes con sus contenedores.
[23/02/2026 22:56:56,79] [INS] Ejecutando Docker Compose.: D:\ERP\tryton\TryDockCmd\compose.yml -p tryton up -d
[23/02/2026 22:57:24,62] [OK] Contenedores de tryton instalados y activos correctamente.
[23/02/2026 22:57:24,74] [APP] global_routines timeout_start 10  1
[23/02/2026 22:57:34,24] [APP] status [INS]
[23/02/2026 22:57:34,33] [INS] Los contenedores de tryton están activos.
[23/02/2026 22:57:34,41] [INS] Detalle de los contenedores, imágenes y servicios de tryton en docker.
[23/02/2026 22:57:34,92] [INS] El contenedor de tryton-postgres-1 - Servicio: postgres está activo.
[23/02/2026 22:57:35,20] [INS] Base de datos tryton-postgres-1 - Servicio: postgres está listo para recibir conexiones.
[23/02/2026 22:57:35,48] [INS] El contenedor de tryton-server-1 - Servicio: server está activo.
[23/02/2026 22:57:35,75] [INS] El contenedor de tryton-cron-1 - Servicio: cron está activo.
[23/02/2026 22:57:35,84] [INS] REAL - Instalar todos los módulos sin lenguajes en base de datos (tryton).
[23/02/2026 22:57:35,97] [APP] install.header [INS] [install_tryton] [INS]
[23/02/2026 22:57:36,08] [APP] checkversion [APP]
[23/02/2026 22:57:36,19] [APP] startup [CHECK]
[23/02/2026 22:57:36,49] [CHECK] El contenedor de tryton-postgres-1 - Servicio: postgres está activo.
[23/02/2026 22:57:36,59] [APP] global_routines timeout_start 3 1
[23/02/2026 22:57:39,42] [CHECK] El contenedor de tryton-server-1 - Servicio: server está activo.
[23/02/2026 22:57:39,53] [APP] global_routines timeout_start 3 1
[23/02/2026 22:57:42,45] [CHECK] El contenedor de tryton-cron-1 - Servicio: cron está activo.
[23/02/2026 22:57:42,55] [APP] global_routines timeout_start 3 1
[23/02/2026 22:57:45,29] [CHECK] Se inspecciona en Docker: [tryton-server-1]
[23/02/2026 22:57:45,47] [CHECK] Buscando en el server versión Tryton. - (trytond.__version__.split('.')[:3])
[23/02/2026 22:57:45,86] [CHECK] Se ha localizado la versión Tryton en Docker: [7.8]
[23/02/2026 22:57:45,95] [CHECK] Se ha localizado la versión Tryton en Docker: [7.8.4]
[23/02/2026 22:57:46,03] [CHECK] Se inspecciona en Docker: [postgres] - [SELECT 1 FROM pg_catalog.pg_database WHERE datname='tryton]
[23/02/2026 22:57:46,40] [CHECK] Buscando en el server versión PostgreSQL. - [SELECT version()]
[23/02/2026 22:57:46,77] [CHECK] Se ha localizado la versión base de datos tryton en Docker: [PostgreSQL 18.2 (Debian 18.2-1.pgdg13+1) on x86_64-pc-linux-gnu, compiled by gcc (Debian 14.2.0-19) 14.2.0, 64-bit]
[23/02/2026 22:57:46,85] [CHECK] Se ha localizado la versión base de datos tryton en Docker: [PostgreSQL 18.2]
[23/02/2026 22:57:46,92] [CHECK] checkversion: Todos los procesos ejecutados de forma correcta.
[23/02/2026 22:57:46,99] [CHECK] Se leen todos los módulos del fichero .env y se graban en memoria.
[23/02/2026 22:57:47,45] [APP] global_routines timeout_start 10 1
[23/02/2026 22:57:57,33] [APP] install_reports [1] - [L] - Comprobar las bases de datos instaladas de postgreSQL en Docker. - [D:\ERP\tryton\TryDockCmd\tmp\trytond_table.txt]
[23/02/2026 22:57:57,44] [CHECK] Se leen todos los módulos del fichero .env y se graban en memoria.
[23/02/2026 22:57:57,66] [CHECK] postgres           | postgres        | UTF8     | en_US.utf8
[23/02/2026 22:57:57,75] [CHECK] template0          | postgres        | UTF8     | en_US.utf8
[23/02/2026 22:57:57,88] [CHECK] template1          | postgres        | UTF8     | en_US.utf8
[23/02/2026 22:57:58,00] [CHECK] tryton             | postgres        | UTF8     | en_US.utf8
[23/02/2026 22:57:58,50] [APP] global_routines timeout_start 10 1
[23/02/2026 22:58:08,26] [APP] install_reports [1] - [U] - Comprobar los usuarios de la base de datos postgreSQL. - [D:\ERP\tryton\TryDockCmd\tmp\trytond_table.txt]
[23/02/2026 22:58:08,37] [CHECK] Se leen todos los módulos del fichero .env y se graban en memoria.
[23/02/2026 22:58:08,58] [CHECK] postgres           | Superuser, Create role, Create DB, Replication, Bypass RLS
[23/02/2026 22:58:09,10] [APP] global_routines timeout_start 10 1
[23/02/2026 22:58:19,29] [APP] install_reports [1] - [X] - Comprobar las extensiones instaladas en la base de datos postgreSQL. - [D:\ERP\tryton\TryDockCmd\tmp\trytond_table.txt]
[23/02/2026 22:58:19,40] [CHECK] Se leen todos los módulos del fichero .env y se graban en memoria.
[23/02/2026 22:58:19,60] [CHECK] plpgsql            | 1.0        | pg_catalog
[23/02/2026 22:58:33,41] [INS] [1.-] Parar el servicio de postgres, para desactivar posibles conexiones de usuarios. -stop postgres
[23/02/2026 22:58:34,49] [APP] global_routines timeout_start 10 1
[23/02/2026 22:58:44,22] [INS] [2.-] Activar el servicio de postgres. - start postgres
[23/02/2026 22:58:44,83] [APP] global_routines timeout_start 10 1
[23/02/2026 22:58:54,23] [INS] [3.-] Realizar copia de seguridad de los datos y base de datos. tryton
[23/02/2026 22:58:54,34] [APP] backup [INS]
[23/02/2026 22:58:54,89] [INS] [1/3] Ejecutando volcado de Base de Datos (Sql) tryton-postgres-1 - Ruta tryton:/var/lib/trytond/db a D:\ERP\tryton\TryDockCmd\backup\tryton_2026-02-23_22-58\tryton_db_data.sql.
[23/02/2026 22:58:55,42] [APP] global_routines timeout_start 10 1
[23/02/2026 22:59:05,30] [INS] El fichero de base de datos D:\ERP\tryton\TryDockCmd\backup\tryton_2026-02-23_22-58\tryton_db_data.sql tiene registros: (612075 bytes)
[23/02/2026 22:59:05,39] [INS] [2/3] Copiando archivos persistentes de: tryton-server-1 Ruta tryton:/var/lib/trytond/ a D:\ERP\tryton\TryDockCmd\backup\tryton_2026-02-23_22-58
[23/02/2026 22:59:08,21] [APP] global_routines timeout_start 10 1
[23/02/2026 22:59:18,25] [INS] Completado el backup, comprimirá la carpeta temporal D:\ERP\tryton\TryDockCmd\backup\tryton_2026-02-23_22-58 en un fichero zip. Fichero: tryton_2026-02-23_22-58.zip
[23/02/2026 22:59:26,23] [APP] global_routines timeout_start 10 1
[23/02/2026 22:59:36,26] [OK] Backup completado en: D:\ERP\tryton\TryDockCmd\backup\tryton_2026-02-23_22-58
[23/02/2026 22:59:36,34] [OK] Se ha creado el fichero: D:\ERP\tryton\TryDockCmd\backup\tryton_2026-02-23_22-58.zip
[23/02/2026 22:59:36,45] [APP] global_routines timeout_start 10 1
[23/02/2026 22:59:46,98] [INS] La carpeta temporal D:\ERP\tryton\TryDockCmd\backup\tryton_2026-02-23_22-58 se ha eliminado.
[23/02/2026 22:59:47,10] [APP] global_routines timeout_start 10 1
[23/02/2026 22:59:57,29] [INS] [4.-] Eliminar la base de datos tryton
[23/02/2026 22:59:57,88] [APP] global_routines timeout_start 10 1
[23/02/2026 23:00:07,20] [INS] [5.-] Crear la base de datos tryton
[23/02/2026 23:00:07,74] [APP] global_routines timeout_start 10 1
[23/02/2026 23:00:17,27] [INS] [6.-] Comprobar conexión a la base de datos tryton
[23/02/2026 23:00:17,70] [APP] global_routines timeout_start 10 1
[23/02/2026 23:00:27,24] [INS] [7.-] Instalar los módulos base con el flags -u --email -vv
[23/02/2026 23:00:27,32] [INS]  [1/8] ESTRUCTURA MINIMA: Núcleo Tryton (country, currency, company, party, bank)
[23/02/2026 23:00:41,97] [APP] global_routines timeout_start 10 1
[23/02/2026 23:00:51,28] [INS]  [2/8] PRODUCTOS: Producto y Stock (product, stock)
[23/02/2026 23:01:00,80] [APP] global_routines timeout_start 10 1
[23/02/2026 23:01:10,22] [INS]  [3/8] CONTABILIDAD BASE: Motor contable y facturación (account, account_eu, account_product, account_invoice, account_invoice_stock, account_payment, account_statement)
[23/02/2026 23:01:26,31] [APP] global_routines timeout_start 10 1
[23/02/2026 23:01:36,24] [INS]  [4/8] COMPRA/VENTA: Ciclo comercial (sale, purchase)
[23/02/2026 23:01:44,85] [APP] global_routines timeout_start 10 1
[23/02/2026 23:01:54,25] [INS]  [5/8] LOGISTICA AVANZADA: Lotes y Atributos (stock_supply, purchase_request)
[23/02/2026 23:01:58,56] [APP] global_routines timeout_start 10 1
[23/02/2026 23:02:08,30] [INS]  [6/8] PLANIFICACION: Reposicion de stock (product_image, product_attribute, product_measurements, product_price_list, stock_lot)
[23/02/2026 23:02:14,00] [APP] global_routines timeout_start 10 1
[23/02/2026 23:02:24,29] [INS]  [7/8] PRODUCCION (MRP): Fabricacion base (production, production_routing, production_work, stock_supply_production, project, timesheet, company_work_time, carrier, stock_shipment_cost, sale_shipment_cost, incoterm)
[23/02/2026 23:02:34,43] [APP] global_routines timeout_start 10 1
[23/02/2026 23:02:44,27] [INS]  [8/8] CIERRE Y DASHBOARDS: Módulos finales y dashboards (dashboard, marketing, party_relationship, party_avatar)
[23/02/2026 23:02:48,86] [APP] global_routines timeout_start 10 1
[23/02/2026 23:02:58,27] [INS] [7.1.-] Actualizar la lista de módulos en base de datos (--update-modules-list)
[23/02/2026 23:03:01,12] [APP] global_routines timeout_start 10 1
[23/02/2026 23:03:11,25] [INS] [8.-]  [1/1] CONTABILIDAD: Instalando módulos legislación Española (account_es, account_statement_sepa, account_statement_aeb43)
[23/02/2026 23:03:11,38] [APP] install.header [INS] [install_language] [LANG]
[23/02/2026 23:03:11,46] [CHECK] Se leen todos los módulos del fichero .env y se graban en memoria.
[23/02/2026 23:03:11,57] [INS] Módulos de lenguajes (es,fr,de) para la base de datos (tryton)
[23/02/2026 23:03:11,66] [INS] Actualizar la lista de módulos en base de datos (--update-modules-list)
[23/02/2026 23:03:14,60] [APP] global_routines timeout_start 10 
[23/02/2026 23:03:24,23] [INS] Lenguaje a instalar: -l CODE es
[23/02/2026 23:03:27,00] [APP] global_routines timeout_start 10 
[23/02/2026 23:03:37,27] [INS]  [1/1] CONTABILIDAD: Instalando módulos legislación Española (account_es, account_statement_sepa, account_statement_aeb43)
[23/02/2026 23:03:47,07] [APP] global_routines timeout_start 10 
[23/02/2026 23:03:57,26] [INS] [9.-] Actualizar la lista de módulos en base de datos (--update-modules-list)
[23/02/2026 23:04:00,08] [APP] global_routines timeout_start 10 1
[23/02/2026 23:04:10,25] [INS] [10.-] Verificar y comprobar que todos los módulos están activated
[23/02/2026 23:04:10,64] [APP] global_routines timeout_start 10 1
[23/02/2026 23:04:20,30] [APP] install_reports [9] - [[INS]] - Verificar y comprobar que todos los módulos están activated - [D:\ERP\tryton\TryDockCmd\tmp\trytond_activ.txt]
[23/02/2026 23:04:20,39] [CHECK] Se leen todos los módulos del fichero .env y se graban en memoria.
[23/02/2026 23:04:20,51] [INS] Verificar y comprobar que todos los módulos están activated
[23/02/2026 23:04:20,63] [APP] global_routines fill_in_field [MENU] Comparando módulos: [1/8] ESTRUCTURA MINIMA: Núcleo Tryton (country, currency, company, party, bank)
[23/02/2026 23:04:21,02] [INFO] Mensaje [OK] Módulo country
[23/02/2026 23:04:21,10] [INFO] Mensaje [OK] Módulo currency
[23/02/2026 23:04:21,19] [INFO] Mensaje [OK] Módulo company
[23/02/2026 23:04:21,27] [INFO] Mensaje [OK] Módulo party
[23/02/2026 23:04:21,35] [INFO] Mensaje [OK] Módulo bank
[23/02/2026 23:04:21,45] [APP] global_routines fill_in_field [MENU] Comparando módulos: [2/8] PRODUCTOS: Producto y Stock (product, stock)
[23/02/2026 23:04:21,80] [INFO] Mensaje [OK] Módulo product
[23/02/2026 23:04:21,89] [INFO] Mensaje [OK] Módulo stock
[23/02/2026 23:04:22,01] [APP] global_routines fill_in_field [MENU] Comparando módulos: [3/8] CONTABILIDAD BASE: Motor contable y facturación (account, account_eu, account_product, account_invoice, account_invoice_stock, account_payment, account_statement)
[23/02/2026 23:04:22,49] [INFO] Mensaje [OK] Módulo account
[23/02/2026 23:04:22,57] [INFO] Mensaje [OK] Módulo account_eu
[23/02/2026 23:04:22,65] [INFO] Mensaje [OK] Módulo account_product
[23/02/2026 23:04:22,73] [INFO] Mensaje [OK] Módulo account_invoice
[23/02/2026 23:04:22,82] [INFO] Mensaje [OK] Módulo account_invoice_stock
[23/02/2026 23:04:22,93] [INFO] Mensaje [OK] Módulo account_payment
[23/02/2026 23:04:23,01] [INFO] Mensaje [OK] Módulo account_statement
[23/02/2026 23:04:23,12] [APP] global_routines fill_in_field [MENU] Comparando módulos: [4/8] COMPRA/VENTA: Ciclo comercial (sale, purchase)
[23/02/2026 23:04:23,47] [INFO] Mensaje [OK] Módulo sale
[23/02/2026 23:04:23,54] [INFO] Mensaje [OK] Módulo purchase
[23/02/2026 23:04:23,65] [APP] global_routines fill_in_field [MENU] Comparando módulos: [5/8] LOGISTICA AVANZADA: Lotes y Atributos (stock_supply, purchase_request)
[23/02/2026 23:04:24,02] [INFO] Mensaje [OK] Módulo stock_supply
[23/02/2026 23:04:24,11] [INFO] Mensaje [OK] Módulo purchase_request
[23/02/2026 23:04:24,23] [APP] global_routines fill_in_field [MENU] Comparando módulos: [6/8] PLANIFICACION: Reposicion de stock (product_image, product_attribute, product_measurements, product_price_list, stock_lot)
[23/02/2026 23:04:24,68] [INFO] Mensaje [OK] Módulo product_image
[23/02/2026 23:04:24,76] [INFO] Mensaje [OK] Módulo product_attribute
[23/02/2026 23:04:24,84] [INFO] Mensaje [OK] Módulo product_measurements
[23/02/2026 23:04:24,91] [INFO] Mensaje [OK] Módulo product_price_list
[23/02/2026 23:04:24,99] [INFO] Mensaje [OK] Módulo stock_lot
[23/02/2026 23:04:25,10] [APP] global_routines fill_in_field [MENU] Comparando módulos: [7/8] PRODUCCION (MRP): Fabricacion base (production, production_routing, production_work, stock_supply_production, project, timesheet, company_work_time, carrier, stock_shipment_cost, sale_shipment_cost, incoterm)
[23/02/2026 23:04:25,64] [INFO] Mensaje [OK] Módulo production
[23/02/2026 23:04:25,72] [INFO] Mensaje [OK] Módulo production_routing
[23/02/2026 23:04:25,80] [INFO] Mensaje [OK] Módulo production_work
[23/02/2026 23:04:25,87] [INFO] Mensaje [OK] Módulo stock_supply_production
[23/02/2026 23:04:25,95] [INFO] Mensaje [OK] Módulo project
[23/02/2026 23:04:26,03] [INFO] Mensaje [OK] Módulo timesheet
[23/02/2026 23:04:26,10] [INFO] Mensaje [OK] Módulo company_work_time
[23/02/2026 23:04:26,18] [INFO] Mensaje [OK] Módulo carrier
[23/02/2026 23:04:26,25] [INFO] Mensaje [OK] Módulo stock_shipment_cost
[23/02/2026 23:04:26,33] [INFO] Mensaje [OK] Módulo sale_shipment_cost
[23/02/2026 23:04:26,41] [INFO] Mensaje [OK] Módulo incoterm
[23/02/2026 23:04:26,52] [APP] global_routines fill_in_field [MENU] Comparando módulos: [8/8] CIERRE Y DASHBOARDS: Módulos finales y dashboards (dashboard, marketing, party_relationship, party_avatar)
[23/02/2026 23:04:26,93] [INFO] Mensaje [OK] Módulo dashboard
[23/02/2026 23:04:27,01] [INFO] Mensaje [OK] Módulo marketing
[23/02/2026 23:04:27,09] [INFO] Mensaje [OK] Módulo party_relationship
[23/02/2026 23:04:27,18] [INFO] Mensaje [OK] Módulo party_avatar
[23/02/2026 23:04:27,30] [APP] global_routines fill_in_field [MENU] Comparando módulos: [1/1] CONTABILIDAD: Instalando módulos legislación Española (account_es, account_statement_sepa, account_statement_aeb43)
[23/02/2026 23:04:27,73] [INFO] Mensaje [OK] Módulo account_es
[23/02/2026 23:04:27,80] [INFO] Mensaje [OK] Módulo account_statement_sepa
[23/02/2026 23:04:27,88] [INFO] Mensaje [OK] Módulo account_statement_aeb43
[23/02/2026 23:04:28,09] [APP] global_routines timeout_start 10 1
[23/02/2026 23:04:38,26] [INS] [11.-] Listar los módulos instalados
[23/02/2026 23:04:38,65] [APP] global_routines timeout_start 10 1
[23/02/2026 23:04:48,29] [APP] install_reports [8] - [[INS]] - Listar los módulos instalados - [D:\ERP\tryton\TryDockCmd\tmp\trytond_modules.txt]
[23/02/2026 23:04:48,40] [CHECK] Se leen todos los módulos del fichero .env y se graban en memoria.
[23/02/2026 23:04:48,57] [INS] Listar los módulos instalados
[23/02/2026 23:04:48,66] [CHECK] | account...................................... | activated       |
[23/02/2026 23:04:48,74] [CHECK] |    +-- account_asset......................... | not activated   |
[23/02/2026 23:04:48,81] [CHECK] |    +-- account_be............................ | not activated   |
[23/02/2026 23:04:48,88] [CHECK] |    +-- account_budget........................ | not activated   |
[23/02/2026 23:04:48,96] [CHECK] |    +-- account_cash_rounding................. | not activated   |
[23/02/2026 23:04:49,03] [CHECK] |    +-- account_consolidation................. | not activated   |
[23/02/2026 23:04:49,11] [CHECK] |    +-- account_credit_limit.................. | not activated   |
[23/02/2026 23:04:49,18] [CHECK] |    +-- account_deposit....................... | not activated   |
[23/02/2026 23:04:49,25] [CHECK] |    +-- account_de_skr03...................... | not activated   |
[23/02/2026 23:04:49,33] [CHECK] |    +-- account_dunning....................... | not activated   |
[23/02/2026 23:04:49,41] [CHECK] |    +-- account_dunning_email................. | not activated   |
[23/02/2026 23:04:49,48] [CHECK] |    +-- account_dunning_fee................... | not activated   |
[23/02/2026 23:04:49,56] [CHECK] |    +-- account_dunning_letter................ | not activated   |
[23/02/2026 23:04:49,63] [CHECK] |    +-- account_es............................ | activated       |
[23/02/2026 23:04:49,71] [CHECK] |    +-- account_es_sii........................ | not activated   |
[23/02/2026 23:04:49,78] [CHECK] |    +-- account_eu............................ | activated       |
[23/02/2026 23:04:49,86] [CHECK] |    +-- account_export........................ | not activated   |
[23/02/2026 23:04:49,94] [CHECK] |    +-- account_export_winbooks............... | not activated   |
[23/02/2026 23:04:50,01] [CHECK] |    +-- account_fr............................ | not activated   |
[23/02/2026 23:04:50,09] [CHECK] |    +-- account_fr_chorus..................... | not activated   |
[23/02/2026 23:04:50,17] [CHECK] |    +-- account_invoice....................... | activated       |
[23/02/2026 23:04:50,24] [CHECK] |    +-- account_invoice_correction............ | not activated   |
[23/02/2026 23:04:50,31] [CHECK] |    +-- account_invoice_defer................. | not activated   |
[23/02/2026 23:04:50,39] [CHECK] |    +-- account_invoice_history............... | not activated   |
[23/02/2026 23:04:50,47] [CHECK] |    +-- account_invoice_line_standalone....... | not activated   |
[23/02/2026 23:04:50,54] [CHECK] |    +-- account_invoice_secondary_unit........ | not activated   |
[23/02/2026 23:04:50,62] [CHECK] |    +-- account_invoice_stock................. | activated       |
[23/02/2026 23:04:50,69] [CHECK] |    +-- account_invoice_watermark............. | not activated   |
[23/02/2026 23:04:50,77] [CHECK] |    +-- account_move_line_grouping............ | not activated   |
[23/02/2026 23:04:50,86] [CHECK] |    +-- account_payment....................... | activated       |
[23/02/2026 23:04:50,95] [CHECK] |    +-- account_payment_braintree............. | not activated   |
[23/02/2026 23:04:51,02] [CHECK] |    +-- account_payment_clearing.............. | not activated   |
[23/02/2026 23:04:51,09] [CHECK] |    +-- account_payment_sepa.................. | not activated   |
[23/02/2026 23:04:51,17] [CHECK] |    +-- account_payment_sepa_cfonb............ | not activated   |
[23/02/2026 23:04:51,25] [CHECK] |    +-- account_payment_stripe................ | not activated   |
[23/02/2026 23:04:51,33] [CHECK] |    +-- account_product....................... | activated       |
[23/02/2026 23:04:51,40] [CHECK] |    +-- account_receivable_rule............... | not activated   |
[23/02/2026 23:04:51,48] [CHECK] |    +-- account_rule.......................... | not activated   |
[23/02/2026 23:04:51,56] [CHECK] |    +-- account_statement..................... | activated       |
[23/02/2026 23:04:51,63] [CHECK] |    +-- account_statement_aeb43............... | activated       |
[23/02/2026 23:04:51,71] [CHECK] |    +-- account_statement_coda................ | not activated   |
[23/02/2026 23:04:51,79] [CHECK] |    +-- account_statement_mt940............... | not activated   |
[23/02/2026 23:04:51,87] [CHECK] |    +-- account_statement_ofx................. | not activated   |
[23/02/2026 23:04:51,96] [CHECK] |    +-- account_statement_rule................ | not activated   |
[23/02/2026 23:04:52,04] [CHECK] |    +-- account_statement_sepa................ | activated       |
[23/02/2026 23:04:52,12] [CHECK] |    +-- account_stock_anglo_saxon............. | not activated   |
[23/02/2026 23:04:52,20] [CHECK] |    +-- account_stock_continental............. | not activated   |
[23/02/2026 23:04:52,28] [CHECK] |    +-- account_stock_eu...................... | not activated   |
[23/02/2026 23:04:52,36] [CHECK] |    +-- account_stock_landed_cost............. | not activated   |
[23/02/2026 23:04:52,44] [CHECK] |    +-- account_stock_landed_cost_weight...... | not activated   |
[23/02/2026 23:04:52,51] [CHECK] |    +-- account_stock_shipment_cost........... | not activated   |
[23/02/2026 23:04:52,59] [CHECK] |    +-- account_stock_shipment_cost_weight.... | not activated   |
[23/02/2026 23:04:52,67] [CHECK] |    +-- account_syscohada..................... | not activated   |
[23/02/2026 23:04:52,75] [CHECK] |    +-- account_tax_cash...................... | not activated   |
[23/02/2026 23:04:52,82] [CHECK] |    +-- account_tax_non_deductible............ | not activated   |
[23/02/2026 23:04:52,90] [CHECK] |    +-- account_tax_rule_country.............. | not activated   |
[23/02/2026 23:04:52,99] [CHECK] | analytic_account............................. | not activated   |
[23/02/2026 23:04:53,06] [CHECK] |    +-- analytic_budget....................... | not activated   |
[23/02/2026 23:04:53,13] [CHECK] |    +-- analytic_invoice...................... | not activated   |
[23/02/2026 23:04:53,21] [CHECK] |    +-- analytic_purchase..................... | not activated   |
[23/02/2026 23:04:53,29] [CHECK] |    +-- analytic_sale......................... | not activated   |
[23/02/2026 23:04:53,37] [CHECK] | attendance................................... | not activated   |
[23/02/2026 23:04:53,44] [CHECK] | authentication_saml.......................... | not activated   |
[23/02/2026 23:04:53,52] [CHECK] |    +-- authentication_sms.................... | not activated   |
[23/02/2026 23:04:53,60] [CHECK] | bank......................................... | activated       |
[23/02/2026 23:04:53,67] [CHECK] | carrier...................................... | activated       |
[23/02/2026 23:04:53,75] [CHECK] |    +-- carrier_carriage...................... | not activated   |
[23/02/2026 23:04:53,82] [CHECK] |    +-- carrier_percentage.................... | not activated   |
[23/02/2026 23:04:53,90] [CHECK] |    +-- carrier_subdivision................... | not activated   |
[23/02/2026 23:04:53,98] [CHECK] |    +-- carrier_weight........................ | not activated   |
[23/02/2026 23:04:54,06] [CHECK] | commission................................... | not activated   |
[23/02/2026 23:04:54,13] [CHECK] |    +-- commission_waiting.................... | not activated   |
[23/02/2026 23:04:54,22] [CHECK] | company...................................... | activated       |
[23/02/2026 23:04:54,29] [CHECK] |    +-- company_work_time..................... | activated       |
[23/02/2026 23:04:54,37] [CHECK] | country...................................... | activated       |
[23/02/2026 23:04:54,45] [CHECK] | currency..................................... | activated       |
[23/02/2026 23:04:54,52] [CHECK] |    +-- currency_ro........................... | not activated   |
[23/02/2026 23:04:54,60] [CHECK] |    +-- currency_rs........................... | not activated   |
[23/02/2026 23:04:54,68] [CHECK] | customs...................................... | not activated   |
[23/02/2026 23:04:54,75] [CHECK] | dashboard.................................... | activated       |
[23/02/2026 23:04:54,83] [CHECK] | document_incoming............................ | not activated   |
[23/02/2026 23:04:54,91] [CHECK] |    +-- document_incoming_invoice............. | not activated   |
[23/02/2026 23:04:54,99] [CHECK] |    +-- document_incoming_ocr................. | not activated   |
[23/02/2026 23:04:55,07] [CHECK] |    +-- document_incoming_ocr_typless......... | not activated   |
[23/02/2026 23:04:55,15] [CHECK] | edocument_peppol............................. | not activated   |
[23/02/2026 23:04:55,22] [CHECK] |    +-- edocument_peppol_peppyrus............. | not activated   |
[23/02/2026 23:04:55,30] [CHECK] |    +-- edocument_ubl......................... | not activated   |
[23/02/2026 23:04:55,38] [CHECK] |    +-- edocument_uncefact.................... | not activated   |
[23/02/2026 23:04:55,45] [CHECK] |    +-- edocument_unece....................... | not activated   |
[23/02/2026 23:04:55,53] [CHECK] | google_maps.................................. | not activated   |
[23/02/2026 23:04:55,60] [CHECK] | inbound_email................................ | not activated   |
[23/02/2026 23:04:55,67] [CHECK] | incoterm..................................... | activated       |
[23/02/2026 23:04:55,75] [CHECK] | ir........................................... | activated       |
[23/02/2026 23:04:55,83] [CHECK] | ldap_authentication.......................... | not activated   |
[23/02/2026 23:04:55,91] [CHECK] | marketing.................................... | activated       |
[23/02/2026 23:04:55,99] [CHECK] |    +-- marketing_automation.................. | not activated   |
[23/02/2026 23:04:56,06] [CHECK] |    +-- marketing_campaign.................... | not activated   |
[23/02/2026 23:04:56,14] [CHECK] |    +-- marketing_email....................... | not activated   |
[23/02/2026 23:04:56,21] [CHECK] | notification_email........................... | not activated   |
[23/02/2026 23:04:56,29] [CHECK] | party........................................ | activated       |
[23/02/2026 23:04:56,37] [CHECK] |    +-- party_avatar.......................... | activated       |
[23/02/2026 23:04:56,44] [CHECK] |    +-- party_relationship.................... | activated       |
[23/02/2026 23:04:56,52] [CHECK] |    +-- party_siret........................... | not activated   |
[23/02/2026 23:04:56,59] [CHECK] | product...................................... | activated       |
[23/02/2026 23:04:56,67] [CHECK] |    +-- product_attribute..................... | activated       |
[23/02/2026 23:04:56,74] [CHECK] |    +-- product_classification................ | not activated   |
[23/02/2026 23:04:56,82] [CHECK] |    +-- product_classification_taxonomic...... | not activated   |
[23/02/2026 23:04:56,90] [CHECK] |    +-- product_cost_fifo..................... | not activated   |
[23/02/2026 23:04:56,98] [CHECK] |    +-- product_cost_history.................. | not activated   |
[23/02/2026 23:04:57,05] [CHECK] |    +-- product_cost_warehouse................ | not activated   |
[23/02/2026 23:04:57,12] [CHECK] |    +-- product_image......................... | activated       |
[23/02/2026 23:04:57,20] [CHECK] |    +-- product_image_attribute............... | not activated   |
[23/02/2026 23:04:57,28] [CHECK] | production................................... | activated       |
[23/02/2026 23:04:57,37] [CHECK] |    +-- production_outsourcing................ | not activated   |
[23/02/2026 23:04:57,45] [CHECK] |    +-- production_routing.................... | activated       |
[23/02/2026 23:04:57,53] [CHECK] |    +-- production_split...................... | not activated   |
[23/02/2026 23:04:57,60] [CHECK] |    +-- production_work....................... | activated       |
[23/02/2026 23:04:57,67] [CHECK] |    +-- production_work_timesheet............. | not activated   |
[23/02/2026 23:04:57,75] [CHECK] | product_kit.................................. | not activated   |
[23/02/2026 23:04:57,82] [CHECK] |    +-- product_measurements.................. | activated       |
[23/02/2026 23:04:57,90] [CHECK] |    +-- product_price_list.................... | activated       |
[23/02/2026 23:04:57,97] [CHECK] |    +-- product_price_list_cache.............. | not activated   |
[23/02/2026 23:04:58,05] [CHECK] |    +-- product_price_list_dates.............. | not activated   |
[23/02/2026 23:04:58,13] [CHECK] |    +-- product_price_list_parent............. | not activated   |
[23/02/2026 23:04:58,20] [CHECK] | project...................................... | activated       |
[23/02/2026 23:04:58,27] [CHECK] |    +-- project_invoice....................... | not activated   |
[23/02/2026 23:04:58,35] [CHECK] |    +-- project_plan.......................... | not activated   |
[23/02/2026 23:04:58,43] [CHECK] |    +-- project_revenue....................... | not activated   |
[23/02/2026 23:04:58,50] [CHECK] | purchase..................................... | activated       |
[23/02/2026 23:04:58,58] [CHECK] |    +-- purchase_amendment.................... | not activated   |
[23/02/2026 23:04:58,65] [CHECK] |    +-- purchase_blanket_agreement............ | not activated   |
[23/02/2026 23:04:58,72] [CHECK] |    +-- purchase_history...................... | not activated   |
[23/02/2026 23:04:58,80] [CHECK] |    +-- purchase_invoice_line_standalone...... | not activated   |
[23/02/2026 23:04:58,88] [CHECK] |    +-- purchase_price_list................... | not activated   |
[23/02/2026 23:04:58,96] [CHECK] |    +-- purchase_product_quantity............. | not activated   |
[23/02/2026 23:04:59,04] [CHECK] |    +-- purchase_request...................... | activated       |
[23/02/2026 23:04:59,12] [CHECK] |    +-- purchase_request_quotation............ | not activated   |
[23/02/2026 23:04:59,19] [CHECK] |    +-- purchase_requisition.................. | not activated   |
[23/02/2026 23:04:59,27] [CHECK] |    +-- purchase_secondary_unit............... | not activated   |
[23/02/2026 23:04:59,35] [CHECK] |    +-- purchase_shipment_cost................ | not activated   |
[23/02/2026 23:04:59,43] [CHECK] | quality...................................... | not activated   |
[23/02/2026 23:04:59,51] [CHECK] | res.......................................... | activated       |
[23/02/2026 23:04:59,59] [CHECK] | sale......................................... | activated       |
[23/02/2026 23:04:59,66] [CHECK] |    +-- sale_advance_payment.................. | not activated   |
[23/02/2026 23:04:59,73] [CHECK] |    +-- sale_amendment........................ | not activated   |
[23/02/2026 23:04:59,81] [CHECK] |    +-- sale_blanket_agreement................ | not activated   |
[23/02/2026 23:04:59,88] [CHECK] |    +-- sale_complaint........................ | not activated   |
[23/02/2026 23:04:59,96] [CHECK] |    +-- sale_credit_limit..................... | not activated   |
[23/02/2026 23:05:00,03] [CHECK] |    +-- sale_discount......................... | not activated   |
[23/02/2026 23:05:00,11] [CHECK] |    +-- sale_extra............................ | not activated   |
[23/02/2026 23:05:00,19] [CHECK] |    +-- sale_gift_card........................ | not activated   |
[23/02/2026 23:05:00,27] [CHECK] |    +-- sale_history.......................... | not activated   |
[23/02/2026 23:05:00,34] [CHECK] |    +-- sale_invoice_date..................... | not activated   |
[23/02/2026 23:05:00,42] [CHECK] |    +-- sale_invoice_grouping................. | not activated   |
[23/02/2026 23:05:00,49] [CHECK] |    +-- sale_opportunity...................... | not activated   |
[23/02/2026 23:05:00,57] [CHECK] |    +-- sale_payment.......................... | not activated   |
[23/02/2026 23:05:00,64] [CHECK] |    +-- sale_point............................ | not activated   |
[23/02/2026 23:05:00,72] [CHECK] |    +-- sale_price_list....................... | not activated   |
[23/02/2026 23:05:00,79] [CHECK] |    +-- sale_product_customer................. | not activated   |
[23/02/2026 23:05:00,87] [CHECK] |    +-- sale_product_quantity................. | not activated   |
[23/02/2026 23:05:00,95] [CHECK] |    +-- sale_product_recommendation........... | not activated   |
[23/02/2026 23:05:01,02] [CHECK] |    +-- sale_product_recommendation_associatio | not activated   |
[23/02/2026 23:05:01,09] [CHECK] |    +-- sale_promotion........................ | not activated   |
[23/02/2026 23:05:01,17] [CHECK] |    +-- sale_promotion_coupon................. | not activated   |
[23/02/2026 23:05:01,25] [CHECK] |    +-- sale_promotion_coupon_payment......... | not activated   |
[23/02/2026 23:05:01,32] [CHECK] |    +-- sale_rental........................... | not activated   |
[23/02/2026 23:05:01,40] [CHECK] |    +-- sale_rental_progress_invoice.......... | not activated   |
[23/02/2026 23:05:01,47] [CHECK] |    +-- sale_secondary_unit................... | not activated   |
[23/02/2026 23:05:01,55] [CHECK] |    +-- sale_shipment_cost.................... | activated       |
[23/02/2026 23:05:01,62] [CHECK] |    +-- sale_shipment_grouping................ | not activated   |
[23/02/2026 23:05:01,71] [CHECK] |    +-- sale_shipment_tolerance............... | not activated   |
[23/02/2026 23:05:01,78] [CHECK] |    +-- sale_stock_quantity................... | not activated   |
[23/02/2026 23:05:01,86] [CHECK] |    +-- sale_subscription..................... | not activated   |
[23/02/2026 23:05:01,96] [CHECK] |    +-- sale_subscription_asset............... | not activated   |
[23/02/2026 23:05:02,03] [CHECK] |    +-- sale_supply........................... | not activated   |
[23/02/2026 23:05:02,11] [CHECK] |    +-- sale_supply_drop_shipment............. | not activated   |
[23/02/2026 23:05:02,18] [CHECK] |    +-- sale_supply_production................ | not activated   |
[23/02/2026 23:05:02,26] [CHECK] | stock........................................ | activated       |
[23/02/2026 23:05:02,34] [CHECK] |    +-- stock_assign_manual................... | not activated   |
[23/02/2026 23:05:02,42] [CHECK] |    +-- stock_consignment..................... | not activated   |
[23/02/2026 23:05:02,49] [CHECK] |    +-- stock_forecast........................ | not activated   |
[23/02/2026 23:05:02,57] [CHECK] |    +-- stock_inventory_location.............. | not activated   |
[23/02/2026 23:05:02,65] [CHECK] |    +-- stock_location_move................... | not activated   |
[23/02/2026 23:05:02,73] [CHECK] |    +-- stock_location_sequence............... | not activated   |
[23/02/2026 23:05:02,80] [CHECK] |    +-- stock_lot............................. | activated       |
[23/02/2026 23:05:02,88] [CHECK] |    +-- stock_lot_sled........................ | not activated   |
[23/02/2026 23:05:02,96] [CHECK] |    +-- stock_lot_unit........................ | not activated   |
[23/02/2026 23:05:03,04] [CHECK] |    +-- stock_package......................... | not activated   |
[23/02/2026 23:05:03,11] [CHECK] |    +-- stock_package_shipping................ | not activated   |
[23/02/2026 23:05:03,19] [CHECK] |    +-- stock_package_shipping_dpd............ | not activated   |
[23/02/2026 23:05:03,27] [CHECK] |    +-- stock_package_shipping_mygls.......... | not activated   |
[23/02/2026 23:05:03,34] [CHECK] |    +-- stock_package_shipping_sendcloud...... | not activated   |
[23/02/2026 23:05:03,42] [CHECK] |    +-- stock_package_shipping_ups............ | not activated   |
[23/02/2026 23:05:03,49] [CHECK] |    +-- stock_product_location................ | not activated   |
[23/02/2026 23:05:03,57] [CHECK] |    +-- stock_product_location_place.......... | not activated   |
[23/02/2026 23:05:03,64] [CHECK] |    +-- stock_quantity_early_planning......... | not activated   |
[23/02/2026 23:05:03,72] [CHECK] |    +-- stock_quantity_issue.................. | not activated   |
[23/02/2026 23:05:03,80] [CHECK] |    +-- stock_secondary_unit.................. | not activated   |
[23/02/2026 23:05:03,89] [CHECK] |    +-- stock_shipment_cost................... | activated       |
[23/02/2026 23:05:04,00] [CHECK] |    +-- stock_shipment_cost_weight............ | not activated   |
[23/02/2026 23:05:04,08] [CHECK] |    +-- stock_shipment_customs................ | not activated   |
[23/02/2026 23:05:04,16] [CHECK] |    +-- stock_shipment_measurements........... | not activated   |
[23/02/2026 23:05:04,24] [CHECK] |    +-- stock_shipping_point.................. | not activated   |
[23/02/2026 23:05:04,32] [CHECK] |    +-- stock_split........................... | not activated   |
[23/02/2026 23:05:04,40] [CHECK] |    +-- stock_supply.......................... | activated       |
[23/02/2026 23:05:04,47] [CHECK] |    +-- stock_supply_day...................... | not activated   |
[23/02/2026 23:05:04,55] [CHECK] |    +-- stock_supply_forecast................. | not activated   |
[23/02/2026 23:05:04,63] [CHECK] |    +-- stock_supply_production............... | activated       |
[23/02/2026 23:05:04,71] [CHECK] | timesheet.................................... | activated       |
[23/02/2026 23:05:04,78] [CHECK] |    +-- timesheet_cost........................ | not activated   |
[23/02/2026 23:05:04,86] [CHECK] | user_role.................................... | not activated   |
[23/02/2026 23:05:04,93] [CHECK] | web_shop..................................... | not activated   |
[23/02/2026 23:05:05,01] [CHECK] |    +-- web_shop_product_data_feed............ | not activated   |
[23/02/2026 23:05:05,09] [CHECK] |    +-- web_shop_shopify...................... | not activated   |
[23/02/2026 23:05:05,16] [CHECK] |    +-- web_shop_vue_storefront............... | not activated   |
[23/02/2026 23:05:05,24] [CHECK] |    +-- web_shop_vue_storefront_stripe........ | not activated   |
[23/02/2026 23:05:05,33] [CHECK] |    +-- web_shortener......................... | not activated   |
[23/02/2026 23:05:05,40] [CHECK] |    +-- web_user.............................. | not activated   |
[23/02/2026 23:05:05,62] [APP] global_routines timeout_start 10 1
[23/02/2026 23:05:15,24] [INS] [12.-] Comprobar la incorporación de todos los ficheros xml (Estructura y Datos) de cada uno de los módulos con el servidor,
[23/02/2026 23:05:15,37] [APP] install_reports [7] - [[INS]] - Listar los módulos instalados - [D:\ERP\tryton\TryDockCmd\tmp\trytond_xml.txt]
[23/02/2026 23:05:15,47] [CHECK] Se leen todos los módulos del fichero .env y se graban en memoria.
[23/02/2026 23:05:16,08] [CHECK] ir.xml                              DATOS
[23/02/2026 23:05:16,64] [CHECK] ui/ui.xml                           DATOS
[23/02/2026 23:05:17,18] [CHECK] ui/icon.xml                         ESTRUCTURA
[23/02/2026 23:05:17,73] [CHECK] ui/menu.xml                         ESTRUCTURA
[23/02/2026 23:05:18,29] [CHECK] ui/view.xml                         ESTRUCTURA
[23/02/2026 23:05:18,83] [CHECK] action.xml                          ESTRUCTURA
[23/02/2026 23:05:19,37] [CHECK] model.xml                           ESTRUCTURA
[23/02/2026 23:05:19,93] [CHECK] sequence.xml                        ESTRUCTURA
[23/02/2026 23:05:20,49] [CHECK] attachment.xml                      ESTRUCTURA
[23/02/2026 23:05:21,02] [CHECK] note.xml                            ESTRUCTURA
[23/02/2026 23:05:21,58] [CHECK] cron.xml                            ESTRUCTURA
[23/02/2026 23:05:22,19] [CHECK] lang.xml                            ESTRUCTURA
[23/02/2026 23:05:22,73] [CHECK] translation.xml                     ESTRUCTURA
[23/02/2026 23:05:23,29] [CHECK] export.xml                          ESTRUCTURA
[23/02/2026 23:05:23,83] [CHECK] rule.xml                            ESTRUCTURA
[23/02/2026 23:05:24,41] [CHECK] module.xml                          ESTRUCTURA
[23/02/2026 23:05:24,95] [CHECK] trigger.xml                         ESTRUCTURA
[23/02/2026 23:05:25,48] [CHECK] calendar_.xml                       DATOS
[23/02/2026 23:05:26,02] [CHECK] message.xml                         ESTRUCTURA
[23/02/2026 23:05:26,56] [CHECK] queue.xml                           DATOS
[23/02/2026 23:05:27,10] [CHECK] email.xml                           ESTRUCTURA
[23/02/2026 23:05:27,65] [CHECK] error.xml                           ESTRUCTURA
[23/02/2026 23:05:28,20] [CHECK] res.xml                             DATOS
[23/02/2026 23:05:28,78] [CHECK] group.xml                           ESTRUCTURA
[23/02/2026 23:05:29,31] [CHECK] user.xml                            ESTRUCTURA
[23/02/2026 23:05:29,86] [CHECK] notification.xml                    ESTRUCTURA
[23/02/2026 23:05:30,41] [CHECK] message.xml                         DATOS
[23/02/2026 23:05:30,97] [CHECK] country.xml                         ESTRUCTURA
[23/02/2026 23:05:31,53] [CHECK] organization.xml                    DATOS
[23/02/2026 23:05:32,10] [CHECK] region.xml                          DATOS
[23/02/2026 23:05:32,67] [CHECK] currency.xml                        ESTRUCTURA
[23/02/2026 23:05:33,21] [CHECK] message.xml                         DATOS
[23/02/2026 23:05:33,77] [CHECK] party.xml                           ESTRUCTURA
[23/02/2026 23:05:34,32] [CHECK] category.xml                        ESTRUCTURA
[23/02/2026 23:05:34,85] [CHECK] address.xml                         ESTRUCTURA
[23/02/2026 23:05:35,43] [CHECK] contact_mechanism.xml               ESTRUCTURA
[23/02/2026 23:05:35,98] [CHECK] configuration.xml                   ESTRUCTURA
[23/02/2026 23:05:36,51] [CHECK] ir.xml                              ESTRUCTURA
[23/02/2026 23:05:37,10] [CHECK] message.xml                         DATOS
[23/02/2026 23:05:37,64] [CHECK] bank.xml                            ESTRUCTURA
[23/02/2026 23:05:38,19] [CHECK] party.xml                           ESTRUCTURA
[23/02/2026 23:05:38,72] [CHECK] message.xml                         DATOS
[23/02/2026 23:05:39,25] [CHECK] company.xml                         ESTRUCTURA
[23/02/2026 23:05:39,83] [CHECK] ir.xml                              ESTRUCTURA
[23/02/2026 23:05:40,37] [CHECK] message.xml                         DATOS
[23/02/2026 23:05:40,92] [CHECK] product.xml                         ESTRUCTURA
[23/02/2026 23:05:41,47] [CHECK] category.xml                        ESTRUCTURA
[23/02/2026 23:05:42,11] [CHECK] uom.xml                             ESTRUCTURA
[23/02/2026 23:05:42,76] [CHECK] configuration.xml                   ESTRUCTURA
[23/02/2026 23:05:43,54] [CHECK] message.xml                         DATOS
[23/02/2026 23:05:44,09] [CHECK] stock.xml                           DATOS
[23/02/2026 23:05:44,76] [CHECK] product.xml                         ESTRUCTURA
[23/02/2026 23:05:45,39] [CHECK] location.xml                        ESTRUCTURA
[23/02/2026 23:05:45,95] [CHECK] shipment.xml                        ESTRUCTURA
[23/02/2026 23:05:46,64] [CHECK] move.xml                            ESTRUCTURA
[23/02/2026 23:05:47,21] [CHECK] inventory.xml                       ESTRUCTURA
[23/02/2026 23:05:47,77] [CHECK] party.xml                           ESTRUCTURA
[23/02/2026 23:05:48,30] [CHECK] configuration.xml                   ESTRUCTURA
[23/02/2026 23:05:48,87] [CHECK] period.xml                          ESTRUCTURA
[23/02/2026 23:05:49,42] [CHECK] message.xml                         DATOS
[23/02/2026 23:05:49,97] [CHECK] res.xml                             ESTRUCTURA
[23/02/2026 23:05:50,52] [CHECK] stock_reporting.xml                 ESTRUCTURA
[23/02/2026 23:05:51,08] [CHECK] stock_reporting_margin.xml          ESTRUCTURA
[23/02/2026 23:05:51,61] [CHECK] account.xml                         ESTRUCTURA
[23/02/2026 23:05:52,20] [CHECK] configuration.xml                   ESTRUCTURA
[23/02/2026 23:05:52,73] [CHECK] company.xml                         ESTRUCTURA
[23/02/2026 23:05:53,30] [CHECK] fiscalyear.xml                      ESTRUCTURA
[23/02/2026 23:05:53,83] [CHECK] period.xml                          ESTRUCTURA
[23/02/2026 23:05:54,42] [CHECK] journal.xml                         ESTRUCTURA
[23/02/2026 23:05:54,97] [CHECK] move.xml                            ESTRUCTURA
[23/02/2026 23:05:55,60] [CHECK] move_template.xml                   ESTRUCTURA
[23/02/2026 23:05:56,16] [CHECK] tax.xml                             ESTRUCTURA
[23/02/2026 23:05:56,70] [CHECK] party.xml                           ESTRUCTURA
[23/02/2026 23:05:57,24] [CHECK] account_chart_de.xml                DATOS
[23/02/2026 23:05:57,79] [CHECK] account_chart_en.xml                DATOS
[23/02/2026 23:05:58,33] [CHECK] account_chart_es.xml                DATOS
[23/02/2026 23:05:58,87] [CHECK] account_chart_fr.xml                DATOS
[23/02/2026 23:05:59,42] [CHECK] message.xml                         DATOS
[23/02/2026 23:05:59,99] [CHECK] account.xml                         ESTRUCTURA
[23/02/2026 23:06:00,56] [CHECK] product.xml                         ESTRUCTURA
[23/02/2026 23:06:01,11] [CHECK] configuration.xml                   ESTRUCTURA
[23/02/2026 23:06:01,67] [CHECK] message.xml                         DATOS
[23/02/2026 23:06:02,28] [CHECK] analytic_account.xml                ESTRUCTURA
[23/02/2026 23:06:02,84] [CHECK] invoice.xml                         ESTRUCTURA
[23/02/2026 23:06:03,41] [CHECK] payment_term.xml                    ESTRUCTURA
[23/02/2026 23:06:03,99] [CHECK] party.xml                           ESTRUCTURA
[23/02/2026 23:06:04,60] [CHECK] account.xml                         ESTRUCTURA
[23/02/2026 23:06:05,17] [CHECK] company.xml                         ESTRUCTURA
[23/02/2026 23:06:05,71] [CHECK] message.xml                         DATOS
[23/02/2026 23:06:06,28] [CHECK] account.xml                         ESTRUCTURA
[23/02/2026 23:06:06,81] [CHECK] account.xml                         ESTRUCTURA
[23/02/2026 23:06:07,35] [CHECK] stock.xml                           ESTRUCTURA
[23/02/2026 23:06:07,93] [CHECK] account.xml                         DATOS
[23/02/2026 23:06:08,49] [CHECK] statement.xml                       ESTRUCTURA
[23/02/2026 23:06:09,02] [CHECK] journal.xml                         ESTRUCTURA
[23/02/2026 23:06:09,56] [CHECK] message.xml                         DATOS
[23/02/2026 23:06:10,12] [CHECK] payment.xml                         ESTRUCTURA
[23/02/2026 23:06:10,77] [CHECK] account.xml                         ESTRUCTURA
[23/02/2026 23:06:11,36] [CHECK] party.xml                           ESTRUCTURA
[23/02/2026 23:06:11,94] [CHECK] message.xml                         DATOS
[23/02/2026 23:06:12,52] [CHECK] purchase.xml                        ESTRUCTURA
[23/02/2026 23:06:13,07] [CHECK] purchase_reporting.xml              ESTRUCTURA
[23/02/2026 23:06:13,65] [CHECK] configuration.xml                   ESTRUCTURA
[23/02/2026 23:06:14,21] [CHECK] party.xml                           ESTRUCTURA
[23/02/2026 23:06:14,76] [CHECK] stock.xml                           ESTRUCTURA
[23/02/2026 23:06:15,32] [CHECK] product.xml                         ESTRUCTURA
[23/02/2026 23:06:15,87] [CHECK] invoice.xml                         ESTRUCTURA
[23/02/2026 23:06:16,42] [CHECK] message.xml                         DATOS
[23/02/2026 23:06:16,97] [CHECK] sale.xml                            ESTRUCTURA
[23/02/2026 23:06:17,55] [CHECK] configuration.xml                   ESTRUCTURA
[23/02/2026 23:06:18,11] [CHECK] sale_reporting.xml                  ESTRUCTURA
[23/02/2026 23:06:18,67] [CHECK] party.xml                           ESTRUCTURA
[23/02/2026 23:06:19,22] [CHECK] stock.xml                           ESTRUCTURA
[23/02/2026 23:06:19,81] [CHECK] product.xml                         ESTRUCTURA
[23/02/2026 23:06:20,39] [CHECK] invoice.xml                         ESTRUCTURA
[23/02/2026 23:06:20,96] [CHECK] message.xml                         DATOS
[23/02/2026 23:06:21,55] [CHECK] purchase_request.xml                ESTRUCTURA
[23/02/2026 23:06:22,14] [CHECK] purchase.xml                        ESTRUCTURA
[23/02/2026 23:06:22,76] [CHECK] message.xml                         DATOS
[23/02/2026 23:06:23,39] [CHECK] order_point.xml                     ESTRUCTURA
[23/02/2026 23:06:24,00] [CHECK] purchase_request.xml                ESTRUCTURA
[23/02/2026 23:06:24,61] [CHECK] product.xml                         ESTRUCTURA
[23/02/2026 23:06:25,15] [CHECK] location.xml                        ESTRUCTURA
[23/02/2026 23:06:25,74] [CHECK] stock.xml                           ESTRUCTURA
[23/02/2026 23:06:26,29] [CHECK] message.xml                         DATOS
[23/02/2026 23:06:26,86] [CHECK] product.xml                         ESTRUCTURA
[23/02/2026 23:06:27,37] [CHECK] message.xml                         DATOS
[23/02/2026 23:06:27,94] [CHECK] price_list.xml                      ESTRUCTURA
[23/02/2026 23:06:28,65] [CHECK] message.xml                         DATOS
[23/02/2026 23:06:29,27] [CHECK] product.xml                         ESTRUCTURA
[23/02/2026 23:06:29,85] [CHECK] ir.xml                              DATOS
[23/02/2026 23:06:30,41] [CHECK] stock.xml                           ESTRUCTURA
[23/02/2026 23:06:31,02] [CHECK] product.xml                         ESTRUCTURA
[23/02/2026 23:06:31,57] [CHECK] message.xml                         DATOS
[23/02/2026 23:06:32,15] [CHECK] product.xml                         ESTRUCTURA
[23/02/2026 23:06:32,73] [CHECK] message.xml                         DATOS
[23/02/2026 23:06:33,28] [CHECK] company.xml                         ESTRUCTURA
[23/02/2026 23:06:33,83] [CHECK] carrier.xml                         ESTRUCTURA
[23/02/2026 23:06:34,42] [CHECK] timesheet.xml                       DATOS
[23/02/2026 23:06:34,99] [CHECK] work.xml                            ESTRUCTURA
[23/02/2026 23:06:35,57] [CHECK] line.xml                            ESTRUCTURA
[23/02/2026 23:06:36,14] [CHECK] message.xml                         DATOS
[23/02/2026 23:06:36,74] [CHECK] project.xml                         DATOS
[23/02/2026 23:06:37,36] [CHECK] work.xml                            ESTRUCTURA
[23/02/2026 23:06:37,94] [CHECK] timesheet.xml                       ESTRUCTURA
[23/02/2026 23:06:38,51] [CHECK] message.xml                         DATOS
[23/02/2026 23:06:39,06] [CHECK] carrier.xml                         ESTRUCTURA
[23/02/2026 23:06:39,65] [CHECK] stock.xml                           ESTRUCTURA
[23/02/2026 23:06:40,25] [CHECK] stock_reporting_margin.xml          ESTRUCTURA
[23/02/2026 23:06:40,85] [CHECK] production.xml                      ESTRUCTURA
[23/02/2026 23:06:41,44] [CHECK] configuration.xml                   ESTRUCTURA
[23/02/2026 23:06:42,05] [CHECK] bom.xml                             ESTRUCTURA
[23/02/2026 23:06:42,59] [CHECK] product.xml                         ESTRUCTURA
[23/02/2026 23:06:43,16] [CHECK] stock.xml                           ESTRUCTURA
[23/02/2026 23:06:43,76] [CHECK] message.xml                         DATOS
[23/02/2026 23:06:44,36] [CHECK] party.xml                           ESTRUCTURA
[23/02/2026 23:06:44,93] [CHECK] sale.xml                            ESTRUCTURA
[23/02/2026 23:06:45,61] [CHECK] stock.xml                           ESTRUCTURA
[23/02/2026 23:06:46,24] [CHECK] message.xml                         DATOS
[23/02/2026 23:06:46,81] [CHECK] incoterm.xml                        ESTRUCTURA
[23/02/2026 23:06:47,37] [CHECK] company.xml                         ESTRUCTURA
[23/02/2026 23:06:48,05] [CHECK] party.xml                           ESTRUCTURA
[23/02/2026 23:06:48,69] [CHECK] carrier.xml                         ESTRUCTURA
[23/02/2026 23:06:49,24] [CHECK] purchase.xml                        ESTRUCTURA
[23/02/2026 23:06:49,82] [CHECK] sale.xml                            ESTRUCTURA
[23/02/2026 23:06:50,40] [CHECK] stock.xml                           ESTRUCTURA
[23/02/2026 23:06:50,97] [CHECK] web.xml                             ESTRUCTURA
[23/02/2026 23:06:51,51] [CHECK] message.xml                         DATOS
[23/02/2026 23:06:52,09] [CHECK] production.xml                      ESTRUCTURA
[23/02/2026 23:06:52,67] [CHECK] stock.xml                           ESTRUCTURA
[23/02/2026 23:06:53,24] [CHECK] message.xml                         DATOS
[23/02/2026 23:06:53,80] [CHECK] routing.xml                         ESTRUCTURA
[23/02/2026 23:06:54,43] [CHECK] production.xml                      ESTRUCTURA
[23/02/2026 23:06:55,12] [CHECK] product.xml                         ESTRUCTURA
[23/02/2026 23:06:55,71] [CHECK] work.xml                            ESTRUCTURA
[23/02/2026 23:06:56,27] [CHECK] routing.xml                         ESTRUCTURA
[23/02/2026 23:06:56,80] [CHECK] production.xml                      ESTRUCTURA
[23/02/2026 23:06:57,47] [CHECK] message.xml                         DATOS
[23/02/2026 23:06:58,05] [CHECK] dashboard.xml                       ESTRUCTURA
[23/02/2026 23:06:58,61] [CHECK] res.xml                             ESTRUCTURA
[23/02/2026 23:06:59,17] [CHECK] ir.xml                              ESTRUCTURA
[23/02/2026 23:06:59,72] [CHECK] marketing.xml                       DATOS
[23/02/2026 23:07:00,33] [CHECK] party.xml                           ESTRUCTURA
[23/02/2026 23:07:00,89] [CHECK] party.xml                           ESTRUCTURA
[23/02/2026 23:07:01,47] [CHECK] company.xml                         ESTRUCTURA
[23/02/2026 23:07:02,06] [CHECK] tax_groups.xml                      DATOS
[23/02/2026 23:07:02,66] [CHECK] account_normal.xml                  DATOS
[23/02/2026 23:07:03,23] [CHECK] tax_normal.xml                      DATOS
[23/02/2026 23:07:03,79] [CHECK] account_pyme.xml                    DATOS
[23/02/2026 23:07:04,35] [CHECK] tax_pyme.xml                        DATOS
[23/02/2026 23:07:04,88] [CHECK] view.xml                            ESTRUCTURA
[23/02/2026 23:07:05,48] [CHECK] reporting_tax.xml                   ESTRUCTURA
[23/02/2026 23:07:06,05] [CHECK] message.xml                         DATOS
[23/02/2026 23:07:06,62] [CHECK] party.xml                           ESTRUCTURA
[23/02/2026 23:07:07,21] [CHECK] account_payment.xml                 ESTRUCTURA
[23/02/2026 23:07:07,83] [CHECK] statement.xml                       DATOS
[23/02/2026 23:07:08,36] [CHECK] account.xml                         DATOS
[23/02/2026 23:07:08,66] [APP] global_routines timeout_start 10 1
[23/02/2026 23:07:18,28] [INS] REAL - Analizar los logs de tryton (LOGS) tryton
[23/02/2026 23:07:18,37] [APP] logger [SQL]
[23/02/2026 23:07:18,46] [SQL] Visualizando logs de tryton (líneas: 500).
[23/02/2026 23:07:18,74] [SQL] Se visualizan los logs del contenedor postgres en Docker.
[23/02/2026 23:07:19,11] [APP] global_routines timeout_start 10  1
[23/02/2026 23:07:29,24] [INS] DEMO - Instalar datos demo desde database-.dump a tryton_demo.
[23/02/2026 23:07:29,36] [APP] install.header [INS] [install_demo] [DEMO]
[23/02/2026 23:07:29,47] [APP] checkversion [APP]
[23/02/2026 23:07:29,58] [APP] startup [CHECK]
[23/02/2026 23:07:29,87] [CHECK] El contenedor de tryton-postgres-1 - Servicio: postgres está activo.
[23/02/2026 23:07:29,98] [APP] global_routines timeout_start 3 1
[23/02/2026 23:07:33,39] [CHECK] El contenedor de tryton-server-1 - Servicio: server está activo.
[23/02/2026 23:07:33,50] [APP] global_routines timeout_start 3 1
[23/02/2026 23:07:36,38] [CHECK] El contenedor de tryton-cron-1 - Servicio: cron está activo.
[23/02/2026 23:07:36,48] [APP] global_routines timeout_start 3 1
[23/02/2026 23:07:39,20] [CHECK] Se inspecciona en Docker: [tryton-server-1]
[23/02/2026 23:07:39,35] [CHECK] Buscando en el server versión Tryton. - (trytond.__version__.split('.')[:3])
[23/02/2026 23:07:39,71] [CHECK] Se ha localizado la versión Tryton en Docker: [7.8]
[23/02/2026 23:07:39,79] [CHECK] Se ha localizado la versión Tryton en Docker: [7.8.4]
[23/02/2026 23:07:39,87] [CHECK] Se inspecciona en Docker: [postgres] - [SELECT 1 FROM pg_catalog.pg_database WHERE datname='tryton]
[23/02/2026 23:07:40,20] [CHECK] Buscando en el server versión PostgreSQL. - [SELECT version()]
[23/02/2026 23:07:40,57] [CHECK] Se ha localizado la versión base de datos tryton en Docker: [PostgreSQL 18.2 (Debian 18.2-1.pgdg13+1) on x86_64-pc-linux-gnu, compiled by gcc (Debian 14.2.0-19) 14.2.0, 64-bit]
[23/02/2026 23:07:40,66] [CHECK] Se ha localizado la versión base de datos tryton en Docker: [PostgreSQL 18.2]
[23/02/2026 23:07:40,73] [CHECK] checkversion: Todos los procesos ejecutados de forma correcta.
[23/02/2026 23:07:40,82] [CHECK] Se leen todos los módulos del fichero .env y se graban en memoria.
[23/02/2026 23:07:41,20] [APP] global_routines display_file_event_all [ERROR] D:\ERP\tryton\TryDockCmd\tmp\trytond_err_demo.txt
[23/02/2026 23:07:41,29] [ERROR] Mensaje psql: error: connection to server on socket "/var/run/postgresql/.s.PGSQL.5432" failed: FATAL:  database "tryton_demo" does not exist
[23/02/2026 23:07:49,03] [INS] [1.-] Parar el servicio de postgres, para desactivar posibles conexiones de usuarios. - stop postgres
[23/02/2026 23:07:50,70] [APP] global_routines timeout_start 10 
[23/02/2026 23:08:00,22] [INS] [2.-] Activar el servicio de postgres. - start postgres
[23/02/2026 23:08:00,77] [APP] global_routines timeout_start 10 
[23/02/2026 23:08:10,30] [INS] [4.-] Eliminar la base de datos tryton_demo
[23/02/2026 23:08:10,74] [APP] global_routines timeout_start 10 
[23/02/2026 23:08:20,26] [INS] [5.-] Crear la base de datos tryton_demo
[23/02/2026 23:08:20,79] [APP] global_routines timeout_start 10 
[23/02/2026 23:08:30,23] [INS] [6.-] Comprobar conexión a la base de datos tryton_demo
[23/02/2026 23:08:30,66] [APP] global_routines timeout_start 10 1
[23/02/2026 23:08:40,30] [INS] [7.-] Importar con curl en https://www.tryton.org/~demo/database-VERSION.dump inyectando a https://www.tryton.org/~demo/database-7.8.dump
[23/02/2026 23:08:40,37] [INS] Existe el fichero database-7.8.dump en la ruta D:\ERP\tryton\TryDockCmd\sql
[23/02/2026 23:08:40,46] [INS] [+] Inyectando en la base de datos tryton_demo
[23/02/2026 23:08:48,96] [APP] global_routines timeout_start 10 
[23/02/2026 23:08:58,26] [INS] [8.-] Desactivar el módulo authentication_none, por no tener el modulo en la imagen de docker.
[23/02/2026 23:08:58,66] [APP] global_routines timeout_start 10 1
[23/02/2026 23:09:08,28] [INS] [9.-] Actualizar la lista de módulos en base de datos (--update-modules-list)
[23/02/2026 23:09:11,09] [APP] global_routines timeout_start 10 1
[23/02/2026 23:09:21,24] [INS] [10.-] Verificar y comprobar que todos los módulos están activated
[23/02/2026 23:09:21,64] [APP] global_routines timeout_start 10 1
[23/02/2026 23:09:31,30] [APP] install_reports [6] - [[MENU]] - Verificar y comprobar que todos los módulos están activated - [D:\ERP\tryton\TryDockCmd\tmp\trytond_activ_demo.txt]
[23/02/2026 23:09:31,40] [CHECK] Se leen todos los módulos del fichero .env y se graban en memoria.
[23/02/2026 23:09:31,63] [APP] global_routines fill_in_field [MENU] Comparando módulos: [1/6] ESTRUCTURA MINIMA: Núcleo Tryton (country, currency, company, party, bank)
[23/02/2026 23:09:32,01] [INFO] Mensaje [OK] Módulo country
[23/02/2026 23:09:32,09] [INFO] Mensaje [OK] Módulo currency
[23/02/2026 23:09:32,19] [INFO] Mensaje [OK] Módulo company
[23/02/2026 23:09:32,28] [INFO] Mensaje [OK] Módulo party
[23/02/2026 23:09:32,36] [INFO] Mensaje [OK] Módulo bank
[23/02/2026 23:09:32,46] [APP] global_routines fill_in_field [MENU] Comparando módulos: [2/6] PRODUCTOS: Producto y Stock (product, stock)
[23/02/2026 23:09:32,84] [INFO] Mensaje [OK] Módulo product
[23/02/2026 23:09:32,94] [INFO] Mensaje [OK] Módulo stock
[23/02/2026 23:09:33,06] [APP] global_routines fill_in_field [MENU] Comparando módulos: [3/6] CONTABILIDAD BASE: Motor contable y facturación (account, account_payment, account_product, account_statement, account_invoice, account_invoice_stock)
[23/02/2026 23:09:33,54] [INFO] Mensaje [OK] Módulo account
[23/02/2026 23:09:33,62] [INFO] Mensaje [OK] Módulo account_payment
[23/02/2026 23:09:33,71] [INFO] Mensaje [OK] Módulo account_product
[23/02/2026 23:09:33,80] [INFO] Mensaje [OK] Módulo account_statement
[23/02/2026 23:09:33,89] [INFO] Mensaje [OK] Módulo account_invoice
[23/02/2026 23:09:33,97] [INFO] Mensaje [OK] Módulo account_invoice_stock
[23/02/2026 23:09:34,07] [APP] global_routines fill_in_field [MENU] Comparando módulos: [4/6] COMPRA/VENTA: Ciclo comercial (sale, purchase)
[23/02/2026 23:09:34,43] [INFO] Mensaje [OK] Módulo sale
[23/02/2026 23:09:34,52] [INFO] Mensaje [OK] Módulo purchase
[23/02/2026 23:09:34,63] [APP] global_routines fill_in_field [MENU] Comparando módulos: [5/6] LOGISTICA AVANZADA: Lotes y Atributos (production, production_work, party_avatar, company_work_time, timesheet)
[23/02/2026 23:09:35,06] [INFO] Mensaje [OK] Módulo production
[23/02/2026 23:09:35,14] [INFO] Mensaje [OK] Módulo production_work
[23/02/2026 23:09:35,23] [INFO] Mensaje [OK] Módulo party_avatar
[23/02/2026 23:09:35,31] [INFO] Mensaje [OK] Módulo company_work_time
[23/02/2026 23:09:35,39] [INFO] Mensaje [OK] Módulo timesheet
[23/02/2026 23:09:35,50] [APP] global_routines fill_in_field [MENU] Comparando módulos: [6/6] PLANIFICACION: Reposicion de stock (project)
[23/02/2026 23:09:35,85] [INFO] Mensaje [OK] Módulo project
[23/02/2026 23:09:36,07] [APP] global_routines timeout_start 10 
[23/02/2026 23:09:46,22] [INS] [11.-] Listar los módulos instalados
[23/02/2026 23:09:46,62] [APP] global_routines timeout_start 10 1
[23/02/2026 23:09:56,24] [APP] install_reports [8] - [[MENU]] - Listar los módulos instalados - [D:\ERP\tryton\TryDockCmd\tmp\trytond_modules_demo.txt]
[23/02/2026 23:09:56,35] [CHECK] Se leen todos los módulos del fichero .env y se graban en memoria.
[23/02/2026 23:09:56,60] [CHECK] | account...................................... | activated       |
[23/02/2026 23:09:56,69] [CHECK] |    +-- account_asset......................... | not activated   |
[23/02/2026 23:09:56,76] [CHECK] |    +-- account_be............................ | not activated   |
[23/02/2026 23:09:56,83] [CHECK] |    +-- account_budget........................ | not activated   |
[23/02/2026 23:09:56,91] [CHECK] |    +-- account_cash_rounding................. | not activated   |
[23/02/2026 23:09:56,99] [CHECK] |    +-- account_consolidation................. | not activated   |
[23/02/2026 23:09:57,06] [CHECK] |    +-- account_credit_limit.................. | not activated   |
[23/02/2026 23:09:57,14] [CHECK] |    +-- account_deposit....................... | not activated   |
[23/02/2026 23:09:57,22] [CHECK] |    +-- account_de_skr03...................... | not activated   |
[23/02/2026 23:09:57,30] [CHECK] |    +-- account_dunning....................... | not activated   |
[23/02/2026 23:09:57,38] [CHECK] |    +-- account_dunning_email................. | not activated   |
[23/02/2026 23:09:57,46] [CHECK] |    +-- account_dunning_fee................... | not activated   |
[23/02/2026 23:09:57,53] [CHECK] |    +-- account_dunning_letter................ | not activated   |
[23/02/2026 23:09:57,61] [CHECK] |    +-- account_es............................ | not activated   |
[23/02/2026 23:09:57,69] [CHECK] |    +-- account_es_sii........................ | not activated   |
[23/02/2026 23:09:57,77] [CHECK] |    +-- account_eu............................ | not activated   |
[23/02/2026 23:09:57,85] [CHECK] |    +-- account_export........................ | not activated   |
[23/02/2026 23:09:57,93] [CHECK] |    +-- account_export_winbooks............... | not activated   |
[23/02/2026 23:09:58,01] [CHECK] |    +-- account_fr............................ | not activated   |
[23/02/2026 23:09:58,09] [CHECK] |    +-- account_fr_chorus..................... | not activated   |
[23/02/2026 23:09:58,16] [CHECK] |    +-- account_invoice....................... | activated       |
[23/02/2026 23:09:58,24] [CHECK] |    +-- account_invoice_correction............ | not activated   |
[23/02/2026 23:09:58,32] [CHECK] |    +-- account_invoice_defer................. | not activated   |
[23/02/2026 23:09:58,40] [CHECK] |    +-- account_invoice_history............... | not activated   |
[23/02/2026 23:09:58,48] [CHECK] |    +-- account_invoice_line_standalone....... | not activated   |
[23/02/2026 23:09:58,56] [CHECK] |    +-- account_invoice_secondary_unit........ | not activated   |
[23/02/2026 23:09:58,64] [CHECK] |    +-- account_invoice_stock................. | activated       |
[23/02/2026 23:09:58,72] [CHECK] |    +-- account_invoice_watermark............. | not activated   |
[23/02/2026 23:09:58,80] [CHECK] |    +-- account_move_line_grouping............ | not activated   |
[23/02/2026 23:09:58,89] [CHECK] |    +-- account_payment....................... | activated       |
[23/02/2026 23:09:58,97] [CHECK] |    +-- account_payment_braintree............. | not activated   |
[23/02/2026 23:09:59,04] [CHECK] |    +-- account_payment_clearing.............. | not activated   |
[23/02/2026 23:09:59,12] [CHECK] |    +-- account_payment_sepa.................. | not activated   |
[23/02/2026 23:09:59,20] [CHECK] |    +-- account_payment_sepa_cfonb............ | not activated   |
[23/02/2026 23:09:59,28] [CHECK] |    +-- account_payment_stripe................ | not activated   |
[23/02/2026 23:09:59,36] [CHECK] |    +-- account_product....................... | activated       |
[23/02/2026 23:09:59,43] [CHECK] |    +-- account_receivable_rule............... | not activated   |
[23/02/2026 23:09:59,51] [CHECK] |    +-- account_rule.......................... | not activated   |
[23/02/2026 23:09:59,59] [CHECK] |    +-- account_statement..................... | activated       |
[23/02/2026 23:09:59,67] [CHECK] |    +-- account_statement_aeb43............... | not activated   |
[23/02/2026 23:09:59,76] [CHECK] |    +-- account_statement_coda................ | not activated   |
[23/02/2026 23:09:59,84] [CHECK] |    +-- account_statement_mt940............... | not activated   |
[23/02/2026 23:09:59,92] [CHECK] |    +-- account_statement_ofx................. | not activated   |
[23/02/2026 23:10:00,00] [CHECK] |    +-- account_statement_rule................ | not activated   |
[23/02/2026 23:10:00,07] [CHECK] |    +-- account_statement_sepa................ | not activated   |
[23/02/2026 23:10:00,15] [CHECK] |    +-- account_stock_anglo_saxon............. | not activated   |
[23/02/2026 23:10:00,23] [CHECK] |    +-- account_stock_continental............. | not activated   |
[23/02/2026 23:10:00,30] [CHECK] |    +-- account_stock_eu...................... | not activated   |
[23/02/2026 23:10:00,38] [CHECK] |    +-- account_stock_landed_cost............. | not activated   |
[23/02/2026 23:10:00,46] [CHECK] |    +-- account_stock_landed_cost_weight...... | not activated   |
[23/02/2026 23:10:00,54] [CHECK] |    +-- account_stock_shipment_cost........... | not activated   |
[23/02/2026 23:10:00,62] [CHECK] |    +-- account_stock_shipment_cost_weight.... | not activated   |
[23/02/2026 23:10:00,70] [CHECK] |    +-- account_syscohada..................... | not activated   |
[23/02/2026 23:10:00,78] [CHECK] |    +-- account_tax_cash...................... | not activated   |
[23/02/2026 23:10:00,86] [CHECK] |    +-- account_tax_non_deductible............ | not activated   |
[23/02/2026 23:10:00,94] [CHECK] |    +-- account_tax_rule_country.............. | not activated   |
[23/02/2026 23:10:01,01] [CHECK] | analytic_account............................. | not activated   |
[23/02/2026 23:10:01,09] [CHECK] |    +-- analytic_budget....................... | not activated   |
[23/02/2026 23:10:01,16] [CHECK] |    +-- analytic_invoice...................... | not activated   |
[23/02/2026 23:10:01,24] [CHECK] |    +-- analytic_purchase..................... | not activated   |
[23/02/2026 23:10:01,32] [CHECK] |    +-- analytic_sale......................... | not activated   |
[23/02/2026 23:10:01,39] [CHECK] | attendance................................... | not activated   |
[23/02/2026 23:10:01,47] [CHECK] | authentication_saml.......................... | not activated   |
[23/02/2026 23:10:01,55] [CHECK] |    +-- authentication_sms.................... | not activated   |
[23/02/2026 23:10:01,63] [CHECK] | bank......................................... | activated       |
[23/02/2026 23:10:01,71] [CHECK] | carrier...................................... | not activated   |
[23/02/2026 23:10:01,79] [CHECK] |    +-- carrier_carriage...................... | not activated   |
[23/02/2026 23:10:01,86] [CHECK] |    +-- carrier_percentage.................... | not activated   |
[23/02/2026 23:10:01,94] [CHECK] |    +-- carrier_subdivision................... | not activated   |
[23/02/2026 23:10:02,02] [CHECK] |    +-- carrier_weight........................ | not activated   |
[23/02/2026 23:10:02,10] [CHECK] | commission................................... | not activated   |
[23/02/2026 23:10:02,19] [CHECK] |    +-- commission_waiting.................... | not activated   |
[23/02/2026 23:10:02,27] [CHECK] | company...................................... | activated       |
[23/02/2026 23:10:02,35] [CHECK] |    +-- company_work_time..................... | activated       |
[23/02/2026 23:10:02,43] [CHECK] | country...................................... | activated       |
[23/02/2026 23:10:02,50] [CHECK] | currency..................................... | activated       |
[23/02/2026 23:10:02,57] [CHECK] |    +-- currency_ro........................... | not activated   |
[23/02/2026 23:10:02,65] [CHECK] |    +-- currency_rs........................... | not activated   |
[23/02/2026 23:10:02,73] [CHECK] | customs...................................... | not activated   |
[23/02/2026 23:10:02,81] [CHECK] | dashboard.................................... | not activated   |
[23/02/2026 23:10:02,89] [CHECK] | document_incoming............................ | not activated   |
[23/02/2026 23:10:02,97] [CHECK] |    +-- document_incoming_invoice............. | not activated   |
[23/02/2026 23:10:03,06] [CHECK] |    +-- document_incoming_ocr................. | not activated   |
[23/02/2026 23:10:03,16] [CHECK] |    +-- document_incoming_ocr_typless......... | not activated   |
[23/02/2026 23:10:03,24] [CHECK] | edocument_peppol............................. | not activated   |
[23/02/2026 23:10:03,31] [CHECK] |    +-- edocument_peppol_peppyrus............. | not activated   |
[23/02/2026 23:10:03,39] [CHECK] |    +-- edocument_ubl......................... | not activated   |
[23/02/2026 23:10:03,47] [CHECK] |    +-- edocument_uncefact.................... | not activated   |
[23/02/2026 23:10:03,55] [CHECK] |    +-- edocument_unece....................... | not activated   |
[23/02/2026 23:10:03,63] [CHECK] | google_maps.................................. | not activated   |
[23/02/2026 23:10:03,71] [CHECK] | inbound_email................................ | not activated   |
[23/02/2026 23:10:03,78] [CHECK] | incoterm..................................... | not activated   |
[23/02/2026 23:10:03,86] [CHECK] | ir........................................... | activated       |
[23/02/2026 23:10:03,93] [CHECK] | ldap_authentication.......................... | not activated   |
[23/02/2026 23:10:04,01] [CHECK] | marketing.................................... | not activated   |
[23/02/2026 23:10:04,09] [CHECK] |    +-- marketing_automation.................. | not activated   |
[23/02/2026 23:10:04,17] [CHECK] |    +-- marketing_campaign.................... | not activated   |
[23/02/2026 23:10:04,25] [CHECK] |    +-- marketing_email....................... | not activated   |
[23/02/2026 23:10:04,34] [CHECK] | notification_email........................... | not activated   |
[23/02/2026 23:10:04,42] [CHECK] | party........................................ | activated       |
[23/02/2026 23:10:04,50] [CHECK] |    +-- party_avatar.......................... | activated       |
[23/02/2026 23:10:04,59] [CHECK] |    +-- party_relationship.................... | not activated   |
[23/02/2026 23:10:04,67] [CHECK] |    +-- party_siret........................... | not activated   |
[23/02/2026 23:10:04,74] [CHECK] | product...................................... | activated       |
[23/02/2026 23:10:04,82] [CHECK] |    +-- product_attribute..................... | not activated   |
[23/02/2026 23:10:04,90] [CHECK] |    +-- product_classification................ | not activated   |
[23/02/2026 23:10:04,98] [CHECK] |    +-- product_classification_taxonomic...... | not activated   |
[23/02/2026 23:10:05,06] [CHECK] |    +-- product_cost_fifo..................... | not activated   |
[23/02/2026 23:10:05,14] [CHECK] |    +-- product_cost_history.................. | not activated   |
[23/02/2026 23:10:05,22] [CHECK] |    +-- product_cost_warehouse................ | not activated   |
[23/02/2026 23:10:05,32] [CHECK] |    +-- product_image......................... | not activated   |
[23/02/2026 23:10:05,40] [CHECK] |    +-- product_image_attribute............... | not activated   |
[23/02/2026 23:10:05,48] [CHECK] | production................................... | activated       |
[23/02/2026 23:10:05,56] [CHECK] |    +-- production_outsourcing................ | not activated   |
[23/02/2026 23:10:05,64] [CHECK] |    +-- production_routing.................... | activated       |
[23/02/2026 23:10:05,71] [CHECK] |    +-- production_split...................... | not activated   |
[23/02/2026 23:10:05,79] [CHECK] |    +-- production_work....................... | activated       |
[23/02/2026 23:10:05,87] [CHECK] |    +-- production_work_timesheet............. | not activated   |
[23/02/2026 23:10:05,95] [CHECK] | product_kit.................................. | not activated   |
[23/02/2026 23:10:06,03] [CHECK] |    +-- product_measurements.................. | not activated   |
[23/02/2026 23:10:06,10] [CHECK] |    +-- product_price_list.................... | not activated   |
[23/02/2026 23:10:06,18] [CHECK] |    +-- product_price_list_cache.............. | not activated   |
[23/02/2026 23:10:06,26] [CHECK] |    +-- product_price_list_dates.............. | not activated   |
[23/02/2026 23:10:06,34] [CHECK] |    +-- product_price_list_parent............. | not activated   |
[23/02/2026 23:10:06,41] [CHECK] | project...................................... | activated       |
[23/02/2026 23:10:06,49] [CHECK] |    +-- project_invoice....................... | not activated   |
[23/02/2026 23:10:06,57] [CHECK] |    +-- project_plan.......................... | not activated   |
[23/02/2026 23:10:06,66] [CHECK] |    +-- project_revenue....................... | not activated   |
[23/02/2026 23:10:06,74] [CHECK] | purchase..................................... | activated       |
[23/02/2026 23:10:06,82] [CHECK] |    +-- purchase_amendment.................... | not activated   |
[23/02/2026 23:10:06,90] [CHECK] |    +-- purchase_blanket_agreement............ | not activated   |
[23/02/2026 23:10:06,98] [CHECK] |    +-- purchase_history...................... | not activated   |
[23/02/2026 23:10:07,05] [CHECK] |    +-- purchase_invoice_line_standalone...... | not activated   |
[23/02/2026 23:10:07,13] [CHECK] |    +-- purchase_price_list................... | not activated   |
[23/02/2026 23:10:07,21] [CHECK] |    +-- purchase_product_quantity............. | not activated   |
[23/02/2026 23:10:07,29] [CHECK] |    +-- purchase_request...................... | not activated   |
[23/02/2026 23:10:07,37] [CHECK] |    +-- purchase_request_quotation............ | not activated   |
[23/02/2026 23:10:07,45] [CHECK] |    +-- purchase_requisition.................. | not activated   |
[23/02/2026 23:10:07,53] [CHECK] |    +-- purchase_secondary_unit............... | not activated   |
[23/02/2026 23:10:07,60] [CHECK] |    +-- purchase_shipment_cost................ | not activated   |
[23/02/2026 23:10:07,68] [CHECK] | quality...................................... | not activated   |
[23/02/2026 23:10:07,76] [CHECK] | res.......................................... | activated       |
[23/02/2026 23:10:07,84] [CHECK] | sale......................................... | activated       |
[23/02/2026 23:10:07,92] [CHECK] |    +-- sale_advance_payment.................. | not activated   |
[23/02/2026 23:10:07,99] [CHECK] |    +-- sale_amendment........................ | not activated   |
[23/02/2026 23:10:08,07] [CHECK] |    +-- sale_blanket_agreement................ | not activated   |
[23/02/2026 23:10:08,15] [CHECK] |    +-- sale_complaint........................ | not activated   |
[23/02/2026 23:10:08,23] [CHECK] |    +-- sale_credit_limit..................... | not activated   |
[23/02/2026 23:10:08,31] [CHECK] |    +-- sale_discount......................... | not activated   |
[23/02/2026 23:10:08,39] [CHECK] |    +-- sale_extra............................ | not activated   |
[23/02/2026 23:10:08,46] [CHECK] |    +-- sale_gift_card........................ | not activated   |
[23/02/2026 23:10:08,54] [CHECK] |    +-- sale_history.......................... | not activated   |
[23/02/2026 23:10:08,61] [CHECK] |    +-- sale_invoice_date..................... | not activated   |
[23/02/2026 23:10:08,69] [CHECK] |    +-- sale_invoice_grouping................. | not activated   |
[23/02/2026 23:10:08,77] [CHECK] |    +-- sale_opportunity...................... | not activated   |
[23/02/2026 23:10:08,85] [CHECK] |    +-- sale_payment.......................... | not activated   |
[23/02/2026 23:10:08,93] [CHECK] |    +-- sale_point............................ | not activated   |
[23/02/2026 23:10:09,01] [CHECK] |    +-- sale_price_list....................... | not activated   |
[23/02/2026 23:10:09,09] [CHECK] |    +-- sale_product_customer................. | not activated   |
[23/02/2026 23:10:09,16] [CHECK] |    +-- sale_product_quantity................. | not activated   |
[23/02/2026 23:10:09,24] [CHECK] |    +-- sale_product_recommendation........... | not activated   |
[23/02/2026 23:10:09,32] [CHECK] |    +-- sale_product_recommendation_associatio | not activated   |
[23/02/2026 23:10:09,40] [CHECK] |    +-- sale_promotion........................ | not activated   |
[23/02/2026 23:10:09,47] [CHECK] |    +-- sale_promotion_coupon................. | not activated   |
[23/02/2026 23:10:09,56] [CHECK] |    +-- sale_promotion_coupon_payment......... | not activated   |
[23/02/2026 23:10:09,64] [CHECK] |    +-- sale_rental........................... | not activated   |
[23/02/2026 23:10:09,72] [CHECK] |    +-- sale_rental_progress_invoice.......... | not activated   |
[23/02/2026 23:10:09,79] [CHECK] |    +-- sale_secondary_unit................... | not activated   |
[23/02/2026 23:10:09,87] [CHECK] |    +-- sale_shipment_cost.................... | not activated   |
[23/02/2026 23:10:09,94] [CHECK] |    +-- sale_shipment_grouping................ | not activated   |
[23/02/2026 23:10:10,02] [CHECK] |    +-- sale_shipment_tolerance............... | not activated   |
[23/02/2026 23:10:10,10] [CHECK] |    +-- sale_stock_quantity................... | not activated   |
[23/02/2026 23:10:10,18] [CHECK] |    +-- sale_subscription..................... | not activated   |
[23/02/2026 23:10:10,26] [CHECK] |    +-- sale_subscription_asset............... | not activated   |
[23/02/2026 23:10:10,33] [CHECK] |    +-- sale_supply........................... | not activated   |
[23/02/2026 23:10:10,41] [CHECK] |    +-- sale_supply_drop_shipment............. | not activated   |
[23/02/2026 23:10:10,49] [CHECK] |    +-- sale_supply_production................ | not activated   |
[23/02/2026 23:10:10,57] [CHECK] | stock........................................ | activated       |
[23/02/2026 23:10:10,64] [CHECK] |    +-- stock_assign_manual................... | not activated   |
[23/02/2026 23:10:10,73] [CHECK] |    +-- stock_consignment..................... | not activated   |
[23/02/2026 23:10:10,82] [CHECK] |    +-- stock_forecast........................ | not activated   |
[23/02/2026 23:10:10,90] [CHECK] |    +-- stock_inventory_location.............. | not activated   |
[23/02/2026 23:10:10,97] [CHECK] |    +-- stock_location_move................... | not activated   |
[23/02/2026 23:10:11,05] [CHECK] |    +-- stock_location_sequence............... | not activated   |
[23/02/2026 23:10:11,13] [CHECK] |    +-- stock_lot............................. | not activated   |
[23/02/2026 23:10:11,21] [CHECK] |    +-- stock_lot_sled........................ | not activated   |
[23/02/2026 23:10:11,28] [CHECK] |    +-- stock_lot_unit........................ | not activated   |
[23/02/2026 23:10:11,36] [CHECK] |    +-- stock_package......................... | not activated   |
[23/02/2026 23:10:11,44] [CHECK] |    +-- stock_package_shipping................ | not activated   |
[23/02/2026 23:10:11,52] [CHECK] |    +-- stock_package_shipping_dpd............ | not activated   |
[23/02/2026 23:10:11,60] [CHECK] |    +-- stock_package_shipping_mygls.......... | not activated   |
[23/02/2026 23:10:11,68] [CHECK] |    +-- stock_package_shipping_sendcloud...... | not activated   |
[23/02/2026 23:10:11,76] [CHECK] |    +-- stock_package_shipping_ups............ | not activated   |
[23/02/2026 23:10:11,84] [CHECK] |    +-- stock_product_location................ | not activated   |
[23/02/2026 23:10:11,93] [CHECK] |    +-- stock_product_location_place.......... | not activated   |
[23/02/2026 23:10:12,01] [CHECK] |    +-- stock_quantity_early_planning......... | not activated   |
[23/02/2026 23:10:12,09] [CHECK] |    +-- stock_quantity_issue.................. | not activated   |
[23/02/2026 23:10:12,19] [CHECK] |    +-- stock_secondary_unit.................. | not activated   |
[23/02/2026 23:10:12,27] [CHECK] |    +-- stock_shipment_cost................... | not activated   |
[23/02/2026 23:10:12,35] [CHECK] |    +-- stock_shipment_cost_weight............ | not activated   |
[23/02/2026 23:10:12,43] [CHECK] |    +-- stock_shipment_customs................ | not activated   |
[23/02/2026 23:10:12,50] [CHECK] |    +-- stock_shipment_measurements........... | not activated   |
[23/02/2026 23:10:12,58] [CHECK] |    +-- stock_shipping_point.................. | not activated   |
[23/02/2026 23:10:12,66] [CHECK] |    +-- stock_split........................... | not activated   |
[23/02/2026 23:10:12,74] [CHECK] |    +-- stock_supply.......................... | not activated   |
[23/02/2026 23:10:12,81] [CHECK] |    +-- stock_supply_day...................... | not activated   |
[23/02/2026 23:10:12,90] [CHECK] |    +-- stock_supply_forecast................. | not activated   |
[23/02/2026 23:10:12,97] [CHECK] |    +-- stock_supply_production............... | not activated   |
[23/02/2026 23:10:13,05] [CHECK] | timesheet.................................... | activated       |
[23/02/2026 23:10:13,12] [CHECK] |    +-- timesheet_cost........................ | not activated   |
[23/02/2026 23:10:13,21] [CHECK] | user_role.................................... | not activated   |
[23/02/2026 23:10:13,28] [CHECK] | web_shop..................................... | not activated   |
[23/02/2026 23:10:13,36] [CHECK] |    +-- web_shop_product_data_feed............ | not activated   |
[23/02/2026 23:10:13,43] [CHECK] |    +-- web_shop_shopify...................... | not activated   |
[23/02/2026 23:10:13,52] [CHECK] |    +-- web_shop_vue_storefront............... | not activated   |
[23/02/2026 23:10:13,59] [CHECK] |    +-- web_shop_vue_storefront_stripe........ | not activated   |
[23/02/2026 23:10:13,67] [CHECK] |    +-- web_shortener......................... | not activated   |
[23/02/2026 23:10:13,75] [CHECK] |    +-- web_user.............................. | not activated   |
[23/02/2026 23:10:13,97] [APP] global_routines timeout_start 10 
[23/02/2026 23:10:23,28] [APP] global_routines timeout_start 10 1
[23/02/2026 23:10:33,23] [INS] DEMO - Analizar los logs de la base de datos tryton_demo (LOGS) tryton
[23/02/2026 23:10:33,33] [APP] logger [SQL]
[23/02/2026 23:10:33,41] [SQL] Visualizando logs de tryton (líneas: 500).
[23/02/2026 23:10:33,73] [SQL] Se visualizan los logs del contenedor postgres en Docker.
[23/02/2026 23:10:34,12] [APP] global_routines timeout_start 10  1
[23/02/2026 23:10:44,25] [INS] Se procede al arranque de la página web de tryton.
[23/02/2026 23:10:44,36] [APP] client [INS]
[23/02/2026 23:10:44,45] [INS] Comprobando si el puerto 8000 responde.
[23/02/2026 23:10:44,59] [INS] Comprobando si el puerto 8000 está abierto y activado.
[23/02/2026 23:10:45,13] [INS] El puerto está activado se conecta con url: http://localhost:8000
[23/02/2026 23:10:45,22] [INFO] Checking service readiness (Attempt 1/10)...
[23/02/2026 23:10:45,64] [OK] Service is fully responsive. Launching browser...
[23/02/2026 23:10:45,75] [APP] global_routines timeout_start 5 1
[23/02/2026 23:10:50,58] [APP] errors [INS]
[23/02/2026 23:10:50,70] [INS] Buscando problemas en los contenedores desde las 24 últimas horas de tryton-postgres-1 - Servicio: postgres.
[23/02/2026 23:10:51,09] [APP] global_routines timeout_start 5 1
[23/02/2026 23:10:56,28] [INS] Buscando problemas en los contenedores desde las 24 últimas horas de tryton-server-1 - Servicio: server.
[23/02/2026 23:10:56,64] [APP] global_routines timeout_start 5 1
[23/02/2026 23:11:01,28] [INS] Buscando problemas en los contenedores desde las 24 últimas horas de tryton-cron-1 - Servicio: cron.
[23/02/2026 23:11:01,58] [APP] global_routines timeout_start 5 1
[23/02/2026 23:11:06,24] [ALERT] Se han detectado errores en las últimas 24 h.
[23/02/2026 23:11:06,32] [ERROR] postgres-1  | 2026-02-23 21:57:35.021 UTC [90] FATAL:  role "admin" does not exist
[23/02/2026 23:11:06,39] [ERROR] postgres-1  | 2026-02-23 22:07:40.740 UTC [235] FATAL:  database "tryton_demo" does not exist
[23/02/2026 23:11:06,48] [ERROR] server-1  | 14 135082914418752 [2026-02-23 21:57:30,953] INFO trytond.modules ir register ir.error
[23/02/2026 23:11:06,56] [ERROR] server-1  | 14 135082914418752 [2026-02-23 21:57:36,126] INFO trytond.modules ir load error.xml
[23/02/2026 23:11:06,64] [ERROR] server-1  | 14 135082914418752 [2026-02-23 21:57:36,892] INFO trytond.modules update index for ir.error
[23/02/2026 23:11:06,72] [INS] Guardando reporte en D:\ERP\tryton\TryDockCmd\log\tryton_20260223.log.
[23/02/2026 23:11:06,79] [INS] Guardando reporte en D:\ERP\tryton\TryDockCmd\log\tryton_error.log.
[23/02/2026 23:11:06,87] [OK] install Todos los procesos ejecutados de forma correcta.
[23/02/2026 23:11:06,97] [APP] global_routines timeout_start 10  1
[23/02/2026 23:11:16,34] [APP] checkdocker [APP]
[23/02/2026 23:11:16,41] [CHECK] Buscando imágenes y contenedores en Docker: tryton.
[23/02/2026 23:11:16,49] [CHECK] Buscando imagen Docker: tryton/tryton:latest
[23/02/2026 23:11:16,68] [CHECK] Se ha localizado la imagen tryton/tryton:latest en Docker.
[23/02/2026 23:11:16,79] [APP] global_routines timeout_start 2 1
[23/02/2026 23:11:18,19] [CHECK] Buscando imagen Docker: postgres:latest
[23/02/2026 23:11:18,38] [CHECK] Se ha localizado la imagen postgres:latest en Docker.
[23/02/2026 23:11:18,48] [APP] global_routines timeout_start 2 1
[23/02/2026 23:11:20,20] [CHECK] Buscando contenedor Docker: tryton-postgres-1
[23/02/2026 23:11:20,37] [CHECK] Se ha localizado el contenedor tryton-postgres-1 en Docker.
[23/02/2026 23:11:20,47] [APP] global_routines timeout_start 2 1
[23/02/2026 23:11:22,22] [CHECK] Buscando contenedor Docker: tryton-server-1
[23/02/2026 23:11:22,38] [CHECK] Se ha localizado el contenedor tryton-server-1 en Docker.
[23/02/2026 23:11:22,51] [APP] global_routines timeout_start 2 1
[23/02/2026 23:11:24,26] [CHECK] Buscando contenedor Docker: tryton-cron-1
[23/02/2026 23:11:24,43] [CHECK] Se ha localizado el contenedor tryton-cron-1 en Docker.
[23/02/2026 23:11:24,54] [APP] global_routines timeout_start 2 1
[23/02/2026 23:11:26,29] [CHECK] checkdocker: Todos los procesos ejecutados de forma correcta.
[23/02/2026 23:11:26,46] [APP] checkversion [APP]
[23/02/2026 23:11:26,57] [APP] startup [CHECK]
[23/02/2026 23:11:26,86] [CHECK] El contenedor de tryton-postgres-1 - Servicio: postgres está activo.
[23/02/2026 23:11:26,97] [APP] global_routines timeout_start 3 1
[23/02/2026 23:11:29,44] [CHECK] El contenedor de tryton-server-1 - Servicio: server está activo.
[23/02/2026 23:11:29,53] [APP] global_routines timeout_start 3 1
[23/02/2026 23:11:32,45] [CHECK] El contenedor de tryton-cron-1 - Servicio: cron está activo.
[23/02/2026 23:11:32,56] [APP] global_routines timeout_start 3 1
[23/02/2026 23:11:35,28] [CHECK] Se inspecciona en Docker: [tryton-server-1]
[23/02/2026 23:11:35,43] [CHECK] Buscando en el server versión Tryton. - (trytond.__version__.split('.')[:3])
[23/02/2026 23:11:35,78] [CHECK] Se ha localizado la versión Tryton en Docker: [7.8]
[23/02/2026 23:11:35,86] [CHECK] Se ha localizado la versión Tryton en Docker: [7.8.4]
[23/02/2026 23:11:35,94] [CHECK] Se inspecciona en Docker: [postgres] - [SELECT 1 FROM pg_catalog.pg_database WHERE datname='tryton]
[23/02/2026 23:11:36,30] [CHECK] Buscando en el server versión PostgreSQL. - [SELECT version()]
[23/02/2026 23:11:36,68] [CHECK] Se ha localizado la versión base de datos tryton en Docker: [PostgreSQL 18.2 (Debian 18.2-1.pgdg13+1) on x86_64-pc-linux-gnu, compiled by gcc (Debian 14.2.0-19) 14.2.0, 64-bit]
[23/02/2026 23:11:36,76] [CHECK] Se ha localizado la versión base de datos tryton en Docker: [PostgreSQL 18.2]
[23/02/2026 23:11:36,83] [CHECK] checkversion: Todos los procesos ejecutados de forma correcta.
[23/02/2026 23:11:37,08] [APP] global_routines timeout_start 8 1
[23/02/2026 23:11:45,31] [OK] tcd Todos los procesos ejecutados de forma correcta.
[23/02/2026 23:11:45,41] [TXT] Arrancando sesión. TRYDOCKCMD MANAGER Menú principal
[23/02/2026 23:31:13,19] [TXT] TRYDOCKCMD DOCKER MANAGER - 23:31:13 Duración de la sesión: 00:35:11
