[23/02/2026 22:28:22,82] [APP] tcd
[23/02/2026 22:28:23,15] [TXT] [+] 1.-Lenguaje APP : en-US ROUTE: D:\ERP\tryton\TryDockCmd\lang\en-US.txt
[23/02/2026 22:28:23,74] [TXT] [+] 2.-Processing file name: .env. Route: D:\ERP\tryton\TryDockCmd\.env
[23/02/2026 22:28:23,84] [TXT] [+] 3.-Language File .env: en-US Route: D:\ERP\tryton\TryDockCmd\en-US.txt
[23/02/2026 22:28:23,93] [TXT] [+] 4.-Processing file name: compose.yml. Route: D:\ERP\tryton\TryDockCmd\compose.yml
[23/02/2026 22:28:24,01] [TXT] [+] 5.-Processing file data compose.yml. Route: D:\ERP\tryton\TryDockCmd\compose.yml
[23/02/2026 22:28:24,11] [APP] readcompose
[23/02/2026 22:28:24,19] [CHECK] [1/4] Searching for the file: \ERP\tryton\TryDockCmd\read-compose.ps1
[23/02/2026 22:28:24,26] [CHECK] [2/4] Searching for the file: \ERP\tryton\TryDockCmd\compose.yml
[23/02/2026 22:28:24,34] [CHECK] [3/4] Searching for the program: powershell.exe
[23/02/2026 22:28:24,55] [CHECK] [4/4] Processing file data powershell.exe \ERP\tryton\TryDockCmd\read-compose.ps1
[23/02/2026 22:28:25,69] [CHECK] Information from the compose.yml data.
[23/02/2026 22:28:25,76] [CHECK] Docker server image: tryton/tryton:latest
[23/02/2026 22:28:25,83] [CHECK] Docker server image name: tryton/tryton
[23/02/2026 22:28:25,91] [CHECK] Docker server image version: latest
[23/02/2026 22:28:25,99] [CHECK] Docker server target port: 8000
[23/02/2026 22:28:26,06] [CHECK] Docker server published port: 8000
[23/02/2026 22:28:26,14] [CHECK] Docker Postgres image: postgres:latest
[23/02/2026 22:28:26,22] [CHECK] Docker Postgres image name: postgres
[23/02/2026 22:28:26,30] [CHECK] Docker Postgres image version: latest
[23/02/2026 22:28:26,38] [CHECK] readcompose: All processes executed successfully.
[23/02/2026 22:28:26,47] [TXT] [+] 6.-Processing the menu TRYTON DOCKER MANAGER (DOCKER) (TRYDOCKCMD MANAGER)
[23/02/2026 22:28:26,55] [APP] header [APP]
[23/02/2026 22:28:26,63] [CHECK] Searching for the program: docker
[23/02/2026 22:28:27,15] [CHECK] Check if the computer supports ANSI, to manage colors in texts.
[23/02/2026 22:28:27,30] [CHECK] reader: All processes executed successfully.
[23/02/2026 22:28:27,48] [APP] checkdocker [APP]
[23/02/2026 22:28:27,56] [CHECK] Searching for images and containers in Docker: tryton.
[23/02/2026 22:28:27,64] [CHECK] Searching for Docker image: tryton/tryton:latest
[23/02/2026 22:28:27,83] [CHECK] The image tryton/tryton:latest does not exist in Docker.
[23/02/2026 22:28:27,94] [APP] global_routines timeout_start 2 1
[23/02/2026 22:28:29,33] [OK] tcd All processes executed successfully.
[23/02/2026 22:28:29,43] [TXT] Starting session. TRYDOCKCMD MANAGER Main Menu
[23/02/2026 22:28:30,67] [CHECK] [+] It has been detected that Tryton does not exist, the installation is activated automatically.
[23/02/2026 22:28:30,77] [APP] global_routines timeout_start 8 1
[23/02/2026 22:28:38,33] [APP] global_routines fill_in_field [TXT] 0.- (REAL AND DEMO) Deploy ERP TRYTON (First time)
[23/02/2026 22:28:38,48] [TXT] 0.- (REAL AND DEMO) Deploy ERP TRYTON (First time)
[23/02/2026 22:28:38,68] [APP] install [APP]
[23/02/2026 22:28:38,78] [APP] inspectdocker [INS]
[23/02/2026 22:28:38,86] [CHECK] Searching for images and containers in Docker: tryton.
[23/02/2026 22:28:39,04] [INS] The image tryton/tryton:latest does not exist in Docker.
[23/02/2026 22:28:39,16] [APP] global_routines timeout_start 2  1
[23/02/2026 22:28:41,33] [INS] The image postgres:latest does not exist in Docker.
[23/02/2026 22:28:41,45] [APP] global_routines timeout_start 2  1
[23/02/2026 22:28:43,30] [INS] The container tryton-server-1 does not exist in Docker.
[23/02/2026 22:28:43,41] [APP] global_routines timeout_start 2  1
[23/02/2026 22:28:45,36] [INS] The container tryton-postgres-1 does not exist in Docker.
[23/02/2026 22:28:45,47] [APP] global_routines timeout_start 2  1
[23/02/2026 22:28:47,33] [INS] The container tryton-cron-1 does not exist in Docker.
[23/02/2026 22:28:47,45] [APP] global_routines timeout_start 2  1
[23/02/2026 22:28:49,47] [OK] There is no tryton container in Docker
[23/02/2026 22:28:49,55] [INS] This process will check the tryton images and the database.
[23/02/2026 22:28:49,63] [INS] If it doesn't exist in Docker, it will download them and create the images with its containers.
[23/02/2026 22:28:59,27] [INS] Running Docker Compose.: D:\ERP\tryton\TryDockCmd\compose.yml -p tryton up -d
[23/02/2026 22:29:26,42] [OK] Containers of tryton installed and active correctly.
[23/02/2026 22:29:26,54] [APP] global_routines timeout_start 10  1
[23/02/2026 22:29:36,28] [APP] status [INS]
[23/02/2026 22:29:36,37] [INS] The tryton containers are active.
[23/02/2026 22:29:36,46] [INS] Details of Tryton containers, images, and services in Docker.
[23/02/2026 22:29:36,98] [INS] The tryton-postgres-1 - Service: postgres container are active.
[23/02/2026 22:29:37,23] [INS] The tryton-postgres-1 - Service: postgres database is ready to receive connections.
[23/02/2026 22:29:37,51] [INS] The tryton-server-1 - Service: server container are active.
[23/02/2026 22:29:37,79] [INS] The tryton-cron-1 - Service: cron container are active.
[23/02/2026 22:29:37,88] [INS] REAL - Install all modules without languages in database (tryton).
[23/02/2026 22:29:38,02] [APP] install.header [INS] [install_tryton] [INS]
[23/02/2026 22:29:38,13] [APP] checkversion [APP]
[23/02/2026 22:29:38,24] [APP] startup [CHECK]
[23/02/2026 22:29:38,52] [CHECK] The tryton-postgres-1 - Service: postgres container are active.
[23/02/2026 22:29:38,63] [APP] global_routines timeout_start 3 1
[23/02/2026 22:29:41,45] [CHECK] The tryton-server-1 - Service: server container are active.
[23/02/2026 22:29:41,56] [APP] global_routines timeout_start 3 1
[23/02/2026 22:29:44,48] [CHECK] The tryton-cron-1 - Service: cron container are active.
[23/02/2026 22:29:44,60] [APP] global_routines timeout_start 3 1
[23/02/2026 22:29:47,22] [CHECK] Inspected in Docker: [tryton-server-1]
[23/02/2026 22:29:47,38] [CHECK] Searching on the server for Tryton version. - (trytond.__version__.split('.')[:3])
[23/02/2026 22:29:47,75] [CHECK] Looking for the Tryton version in Docker: [7.8]
[23/02/2026 22:29:47,83] [CHECK] Looking for the Tryton version in Docker: [7.8.4]
[23/02/2026 22:29:47,91] [CHECK] Inspected in Docker: [postgres] - [SELECT 1 FROM pg_catalog.pg_database WHERE datname='tryton]
[23/02/2026 22:29:48,27] [CHECK] Searching on the server for PostgreSQL version. - [SELECT version()]
[23/02/2026 22:29:48,64] [CHECK] Looking for the tryton database version in Docker: [PostgreSQL 18.2 (Debian 18.2-1.pgdg13+1) on x86_64-pc-linux-gnu, compiled by gcc (Debian 14.2.0-19) 14.2.0, 64-bit]
[23/02/2026 22:29:48,72] [CHECK] Looking for the tryton database version in Docker: [PostgreSQL 18.2]
[23/02/2026 22:29:48,79] [CHECK] checkversion: All processes executed successfully.
[23/02/2026 22:29:48,86] [CHECK] All modules are being read from .env file and stored in memory.
[23/02/2026 22:29:49,30] [APP] global_routines timeout_start 10 1
[23/02/2026 22:29:59,27] [APP] install_reports [1] - [L] - Check installed PostgreSQL databases in Docker. - [D:\ERP\tryton\TryDockCmd\tmp\trytond_table.txt]
[23/02/2026 22:29:59,38] [CHECK] All modules are being read from .env file and stored in memory.
[23/02/2026 22:29:59,59] [CHECK] postgres           | postgres        | UTF8     | en_US.utf8
[23/02/2026 22:29:59,69] [CHECK] template0          | postgres        | UTF8     | en_US.utf8
[23/02/2026 22:29:59,82] [CHECK] template1          | postgres        | UTF8     | en_US.utf8
[23/02/2026 22:29:59,95] [CHECK] tryton             | postgres        | UTF8     | en_US.utf8
[23/02/2026 22:30:00,50] [APP] global_routines timeout_start 10 1
[23/02/2026 22:30:10,32] [APP] install_reports [1] - [U] - Check PostgreSQL database users. - [D:\ERP\tryton\TryDockCmd\tmp\trytond_table.txt]
[23/02/2026 22:30:10,43] [CHECK] All modules are being read from .env file and stored in memory.
[23/02/2026 22:30:10,65] [CHECK] postgres           | Superuser, Create role, Create DB, Replication, Bypass RLS
[23/02/2026 22:30:11,18] [APP] global_routines timeout_start 10 1
[23/02/2026 22:30:21,27] [APP] install_reports [1] - [X] - Check installed extensions in PostgreSQL database. - [D:\ERP\tryton\TryDockCmd\tmp\trytond_table.txt]
[23/02/2026 22:30:21,38] [CHECK] All modules are being read from .env file and stored in memory.
[23/02/2026 22:30:21,59] [CHECK] plpgsql            | 1.0        | pg_catalog
[23/02/2026 22:30:33,05] [INS] [1.-] Stop postgres service to disconnect any active users. -stop postgres
[23/02/2026 22:30:34,19] [APP] global_routines timeout_start 10 1
[23/02/2026 22:30:44,27] [INS] [2.-] Start postgres service. - start postgres
[23/02/2026 22:30:44,85] [APP] global_routines timeout_start 10 1
[23/02/2026 22:30:54,26] [INS] [3.-] Perform data and database backup. tryton
[23/02/2026 22:30:54,37] [APP] backup [INS]
[23/02/2026 22:30:54,96] [INS] [1/3] Running database dump (SQL) tryton-postgres-1 - Route tryton:/var/lib/trytond/db to D:\ERP\tryton\TryDockCmd\backup\tryton_2026-02-23_22-30\tryton_db_data.sql.
[23/02/2026 22:30:55,49] [APP] global_routines timeout_start 10 1
[23/02/2026 22:31:05,22] [INS] The D:\ERP\tryton\TryDockCmd\backup\tryton_2026-02-23_22-30\tryton_db_data.sql database file contains records: (612096 bytes)
[23/02/2026 22:31:05,32] [INS] [2/3] Copying persistent files from: tryton-server-1 Route tryton:/var/lib/trytond/ to D:\ERP\tryton\TryDockCmd\backup\tryton_2026-02-23_22-30
[23/02/2026 22:31:08,06] [APP] global_routines timeout_start 10 1
[23/02/2026 22:31:18,25] [INS] The backup process is complete, the D:\ERP\tryton\TryDockCmd\backup\tryton_2026-02-23_22-30 folder with its data is compressed into a zip file. File: tryton_2026-02-23_22-30.zip
[23/02/2026 22:31:25,37] [APP] global_routines timeout_start 10 1
[23/02/2026 22:31:35,23] [OK] Backup completed at: D:\ERP\tryton\TryDockCmd\backup\tryton_2026-02-23_22-30
[23/02/2026 22:31:35,32] [OK] The following file has been created: D:\ERP\tryton\TryDockCmd\backup\tryton_2026-02-23_22-30.zip
[23/02/2026 22:31:35,42] [APP] global_routines timeout_start 10 1
[23/02/2026 22:31:46,22] [INS] The working folder D:\ERP\tryton\TryDockCmd\backup\tryton_2026-02-23_22-30 was successfully deleted.
[23/02/2026 22:31:46,33] [APP] global_routines timeout_start 10 1
[23/02/2026 22:31:56,30] [INS] [4.-] Drop the database tryton
[23/02/2026 22:31:56,92] [APP] global_routines timeout_start 10 1
[23/02/2026 22:32:06,24] [INS] [5.-] Create the database tryton
[23/02/2026 22:32:06,77] [APP] global_routines timeout_start 10 1
[23/02/2026 22:32:16,29] [INS] [6.-] Check database connection tryton
[23/02/2026 22:32:16,70] [APP] global_routines timeout_start 10 1
[23/02/2026 22:32:26,23] [INS] [7.-] Install base modules with flags -u --email -vv
[23/02/2026 22:32:26,30] [INS]  [1/8] MINIMUM STRUCTURE: Tryton Core (country, currency, company, party, bank)
[23/02/2026 22:32:39,90] [APP] global_routines timeout_start 10 1
[23/02/2026 22:32:49,30] [INS]  [2/8] PRODUCTS: Product and Stock (product, stock)
[23/02/2026 22:32:58,23] [APP] global_routines timeout_start 10 1
[23/02/2026 22:33:08,30] [INS]  [3/8] BASE ACCOUNTING: Accounting engine and billing (account, account_eu, account_product, account_invoice, account_invoice_stock, account_payment, account_statement)
[23/02/2026 22:33:23,30] [APP] global_routines timeout_start 10 1
[23/02/2026 22:33:33,25] [INS]  [4/8] PURCHASE/SALE: Commercial cycle (sale, purchase)
[23/02/2026 22:33:41,72] [APP] global_routines timeout_start 10 1
[23/02/2026 22:33:51,23] [INS]  [5/8] ADVANCED LOGISTICS: Lots and Attributes (stock_supply, purchase_request)
[23/02/2026 22:33:55,46] [APP] global_routines timeout_start 10 1
[23/02/2026 22:34:05,21] [INS]  [6/8] PLANNING: Stock replenishment (product_image, product_attribute, product_measurements, product_price_list, stock_lot)
[23/02/2026 22:34:10,84] [APP] global_routines timeout_start 10 1
[23/02/2026 22:34:20,24] [INS]  [7/8] PRODUCTION (MRP): Base manufacturing (production, production_routing, production_work, stock_supply_production, project, timesheet, company_work_time, carrier, stock_shipment_cost, sale_shipment_cost, incoterm)
[23/02/2026 22:34:30,23] [APP] global_routines timeout_start 10 1
[23/02/2026 22:34:40,28] [INS]  [8/8] CLOSING AND DASHBOARDS: Final modules and dashboards (dashboard, marketing, party_relationship, party_avatar)
[23/02/2026 22:34:44,91] [APP] global_routines timeout_start 10 1
[23/02/2026 22:34:54,22] [INS] [7.1.-] Update module list in database (--update-modules-list)
[23/02/2026 22:34:57,16] [APP] global_routines timeout_start 10 1
[23/02/2026 22:35:07,22] [INS] [8.-]  [1/1] ACCOUNTING: Installing Spanish legislation modules (account_es, account_statement_sepa, account_statement_aeb43)
[23/02/2026 22:35:07,34] [APP] install.header [INS] [install_language] [LANG]
[23/02/2026 22:35:07,42] [CHECK] All modules are being read from .env file and stored in memory.
[23/02/2026 22:35:07,53] [INS] Language modules (es,fr,de) for database (tryton)
[23/02/2026 22:35:07,60] [INS] Update module list in database (--update-modules-list)
[23/02/2026 22:35:10,52] [APP] global_routines timeout_start 10 
[23/02/2026 22:35:20,29] [INS] Language to install: -l CODE es
[23/02/2026 22:35:23,06] [APP] global_routines timeout_start 10 
[23/02/2026 22:35:33,22] [INS]  [1/1] ACCOUNTING: Installing Spanish legislation modules (account_es, account_statement_sepa, account_statement_aeb43)
[23/02/2026 22:35:42,74] [APP] global_routines timeout_start 10 
[23/02/2026 22:35:52,27] [INS] [9.-] Update module list in database (--update-modules-list)
[23/02/2026 22:35:55,37] [APP] global_routines timeout_start 10 1
[23/02/2026 22:36:05,24] [INS] [10.-] Verify and check that all modules are activated
[23/02/2026 22:36:05,65] [APP] global_routines timeout_start 10 1
[23/02/2026 22:36:15,31] [APP] install_reports [9] - [[INS]] - Verify and check that all modules are activated - [D:\ERP\tryton\TryDockCmd\tmp\trytond_activ.txt]
[23/02/2026 22:36:15,41] [CHECK] All modules are being read from .env file and stored in memory.
[23/02/2026 22:36:15,53] [INS] Verify and check that all modules are activated
[23/02/2026 22:36:15,64] [APP] global_routines fill_in_field [MENU] Comparing modules: [1/8] MINIMUM STRUCTURE: Tryton Core (country, currency, company, party, bank)
[23/02/2026 22:36:16,03] [INFO] Message [OK] Module country
[23/02/2026 22:36:16,11] [INFO] Message [OK] Module currency
[23/02/2026 22:36:16,20] [INFO] Message [OK] Module company
[23/02/2026 22:36:16,28] [INFO] Message [OK] Module party
[23/02/2026 22:36:16,36] [INFO] Message [OK] Module bank
[23/02/2026 22:36:16,46] [APP] global_routines fill_in_field [MENU] Comparing modules: [2/8] PRODUCTS: Product and Stock (product, stock)
[23/02/2026 22:36:16,81] [INFO] Message [OK] Module product
[23/02/2026 22:36:16,89] [INFO] Message [OK] Module stock
[23/02/2026 22:36:16,99] [APP] global_routines fill_in_field [MENU] Comparing modules: [3/8] BASE ACCOUNTING: Accounting engine and billing (account, account_eu, account_product, account_invoice, account_invoice_stock, account_payment, account_statement)
[23/02/2026 22:36:17,48] [INFO] Message [OK] Module account
[23/02/2026 22:36:17,55] [INFO] Message [OK] Module account_eu
[23/02/2026 22:36:17,63] [INFO] Message [OK] Module account_product
[23/02/2026 22:36:17,72] [INFO] Message [OK] Module account_invoice
[23/02/2026 22:36:17,80] [INFO] Message [OK] Module account_invoice_stock
[23/02/2026 22:36:17,88] [INFO] Message [OK] Module account_payment
[23/02/2026 22:36:17,97] [INFO] Message [OK] Module account_statement
[23/02/2026 22:36:18,10] [APP] global_routines fill_in_field [MENU] Comparing modules: [4/8] PURCHASE/SALE: Commercial cycle (sale, purchase)
[23/02/2026 22:36:18,44] [INFO] Message [OK] Module sale
[23/02/2026 22:36:18,52] [INFO] Message [OK] Module purchase
[23/02/2026 22:36:18,63] [APP] global_routines fill_in_field [MENU] Comparing modules: [5/8] ADVANCED LOGISTICS: Lots and Attributes (stock_supply, purchase_request)
[23/02/2026 22:36:19,00] [INFO] Message [OK] Module stock_supply
[23/02/2026 22:36:19,08] [INFO] Message [OK] Module purchase_request
[23/02/2026 22:36:19,19] [APP] global_routines fill_in_field [MENU] Comparing modules: [6/8] PLANNING: Stock replenishment (product_image, product_attribute, product_measurements, product_price_list, stock_lot)
[23/02/2026 22:36:19,64] [INFO] Message [OK] Module product_image
[23/02/2026 22:36:19,72] [INFO] Message [OK] Module product_attribute
[23/02/2026 22:36:19,80] [INFO] Message [OK] Module product_measurements
[23/02/2026 22:36:19,88] [INFO] Message [OK] Module product_price_list
[23/02/2026 22:36:19,95] [INFO] Message [OK] Module stock_lot
[23/02/2026 22:36:20,06] [APP] global_routines fill_in_field [MENU] Comparing modules: [7/8] PRODUCTION (MRP): Base manufacturing (production, production_routing, production_work, stock_supply_production, project, timesheet, company_work_time, carrier, stock_shipment_cost, sale_shipment_cost, incoterm)
[23/02/2026 22:36:20,62] [INFO] Message [OK] Module production
[23/02/2026 22:36:20,73] [INFO] Message [OK] Module production_routing
[23/02/2026 22:36:20,82] [INFO] Message [OK] Module production_work
[23/02/2026 22:36:20,92] [INFO] Message [OK] Module stock_supply_production
[23/02/2026 22:36:21,00] [INFO] Message [OK] Module project
[23/02/2026 22:36:21,08] [INFO] Message [OK] Module timesheet
[23/02/2026 22:36:21,16] [INFO] Message [OK] Module company_work_time
[23/02/2026 22:36:21,23] [INFO] Message [OK] Module carrier
[23/02/2026 22:36:21,31] [INFO] Message [OK] Module stock_shipment_cost
[23/02/2026 22:36:21,39] [INFO] Message [OK] Module sale_shipment_cost
[23/02/2026 22:36:21,47] [INFO] Message [OK] Module incoterm
[23/02/2026 22:36:21,59] [APP] global_routines fill_in_field [MENU] Comparing modules: [8/8] CLOSING AND DASHBOARDS: Final modules and dashboards (dashboard, marketing, party_relationship, party_avatar)
[23/02/2026 22:36:22,01] [INFO] Message [OK] Module dashboard
[23/02/2026 22:36:22,09] [INFO] Message [OK] Module marketing
[23/02/2026 22:36:22,17] [INFO] Message [OK] Module party_relationship
[23/02/2026 22:36:22,25] [INFO] Message [OK] Module party_avatar
[23/02/2026 22:36:22,35] [APP] global_routines fill_in_field [MENU] Comparing modules: [1/1] ACCOUNTING: Installing Spanish legislation modules (account_es, account_statement_sepa, account_statement_aeb43)
[23/02/2026 22:36:22,77] [INFO] Message [OK] Module account_es
[23/02/2026 22:36:22,85] [INFO] Message [OK] Module account_statement_sepa
[23/02/2026 22:36:22,93] [INFO] Message [OK] Module account_statement_aeb43
[23/02/2026 22:36:23,15] [APP] global_routines timeout_start 10 1
[23/02/2026 22:36:33,21] [INS] [11.-] List installed modules
[23/02/2026 22:36:33,61] [APP] global_routines timeout_start 10 1
[23/02/2026 22:36:43,26] [APP] install_reports [8] - [[INS]] - List installed modules - [D:\ERP\tryton\TryDockCmd\tmp\trytond_modules.txt]
[23/02/2026 22:36:43,36] [CHECK] All modules are being read from .env file and stored in memory.
[23/02/2026 22:36:43,51] [INS] List installed modules
[23/02/2026 22:36:43,59] [CHECK] | account...................................... | activated       |
[23/02/2026 22:36:43,66] [CHECK] |    +-- account_asset......................... | not activated   |
[23/02/2026 22:36:43,74] [CHECK] |    +-- account_be............................ | not activated   |
[23/02/2026 22:36:43,82] [CHECK] |    +-- account_budget........................ | not activated   |
[23/02/2026 22:36:43,91] [CHECK] |    +-- account_cash_rounding................. | not activated   |
[23/02/2026 22:36:43,98] [CHECK] |    +-- account_consolidation................. | not activated   |
[23/02/2026 22:36:44,06] [CHECK] |    +-- account_credit_limit.................. | not activated   |
[23/02/2026 22:36:44,13] [CHECK] |    +-- account_deposit....................... | not activated   |
[23/02/2026 22:36:44,20] [CHECK] |    +-- account_de_skr03...................... | not activated   |
[23/02/2026 22:36:44,28] [CHECK] |    +-- account_dunning....................... | not activated   |
[23/02/2026 22:36:44,36] [CHECK] |    +-- account_dunning_email................. | not activated   |
[23/02/2026 22:36:44,43] [CHECK] |    +-- account_dunning_fee................... | not activated   |
[23/02/2026 22:36:44,51] [CHECK] |    +-- account_dunning_letter................ | not activated   |
[23/02/2026 22:36:44,58] [CHECK] |    +-- account_es............................ | activated       |
[23/02/2026 22:36:44,66] [CHECK] |    +-- account_es_sii........................ | not activated   |
[23/02/2026 22:36:44,74] [CHECK] |    +-- account_eu............................ | activated       |
[23/02/2026 22:36:44,81] [CHECK] |    +-- account_export........................ | not activated   |
[23/02/2026 22:36:44,89] [CHECK] |    +-- account_export_winbooks............... | not activated   |
[23/02/2026 22:36:44,97] [CHECK] |    +-- account_fr............................ | not activated   |
[23/02/2026 22:36:45,04] [CHECK] |    +-- account_fr_chorus..................... | not activated   |
[23/02/2026 22:36:45,12] [CHECK] |    +-- account_invoice....................... | activated       |
[23/02/2026 22:36:45,19] [CHECK] |    +-- account_invoice_correction............ | not activated   |
[23/02/2026 22:36:45,27] [CHECK] |    +-- account_invoice_defer................. | not activated   |
[23/02/2026 22:36:45,34] [CHECK] |    +-- account_invoice_history............... | not activated   |
[23/02/2026 22:36:45,42] [CHECK] |    +-- account_invoice_line_standalone....... | not activated   |
[23/02/2026 22:36:45,50] [CHECK] |    +-- account_invoice_secondary_unit........ | not activated   |
[23/02/2026 22:36:45,57] [CHECK] |    +-- account_invoice_stock................. | activated       |
[23/02/2026 22:36:45,65] [CHECK] |    +-- account_invoice_watermark............. | not activated   |
[23/02/2026 22:36:45,72] [CHECK] |    +-- account_move_line_grouping............ | not activated   |
[23/02/2026 22:36:45,79] [CHECK] |    +-- account_payment....................... | activated       |
[23/02/2026 22:36:45,87] [CHECK] |    +-- account_payment_braintree............. | not activated   |
[23/02/2026 22:36:45,95] [CHECK] |    +-- account_payment_clearing.............. | not activated   |
[23/02/2026 22:36:46,02] [CHECK] |    +-- account_payment_sepa.................. | not activated   |
[23/02/2026 22:36:46,09] [CHECK] |    +-- account_payment_sepa_cfonb............ | not activated   |
[23/02/2026 22:36:46,18] [CHECK] |    +-- account_payment_stripe................ | not activated   |
[23/02/2026 22:36:46,27] [CHECK] |    +-- account_product....................... | activated       |
[23/02/2026 22:36:46,34] [CHECK] |    +-- account_receivable_rule............... | not activated   |
[23/02/2026 22:36:46,42] [CHECK] |    +-- account_rule.......................... | not activated   |
[23/02/2026 22:36:46,49] [CHECK] |    +-- account_statement..................... | activated       |
[23/02/2026 22:36:46,57] [CHECK] |    +-- account_statement_aeb43............... | activated       |
[23/02/2026 22:36:46,65] [CHECK] |    +-- account_statement_coda................ | not activated   |
[23/02/2026 22:36:46,72] [CHECK] |    +-- account_statement_mt940............... | not activated   |
[23/02/2026 22:36:46,80] [CHECK] |    +-- account_statement_ofx................. | not activated   |
[23/02/2026 22:36:46,87] [CHECK] |    +-- account_statement_rule................ | not activated   |
[23/02/2026 22:36:46,95] [CHECK] |    +-- account_statement_sepa................ | activated       |
[23/02/2026 22:36:47,03] [CHECK] |    +-- account_stock_anglo_saxon............. | not activated   |
[23/02/2026 22:36:47,10] [CHECK] |    +-- account_stock_continental............. | not activated   |
[23/02/2026 22:36:47,18] [CHECK] |    +-- account_stock_eu...................... | not activated   |
[23/02/2026 22:36:47,25] [CHECK] |    +-- account_stock_landed_cost............. | not activated   |
[23/02/2026 22:36:47,33] [CHECK] |    +-- account_stock_landed_cost_weight...... | not activated   |
[23/02/2026 22:36:47,40] [CHECK] |    +-- account_stock_shipment_cost........... | not activated   |
[23/02/2026 22:36:47,48] [CHECK] |    +-- account_stock_shipment_cost_weight.... | not activated   |
[23/02/2026 22:36:47,56] [CHECK] |    +-- account_syscohada..................... | not activated   |
[23/02/2026 22:36:47,64] [CHECK] |    +-- account_tax_cash...................... | not activated   |
[23/02/2026 22:36:47,73] [CHECK] |    +-- account_tax_non_deductible............ | not activated   |
[23/02/2026 22:36:47,81] [CHECK] |    +-- account_tax_rule_country.............. | not activated   |
[23/02/2026 22:36:47,89] [CHECK] | analytic_account............................. | not activated   |
[23/02/2026 22:36:47,97] [CHECK] |    +-- analytic_budget....................... | not activated   |
[23/02/2026 22:36:48,06] [CHECK] |    +-- analytic_invoice...................... | not activated   |
[23/02/2026 22:36:48,14] [CHECK] |    +-- analytic_purchase..................... | not activated   |
[23/02/2026 22:36:48,22] [CHECK] |    +-- analytic_sale......................... | not activated   |
[23/02/2026 22:36:48,29] [CHECK] | attendance................................... | not activated   |
[23/02/2026 22:36:48,37] [CHECK] | authentication_saml.......................... | not activated   |
[23/02/2026 22:36:48,45] [CHECK] |    +-- authentication_sms.................... | not activated   |
[23/02/2026 22:36:48,53] [CHECK] | bank......................................... | activated       |
[23/02/2026 22:36:48,61] [CHECK] | carrier...................................... | activated       |
[23/02/2026 22:36:48,69] [CHECK] |    +-- carrier_carriage...................... | not activated   |
[23/02/2026 22:36:48,77] [CHECK] |    +-- carrier_percentage.................... | not activated   |
[23/02/2026 22:36:48,84] [CHECK] |    +-- carrier_subdivision................... | not activated   |
[23/02/2026 22:36:48,92] [CHECK] |    +-- carrier_weight........................ | not activated   |
[23/02/2026 22:36:48,99] [CHECK] | commission................................... | not activated   |
[23/02/2026 22:36:49,06] [CHECK] |    +-- commission_waiting.................... | not activated   |
[23/02/2026 22:36:49,14] [CHECK] | company...................................... | activated       |
[23/02/2026 22:36:49,22] [CHECK] |    +-- company_work_time..................... | activated       |
[23/02/2026 22:36:49,30] [CHECK] | country...................................... | activated       |
[23/02/2026 22:36:49,37] [CHECK] | currency..................................... | activated       |
[23/02/2026 22:36:49,46] [CHECK] |    +-- currency_ro........................... | not activated   |
[23/02/2026 22:36:49,53] [CHECK] |    +-- currency_rs........................... | not activated   |
[23/02/2026 22:36:49,61] [CHECK] | customs...................................... | not activated   |
[23/02/2026 22:36:49,69] [CHECK] | dashboard.................................... | activated       |
[23/02/2026 22:36:49,76] [CHECK] | document_incoming............................ | not activated   |
[23/02/2026 22:36:49,84] [CHECK] |    +-- document_incoming_invoice............. | not activated   |
[23/02/2026 22:36:49,91] [CHECK] |    +-- document_incoming_ocr................. | not activated   |
[23/02/2026 22:36:49,98] [CHECK] |    +-- document_incoming_ocr_typless......... | not activated   |
[23/02/2026 22:36:50,06] [CHECK] | edocument_peppol............................. | not activated   |
[23/02/2026 22:36:50,14] [CHECK] |    +-- edocument_peppol_peppyrus............. | not activated   |
[23/02/2026 22:36:50,21] [CHECK] |    +-- edocument_ubl......................... | not activated   |
[23/02/2026 22:36:50,29] [CHECK] |    +-- edocument_uncefact.................... | not activated   |
[23/02/2026 22:36:50,37] [CHECK] |    +-- edocument_unece....................... | not activated   |
[23/02/2026 22:36:50,45] [CHECK] | google_maps.................................. | not activated   |
[23/02/2026 22:36:50,53] [CHECK] | inbound_email................................ | not activated   |
[23/02/2026 22:36:50,61] [CHECK] | incoterm..................................... | activated       |
[23/02/2026 22:36:50,68] [CHECK] | ir........................................... | activated       |
[23/02/2026 22:36:50,76] [CHECK] | ldap_authentication.......................... | not activated   |
[23/02/2026 22:36:50,84] [CHECK] | marketing.................................... | activated       |
[23/02/2026 22:36:50,92] [CHECK] |    +-- marketing_automation.................. | not activated   |
[23/02/2026 22:36:50,99] [CHECK] |    +-- marketing_campaign.................... | not activated   |
[23/02/2026 22:36:51,06] [CHECK] |    +-- marketing_email....................... | not activated   |
[23/02/2026 22:36:51,14] [CHECK] | notification_email........................... | not activated   |
[23/02/2026 22:36:51,21] [CHECK] | party........................................ | activated       |
[23/02/2026 22:36:51,29] [CHECK] |    +-- party_avatar.......................... | activated       |
[23/02/2026 22:36:51,37] [CHECK] |    +-- party_relationship.................... | activated       |
[23/02/2026 22:36:51,44] [CHECK] |    +-- party_siret........................... | not activated   |
[23/02/2026 22:36:51,52] [CHECK] | product...................................... | activated       |
[23/02/2026 22:36:51,59] [CHECK] |    +-- product_attribute..................... | activated       |
[23/02/2026 22:36:51,66] [CHECK] |    +-- product_classification................ | not activated   |
[23/02/2026 22:36:51,74] [CHECK] |    +-- product_classification_taxonomic...... | not activated   |
[23/02/2026 22:36:51,82] [CHECK] |    +-- product_cost_fifo..................... | not activated   |
[23/02/2026 22:36:51,89] [CHECK] |    +-- product_cost_history.................. | not activated   |
[23/02/2026 22:36:51,96] [CHECK] |    +-- product_cost_warehouse................ | not activated   |
[23/02/2026 22:36:52,04] [CHECK] |    +-- product_image......................... | activated       |
[23/02/2026 22:36:52,12] [CHECK] |    +-- product_image_attribute............... | not activated   |
[23/02/2026 22:36:52,20] [CHECK] | production................................... | activated       |
[23/02/2026 22:36:52,27] [CHECK] |    +-- production_outsourcing................ | not activated   |
[23/02/2026 22:36:52,35] [CHECK] |    +-- production_routing.................... | activated       |
[23/02/2026 22:36:52,43] [CHECK] |    +-- production_split...................... | not activated   |
[23/02/2026 22:36:52,51] [CHECK] |    +-- production_work....................... | activated       |
[23/02/2026 22:36:52,59] [CHECK] |    +-- production_work_timesheet............. | not activated   |
[23/02/2026 22:36:52,67] [CHECK] | product_kit.................................. | not activated   |
[23/02/2026 22:36:52,75] [CHECK] |    +-- product_measurements.................. | activated       |
[23/02/2026 22:36:52,82] [CHECK] |    +-- product_price_list.................... | activated       |
[23/02/2026 22:36:52,90] [CHECK] |    +-- product_price_list_cache.............. | not activated   |
[23/02/2026 22:36:52,98] [CHECK] |    +-- product_price_list_dates.............. | not activated   |
[23/02/2026 22:36:53,06] [CHECK] |    +-- product_price_list_parent............. | not activated   |
[23/02/2026 22:36:53,17] [CHECK] | project...................................... | activated       |
[23/02/2026 22:36:53,28] [CHECK] |    +-- project_invoice....................... | not activated   |
[23/02/2026 22:36:53,38] [CHECK] |    +-- project_plan.......................... | not activated   |
[23/02/2026 22:36:53,47] [CHECK] |    +-- project_revenue....................... | not activated   |
[23/02/2026 22:36:53,54] [CHECK] | purchase..................................... | activated       |
[23/02/2026 22:36:53,62] [CHECK] |    +-- purchase_amendment.................... | not activated   |
[23/02/2026 22:36:53,70] [CHECK] |    +-- purchase_blanket_agreement............ | not activated   |
[23/02/2026 22:36:53,77] [CHECK] |    +-- purchase_history...................... | not activated   |
[23/02/2026 22:36:53,85] [CHECK] |    +-- purchase_invoice_line_standalone...... | not activated   |
[23/02/2026 22:36:53,93] [CHECK] |    +-- purchase_price_list................... | not activated   |
[23/02/2026 22:36:54,01] [CHECK] |    +-- purchase_product_quantity............. | not activated   |
[23/02/2026 22:36:54,09] [CHECK] |    +-- purchase_request...................... | activated       |
[23/02/2026 22:36:54,16] [CHECK] |    +-- purchase_request_quotation............ | not activated   |
[23/02/2026 22:36:54,24] [CHECK] |    +-- purchase_requisition.................. | not activated   |
[23/02/2026 22:36:54,32] [CHECK] |    +-- purchase_secondary_unit............... | not activated   |
[23/02/2026 22:36:54,40] [CHECK] |    +-- purchase_shipment_cost................ | not activated   |
[23/02/2026 22:36:54,48] [CHECK] | quality...................................... | not activated   |
[23/02/2026 22:36:54,55] [CHECK] | res.......................................... | activated       |
[23/02/2026 22:36:54,64] [CHECK] | sale......................................... | activated       |
[23/02/2026 22:36:54,71] [CHECK] |    +-- sale_advance_payment.................. | not activated   |
[23/02/2026 22:36:54,79] [CHECK] |    +-- sale_amendment........................ | not activated   |
[23/02/2026 22:36:54,87] [CHECK] |    +-- sale_blanket_agreement................ | not activated   |
[23/02/2026 22:36:54,95] [CHECK] |    +-- sale_complaint........................ | not activated   |
[23/02/2026 22:36:55,02] [CHECK] |    +-- sale_credit_limit..................... | not activated   |
[23/02/2026 22:36:55,10] [CHECK] |    +-- sale_discount......................... | not activated   |
[23/02/2026 22:36:55,18] [CHECK] |    +-- sale_extra............................ | not activated   |
[23/02/2026 22:36:55,26] [CHECK] |    +-- sale_gift_card........................ | not activated   |
[23/02/2026 22:36:55,34] [CHECK] |    +-- sale_history.......................... | not activated   |
[23/02/2026 22:36:55,41] [CHECK] |    +-- sale_invoice_date..................... | not activated   |
[23/02/2026 22:36:55,50] [CHECK] |    +-- sale_invoice_grouping................. | not activated   |
[23/02/2026 22:36:55,60] [CHECK] |    +-- sale_opportunity...................... | not activated   |
[23/02/2026 22:36:55,68] [CHECK] |    +-- sale_payment.......................... | not activated   |
[23/02/2026 22:36:55,75] [CHECK] |    +-- sale_point............................ | not activated   |
[23/02/2026 22:36:55,83] [CHECK] |    +-- sale_price_list....................... | not activated   |
[23/02/2026 22:36:55,91] [CHECK] |    +-- sale_product_customer................. | not activated   |
[23/02/2026 22:36:56,00] [CHECK] |    +-- sale_product_quantity................. | not activated   |
[23/02/2026 22:36:56,07] [CHECK] |    +-- sale_product_recommendation........... | not activated   |
[23/02/2026 22:36:56,15] [CHECK] |    +-- sale_product_recommendation_associatio | not activated   |
[23/02/2026 22:36:56,23] [CHECK] |    +-- sale_promotion........................ | not activated   |
[23/02/2026 22:36:56,30] [CHECK] |    +-- sale_promotion_coupon................. | not activated   |
[23/02/2026 22:36:56,38] [CHECK] |    +-- sale_promotion_coupon_payment......... | not activated   |
[23/02/2026 22:36:56,46] [CHECK] |    +-- sale_rental........................... | not activated   |
[23/02/2026 22:36:56,53] [CHECK] |    +-- sale_rental_progress_invoice.......... | not activated   |
[23/02/2026 22:36:56,61] [CHECK] |    +-- sale_secondary_unit................... | not activated   |
[23/02/2026 22:36:56,69] [CHECK] |    +-- sale_shipment_cost.................... | activated       |
[23/02/2026 22:36:56,77] [CHECK] |    +-- sale_shipment_grouping................ | not activated   |
[23/02/2026 22:36:56,85] [CHECK] |    +-- sale_shipment_tolerance............... | not activated   |
[23/02/2026 22:36:56,93] [CHECK] |    +-- sale_stock_quantity................... | not activated   |
[23/02/2026 22:36:57,00] [CHECK] |    +-- sale_subscription..................... | not activated   |
[23/02/2026 22:36:57,08] [CHECK] |    +-- sale_subscription_asset............... | not activated   |
[23/02/2026 22:36:57,16] [CHECK] |    +-- sale_supply........................... | not activated   |
[23/02/2026 22:36:57,23] [CHECK] |    +-- sale_supply_drop_shipment............. | not activated   |
[23/02/2026 22:36:57,31] [CHECK] |    +-- sale_supply_production................ | not activated   |
[23/02/2026 22:36:57,40] [CHECK] | stock........................................ | activated       |
[23/02/2026 22:36:57,47] [CHECK] |    +-- stock_assign_manual................... | not activated   |
[23/02/2026 22:36:57,55] [CHECK] |    +-- stock_consignment..................... | not activated   |
[23/02/2026 22:36:57,63] [CHECK] |    +-- stock_forecast........................ | not activated   |
[23/02/2026 22:36:57,71] [CHECK] |    +-- stock_inventory_location.............. | not activated   |
[23/02/2026 22:36:57,80] [CHECK] |    +-- stock_location_move................... | not activated   |
[23/02/2026 22:36:57,88] [CHECK] |    +-- stock_location_sequence............... | not activated   |
[23/02/2026 22:36:57,96] [CHECK] |    +-- stock_lot............................. | activated       |
[23/02/2026 22:36:58,05] [CHECK] |    +-- stock_lot_sled........................ | not activated   |
[23/02/2026 22:36:58,13] [CHECK] |    +-- stock_lot_unit........................ | not activated   |
[23/02/2026 22:36:58,20] [CHECK] |    +-- stock_package......................... | not activated   |
[23/02/2026 22:36:58,28] [CHECK] |    +-- stock_package_shipping................ | not activated   |
[23/02/2026 22:36:58,36] [CHECK] |    +-- stock_package_shipping_dpd............ | not activated   |
[23/02/2026 22:36:58,44] [CHECK] |    +-- stock_package_shipping_mygls.......... | not activated   |
[23/02/2026 22:36:58,52] [CHECK] |    +-- stock_package_shipping_sendcloud...... | not activated   |
[23/02/2026 22:36:58,60] [CHECK] |    +-- stock_package_shipping_ups............ | not activated   |
[23/02/2026 22:36:58,68] [CHECK] |    +-- stock_product_location................ | not activated   |
[23/02/2026 22:36:58,75] [CHECK] |    +-- stock_product_location_place.......... | not activated   |
[23/02/2026 22:36:58,83] [CHECK] |    +-- stock_quantity_early_planning......... | not activated   |
[23/02/2026 22:36:58,91] [CHECK] |    +-- stock_quantity_issue.................. | not activated   |
[23/02/2026 22:36:58,98] [CHECK] |    +-- stock_secondary_unit.................. | not activated   |
[23/02/2026 22:36:59,06] [CHECK] |    +-- stock_shipment_cost................... | activated       |
[23/02/2026 22:36:59,14] [CHECK] |    +-- stock_shipment_cost_weight............ | not activated   |
[23/02/2026 22:36:59,22] [CHECK] |    +-- stock_shipment_customs................ | not activated   |
[23/02/2026 22:36:59,30] [CHECK] |    +-- stock_shipment_measurements........... | not activated   |
[23/02/2026 22:36:59,38] [CHECK] |    +-- stock_shipping_point.................. | not activated   |
[23/02/2026 22:36:59,45] [CHECK] |    +-- stock_split........................... | not activated   |
[23/02/2026 22:36:59,53] [CHECK] |    +-- stock_supply.......................... | activated       |
[23/02/2026 22:36:59,61] [CHECK] |    +-- stock_supply_day...................... | not activated   |
[23/02/2026 22:36:59,69] [CHECK] |    +-- stock_supply_forecast................. | not activated   |
[23/02/2026 22:36:59,76] [CHECK] |    +-- stock_supply_production............... | activated       |
[23/02/2026 22:36:59,84] [CHECK] | timesheet.................................... | activated       |
[23/02/2026 22:36:59,92] [CHECK] |    +-- timesheet_cost........................ | not activated   |
[23/02/2026 22:37:00,00] [CHECK] | user_role.................................... | not activated   |
[23/02/2026 22:37:00,08] [CHECK] | web_shop..................................... | not activated   |
[23/02/2026 22:37:00,15] [CHECK] |    +-- web_shop_product_data_feed............ | not activated   |
[23/02/2026 22:37:00,23] [CHECK] |    +-- web_shop_shopify...................... | not activated   |
[23/02/2026 22:37:00,31] [CHECK] |    +-- web_shop_vue_storefront............... | not activated   |
[23/02/2026 22:37:00,39] [CHECK] |    +-- web_shop_vue_storefront_stripe........ | not activated   |
[23/02/2026 22:37:00,47] [CHECK] |    +-- web_shortener......................... | not activated   |
[23/02/2026 22:37:00,54] [CHECK] |    +-- web_user.............................. | not activated   |
[23/02/2026 22:37:00,76] [APP] global_routines timeout_start 10 1
[23/02/2026 22:37:10,23] [INS] [12.-] Verify all XML files (Structure and Data) for each module within the server.
[23/02/2026 22:37:10,36] [APP] install_reports [7] - [[INS]] - List installed modules - [D:\ERP\tryton\TryDockCmd\tmp\trytond_xml.txt]
[23/02/2026 22:37:10,47] [CHECK] All modules are being read from .env file and stored in memory.
[23/02/2026 22:37:11,09] [CHECK] ir.xml                              DATA
[23/02/2026 22:37:11,64] [CHECK] ui/ui.xml                           DATA
[23/02/2026 22:37:12,23] [CHECK] ui/icon.xml                         STRUCTURE
[23/02/2026 22:37:12,79] [CHECK] ui/menu.xml                         STRUCTURE
[23/02/2026 22:37:13,35] [CHECK] ui/view.xml                         STRUCTURE
[23/02/2026 22:37:13,93] [CHECK] action.xml                          STRUCTURE
[23/02/2026 22:37:14,49] [CHECK] model.xml                           STRUCTURE
[23/02/2026 22:37:15,08] [CHECK] sequence.xml                        STRUCTURE
[23/02/2026 22:37:15,66] [CHECK] attachment.xml                      STRUCTURE
[23/02/2026 22:37:16,27] [CHECK] note.xml                            STRUCTURE
[23/02/2026 22:37:16,84] [CHECK] cron.xml                            STRUCTURE
[23/02/2026 22:37:17,42] [CHECK] lang.xml                            STRUCTURE
[23/02/2026 22:37:17,99] [CHECK] translation.xml                     STRUCTURE
[23/02/2026 22:37:18,58] [CHECK] export.xml                          STRUCTURE
[23/02/2026 22:37:19,18] [CHECK] rule.xml                            STRUCTURE
[23/02/2026 22:37:19,80] [CHECK] module.xml                          STRUCTURE
[23/02/2026 22:37:20,37] [CHECK] trigger.xml                         STRUCTURE
[23/02/2026 22:37:20,95] [CHECK] calendar_.xml                       DATA
[23/02/2026 22:37:21,52] [CHECK] message.xml                         STRUCTURE
[23/02/2026 22:37:22,07] [CHECK] queue.xml                           DATA
[23/02/2026 22:37:22,63] [CHECK] email.xml                           STRUCTURE
[23/02/2026 22:37:23,19] [CHECK] error.xml                           STRUCTURE
[23/02/2026 22:37:23,81] [CHECK] res.xml                             DATA
[23/02/2026 22:37:24,38] [CHECK] group.xml                           STRUCTURE
[23/02/2026 22:37:24,95] [CHECK] user.xml                            STRUCTURE
[23/02/2026 22:37:25,52] [CHECK] notification.xml                    STRUCTURE
[23/02/2026 22:37:26,09] [CHECK] message.xml                         DATA
[23/02/2026 22:37:26,68] [CHECK] country.xml                         STRUCTURE
[23/02/2026 22:37:27,26] [CHECK] organization.xml                    DATA
[23/02/2026 22:37:27,82] [CHECK] region.xml                          DATA
[23/02/2026 22:37:28,40] [CHECK] currency.xml                        STRUCTURE
[23/02/2026 22:37:28,96] [CHECK] message.xml                         DATA
[23/02/2026 22:37:29,51] [CHECK] party.xml                           STRUCTURE
[23/02/2026 22:37:30,08] [CHECK] category.xml                        STRUCTURE
[23/02/2026 22:37:30,66] [CHECK] address.xml                         STRUCTURE
[23/02/2026 22:37:31,20] [CHECK] contact_mechanism.xml               STRUCTURE
[23/02/2026 22:37:31,76] [CHECK] configuration.xml                   STRUCTURE
[23/02/2026 22:37:32,31] [CHECK] ir.xml                              STRUCTURE
[23/02/2026 22:37:32,88] [CHECK] message.xml                         DATA
[23/02/2026 22:37:33,43] [CHECK] bank.xml                            STRUCTURE
[23/02/2026 22:37:34,00] [CHECK] party.xml                           STRUCTURE
[23/02/2026 22:37:34,55] [CHECK] message.xml                         DATA
[23/02/2026 22:37:35,11] [CHECK] company.xml                         STRUCTURE
[23/02/2026 22:37:35,68] [CHECK] ir.xml                              STRUCTURE
[23/02/2026 22:37:36,22] [CHECK] message.xml                         DATA
[23/02/2026 22:37:36,79] [CHECK] product.xml                         STRUCTURE
[23/02/2026 22:37:37,35] [CHECK] category.xml                        STRUCTURE
[23/02/2026 22:37:37,90] [CHECK] uom.xml                             STRUCTURE
[23/02/2026 22:37:38,48] [CHECK] configuration.xml                   STRUCTURE
[23/02/2026 22:37:39,04] [CHECK] message.xml                         DATA
[23/02/2026 22:37:39,59] [CHECK] stock.xml                           DATA
[23/02/2026 22:37:40,15] [CHECK] product.xml                         STRUCTURE
[23/02/2026 22:37:40,66] [CHECK] location.xml                        STRUCTURE
[23/02/2026 22:37:41,23] [CHECK] shipment.xml                        STRUCTURE
[23/02/2026 22:37:41,78] [CHECK] move.xml                            STRUCTURE
[23/02/2026 22:37:42,34] [CHECK] inventory.xml                       STRUCTURE
[23/02/2026 22:37:42,89] [CHECK] party.xml                           STRUCTURE
[23/02/2026 22:37:43,45] [CHECK] configuration.xml                   STRUCTURE
[23/02/2026 22:37:43,99] [CHECK] period.xml                          STRUCTURE
[23/02/2026 22:37:44,54] [CHECK] message.xml                         DATA
[23/02/2026 22:37:45,08] [CHECK] res.xml                             STRUCTURE
[23/02/2026 22:37:45,65] [CHECK] stock_reporting.xml                 STRUCTURE
[23/02/2026 22:37:46,18] [CHECK] stock_reporting_margin.xml          STRUCTURE
[23/02/2026 22:37:46,76] [CHECK] account.xml                         STRUCTURE
[23/02/2026 22:37:47,32] [CHECK] configuration.xml                   STRUCTURE
[23/02/2026 22:37:47,86] [CHECK] company.xml                         STRUCTURE
[23/02/2026 22:37:48,43] [CHECK] fiscalyear.xml                      STRUCTURE
[23/02/2026 22:37:48,97] [CHECK] period.xml                          STRUCTURE
[23/02/2026 22:37:49,51] [CHECK] journal.xml                         STRUCTURE
[23/02/2026 22:37:50,09] [CHECK] move.xml                            STRUCTURE
[23/02/2026 22:37:50,63] [CHECK] move_template.xml                   STRUCTURE
[23/02/2026 22:37:51,19] [CHECK] tax.xml                             STRUCTURE
[23/02/2026 22:37:51,78] [CHECK] party.xml                           STRUCTURE
[23/02/2026 22:37:52,34] [CHECK] account_chart_de.xml                DATA
[23/02/2026 22:37:52,88] [CHECK] account_chart_en.xml                DATA
[23/02/2026 22:37:53,40] [CHECK] account_chart_es.xml                DATA
[23/02/2026 22:37:53,94] [CHECK] account_chart_fr.xml                DATA
[23/02/2026 22:37:54,49] [CHECK] message.xml                         DATA
[23/02/2026 22:37:55,03] [CHECK] account.xml                         STRUCTURE
[23/02/2026 22:37:55,58] [CHECK] product.xml                         STRUCTURE
[23/02/2026 22:37:56,14] [CHECK] configuration.xml                   STRUCTURE
[23/02/2026 22:37:56,72] [CHECK] message.xml                         DATA
[23/02/2026 22:37:57,27] [CHECK] analytic_account.xml                STRUCTURE
[23/02/2026 22:37:57,80] [CHECK] invoice.xml                         STRUCTURE
[23/02/2026 22:37:58,38] [CHECK] payment_term.xml                    STRUCTURE
[23/02/2026 22:37:58,94] [CHECK] party.xml                           STRUCTURE
[23/02/2026 22:37:59,50] [CHECK] account.xml                         STRUCTURE
[23/02/2026 22:38:00,07] [CHECK] company.xml                         STRUCTURE
[23/02/2026 22:38:00,62] [CHECK] message.xml                         DATA
[23/02/2026 22:38:01,26] [CHECK] account.xml                         STRUCTURE
[23/02/2026 22:38:01,91] [CHECK] account.xml                         STRUCTURE
[23/02/2026 22:38:02,49] [CHECK] stock.xml                           STRUCTURE
[23/02/2026 22:38:03,06] [CHECK] account.xml                         DATA
[23/02/2026 22:38:03,65] [CHECK] statement.xml                       STRUCTURE
[23/02/2026 22:38:04,24] [CHECK] journal.xml                         STRUCTURE
[23/02/2026 22:38:04,82] [CHECK] message.xml                         DATA
[23/02/2026 22:38:05,41] [CHECK] payment.xml                         STRUCTURE
[23/02/2026 22:38:05,97] [CHECK] account.xml                         STRUCTURE
[23/02/2026 22:38:06,57] [CHECK] party.xml                           STRUCTURE
[23/02/2026 22:38:07,15] [CHECK] message.xml                         DATA
[23/02/2026 22:38:07,75] [CHECK] purchase.xml                        STRUCTURE
[23/02/2026 22:38:08,41] [CHECK] purchase_reporting.xml              STRUCTURE
[23/02/2026 22:38:09,03] [CHECK] configuration.xml                   STRUCTURE
[23/02/2026 22:38:09,67] [CHECK] party.xml                           STRUCTURE
[23/02/2026 22:38:10,28] [CHECK] stock.xml                           STRUCTURE
[23/02/2026 22:38:10,88] [CHECK] product.xml                         STRUCTURE
[23/02/2026 22:38:11,44] [CHECK] invoice.xml                         STRUCTURE
[23/02/2026 22:38:12,07] [CHECK] message.xml                         DATA
[23/02/2026 22:38:12,64] [CHECK] sale.xml                            STRUCTURE
[23/02/2026 22:38:13,21] [CHECK] configuration.xml                   STRUCTURE
[23/02/2026 22:38:13,78] [CHECK] sale_reporting.xml                  STRUCTURE
[23/02/2026 22:38:14,36] [CHECK] party.xml                           STRUCTURE
[23/02/2026 22:38:14,94] [CHECK] stock.xml                           STRUCTURE
[23/02/2026 22:38:15,52] [CHECK] product.xml                         STRUCTURE
[23/02/2026 22:38:16,10] [CHECK] invoice.xml                         STRUCTURE
[23/02/2026 22:38:16,78] [CHECK] message.xml                         DATA
[23/02/2026 22:38:17,37] [CHECK] purchase_request.xml                STRUCTURE
[23/02/2026 22:38:17,96] [CHECK] purchase.xml                        STRUCTURE
[23/02/2026 22:38:18,56] [CHECK] message.xml                         DATA
[23/02/2026 22:38:19,10] [CHECK] order_point.xml                     STRUCTURE
[23/02/2026 22:38:19,69] [CHECK] purchase_request.xml                STRUCTURE
[23/02/2026 22:38:20,26] [CHECK] product.xml                         STRUCTURE
[23/02/2026 22:38:20,83] [CHECK] location.xml                        STRUCTURE
[23/02/2026 22:38:21,41] [CHECK] stock.xml                           STRUCTURE
[23/02/2026 22:38:21,98] [CHECK] message.xml                         DATA
[23/02/2026 22:38:22,53] [CHECK] product.xml                         STRUCTURE
[23/02/2026 22:38:23,09] [CHECK] message.xml                         DATA
[23/02/2026 22:38:23,64] [CHECK] price_list.xml                      STRUCTURE
[23/02/2026 22:38:24,22] [CHECK] message.xml                         DATA
[23/02/2026 22:38:24,78] [CHECK] product.xml                         STRUCTURE
[23/02/2026 22:38:25,36] [CHECK] ir.xml                              DATA
[23/02/2026 22:38:25,94] [CHECK] stock.xml                           STRUCTURE
[23/02/2026 22:38:26,50] [CHECK] product.xml                         STRUCTURE
[23/02/2026 22:38:27,07] [CHECK] message.xml                         DATA
[23/02/2026 22:38:27,64] [CHECK] product.xml                         STRUCTURE
[23/02/2026 22:38:28,22] [CHECK] message.xml                         DATA
[23/02/2026 22:38:28,78] [CHECK] company.xml                         STRUCTURE
[23/02/2026 22:38:29,35] [CHECK] carrier.xml                         STRUCTURE
[23/02/2026 22:38:29,98] [CHECK] timesheet.xml                       DATA
[23/02/2026 22:38:30,51] [CHECK] work.xml                            STRUCTURE
[23/02/2026 22:38:31,06] [CHECK] line.xml                            STRUCTURE
[23/02/2026 22:38:31,61] [CHECK] message.xml                         DATA
[23/02/2026 22:38:32,14] [CHECK] project.xml                         DATA
[23/02/2026 22:38:32,71] [CHECK] work.xml                            STRUCTURE
[23/02/2026 22:38:33,27] [CHECK] timesheet.xml                       STRUCTURE
[23/02/2026 22:38:33,83] [CHECK] message.xml                         DATA
[23/02/2026 22:38:34,40] [CHECK] carrier.xml                         STRUCTURE
[23/02/2026 22:38:34,98] [CHECK] stock.xml                           STRUCTURE
[23/02/2026 22:38:35,53] [CHECK] stock_reporting_margin.xml          STRUCTURE
[23/02/2026 22:38:36,13] [CHECK] production.xml                      STRUCTURE
[23/02/2026 22:38:36,74] [CHECK] configuration.xml                   STRUCTURE
[23/02/2026 22:38:37,31] [CHECK] bom.xml                             STRUCTURE
[23/02/2026 22:38:37,88] [CHECK] product.xml                         STRUCTURE
[23/02/2026 22:38:38,47] [CHECK] stock.xml                           STRUCTURE
[23/02/2026 22:38:39,01] [CHECK] message.xml                         DATA
[23/02/2026 22:38:39,58] [CHECK] party.xml                           STRUCTURE
[23/02/2026 22:38:40,15] [CHECK] sale.xml                            STRUCTURE
[23/02/2026 22:38:40,72] [CHECK] stock.xml                           STRUCTURE
[23/02/2026 22:38:41,27] [CHECK] message.xml                         DATA
[23/02/2026 22:38:41,84] [CHECK] incoterm.xml                        STRUCTURE
[23/02/2026 22:38:42,41] [CHECK] company.xml                         STRUCTURE
[23/02/2026 22:38:42,97] [CHECK] party.xml                           STRUCTURE
[23/02/2026 22:38:43,53] [CHECK] carrier.xml                         STRUCTURE
[23/02/2026 22:38:44,10] [CHECK] purchase.xml                        STRUCTURE
[23/02/2026 22:38:44,64] [CHECK] sale.xml                            STRUCTURE
[23/02/2026 22:38:45,23] [CHECK] stock.xml                           STRUCTURE
[23/02/2026 22:38:45,80] [CHECK] web.xml                             STRUCTURE
[23/02/2026 22:38:46,38] [CHECK] message.xml                         DATA
[23/02/2026 22:38:46,97] [CHECK] production.xml                      STRUCTURE
[23/02/2026 22:38:47,53] [CHECK] stock.xml                           STRUCTURE
[23/02/2026 22:38:48,13] [CHECK] message.xml                         DATA
[23/02/2026 22:38:48,69] [CHECK] routing.xml                         STRUCTURE
[23/02/2026 22:38:49,23] [CHECK] production.xml                      STRUCTURE
[23/02/2026 22:38:49,82] [CHECK] product.xml                         STRUCTURE
[23/02/2026 22:38:50,39] [CHECK] work.xml                            STRUCTURE
[23/02/2026 22:38:50,95] [CHECK] routing.xml                         STRUCTURE
[23/02/2026 22:38:51,55] [CHECK] production.xml                      STRUCTURE
[23/02/2026 22:38:52,13] [CHECK] message.xml                         DATA
[23/02/2026 22:38:52,68] [CHECK] dashboard.xml                       STRUCTURE
[23/02/2026 22:38:53,25] [CHECK] res.xml                             STRUCTURE
[23/02/2026 22:38:53,84] [CHECK] ir.xml                              STRUCTURE
[23/02/2026 22:38:54,39] [CHECK] marketing.xml                       DATA
[23/02/2026 22:38:54,95] [CHECK] party.xml                           STRUCTURE
[23/02/2026 22:38:55,54] [CHECK] party.xml                           STRUCTURE
[23/02/2026 22:38:56,09] [CHECK] company.xml                         STRUCTURE
[23/02/2026 22:38:56,65] [CHECK] tax_groups.xml                      DATA
[23/02/2026 22:38:57,22] [CHECK] account_normal.xml                  DATA
[23/02/2026 22:38:57,78] [CHECK] tax_normal.xml                      DATA
[23/02/2026 22:38:58,38] [CHECK] account_pyme.xml                    DATA
[23/02/2026 22:38:58,94] [CHECK] tax_pyme.xml                        DATA
[23/02/2026 22:38:59,52] [CHECK] view.xml                            STRUCTURE
[23/02/2026 22:39:00,11] [CHECK] reporting_tax.xml                   STRUCTURE
[23/02/2026 22:39:00,68] [CHECK] message.xml                         DATA
[23/02/2026 22:39:01,25] [CHECK] party.xml                           STRUCTURE
[23/02/2026 22:39:01,79] [CHECK] account_payment.xml                 STRUCTURE
[23/02/2026 22:39:02,37] [CHECK] statement.xml                       DATA
[23/02/2026 22:39:02,91] [CHECK] account.xml                         DATA
[23/02/2026 22:39:03,23] [APP] global_routines timeout_start 10 1
[23/02/2026 22:39:13,27] [INS] REAL - Analyze tryton logs (LOGS). tryton
[23/02/2026 22:39:13,37] [APP] logger [SQL]
[23/02/2026 22:39:13,45] [SQL] Viewing tryton service logs (500: 500).
[23/02/2026 22:39:13,78] [SQL] The logs of the postgres container are displayed in Docker.
[23/02/2026 22:39:14,16] [APP] global_routines timeout_start 10  1
[23/02/2026 22:39:24,26] [INS] DEMO - Install demo data from database-.dump to tryton_demo.
[23/02/2026 22:39:24,38] [APP] install.header [INS] [install_demo] [DEMO]
[23/02/2026 22:39:24,49] [APP] checkversion [APP]
[23/02/2026 22:39:24,60] [APP] startup [CHECK]
[23/02/2026 22:39:24,88] [CHECK] The tryton-postgres-1 - Service: postgres container are active.
[23/02/2026 22:39:24,99] [APP] global_routines timeout_start 3 1
[23/02/2026 22:39:28,42] [CHECK] The tryton-server-1 - Service: server container are active.
[23/02/2026 22:39:28,52] [APP] global_routines timeout_start 3 1
[23/02/2026 22:39:31,41] [CHECK] The tryton-cron-1 - Service: cron container are active.
[23/02/2026 22:39:31,51] [APP] global_routines timeout_start 3 1
[23/02/2026 22:39:34,24] [CHECK] Inspected in Docker: [tryton-server-1]
[23/02/2026 22:39:34,39] [CHECK] Searching on the server for Tryton version. - (trytond.__version__.split('.')[:3])
[23/02/2026 22:39:34,76] [CHECK] Looking for the Tryton version in Docker: [7.8]
[23/02/2026 22:39:34,84] [CHECK] Looking for the Tryton version in Docker: [7.8.4]
[23/02/2026 22:39:34,92] [CHECK] Inspected in Docker: [postgres] - [SELECT 1 FROM pg_catalog.pg_database WHERE datname='tryton]
[23/02/2026 22:39:35,26] [CHECK] Searching on the server for PostgreSQL version. - [SELECT version()]
[23/02/2026 22:39:35,66] [CHECK] Looking for the tryton database version in Docker: [PostgreSQL 18.2 (Debian 18.2-1.pgdg13+1) on x86_64-pc-linux-gnu, compiled by gcc (Debian 14.2.0-19) 14.2.0, 64-bit]
[23/02/2026 22:39:35,74] [CHECK] Looking for the tryton database version in Docker: [PostgreSQL 18.2]
[23/02/2026 22:39:35,81] [CHECK] checkversion: All processes executed successfully.
[23/02/2026 22:39:35,89] [CHECK] All modules are being read from .env file and stored in memory.
[23/02/2026 22:39:36,30] [APP] global_routines display_file_event_all [ERROR] D:\ERP\tryton\TryDockCmd\tmp\trytond_err_demo.txt
[23/02/2026 22:39:36,39] [ERROR] Message psql: error: connection to server on socket "/var/run/postgresql/.s.PGSQL.5432" failed: FATAL:  database "tryton_demo" does not exist
[23/02/2026 22:39:49,37] [INS] [1.-] Stop postgres service to disconnect any active users. - stop postgres
[23/02/2026 22:39:50,89] [APP] global_routines timeout_start 10 
[23/02/2026 22:40:00,29] [INS] [2.-] Start postgres service. - start postgres
[23/02/2026 22:40:00,83] [APP] global_routines timeout_start 10 
[23/02/2026 22:40:10,24] [INS] [4.-] Drop the database tryton_demo
[23/02/2026 22:40:10,67] [APP] global_routines timeout_start 10 
[23/02/2026 22:40:20,29] [INS] [5.-] Create the database tryton_demo
[23/02/2026 22:40:20,75] [APP] global_routines timeout_start 10 
[23/02/2026 22:40:30,28] [INS] [6.-] Check database connection tryton_demo
[23/02/2026 22:40:30,68] [APP] global_routines timeout_start 10 1
[23/02/2026 22:40:40,31] [INS] [7.-] Import with curl from https://www.tryton.org/~demo/database-VERSION.dump injecting to https://www.tryton.org/~demo/database-7.8.dump
[23/02/2026 22:40:40,38] [INS] File PROJECT exists in path D:\ERP\tryton\TryDockCmd\sql
[23/02/2026 22:40:40,46] [INS] [+] Injecting into database tryton_demo
[23/02/2026 22:40:48,88] [APP] global_routines timeout_start 10 
[23/02/2026 22:40:58,30] [INS] [8.-] Deactivate authentication_none module, as it is not present in the docker image.
[23/02/2026 22:40:58,73] [APP] global_routines timeout_start 10 1
[23/02/2026 22:41:08,23] [INS] [9.-] Update module list in database (--update-modules-list)
[23/02/2026 22:41:11,04] [APP] global_routines timeout_start 10 1
[23/02/2026 22:41:21,31] [INS] [10.-] Verify and check that all modules are activated
[23/02/2026 22:41:21,70] [APP] global_routines timeout_start 10 1
[23/02/2026 22:41:31,24] [APP] install_reports [6] - [[MENU]] - Verify and check that all modules are activated - [D:\ERP\tryton\TryDockCmd\tmp\trytond_activ_demo.txt]
[23/02/2026 22:41:31,34] [CHECK] All modules are being read from .env file and stored in memory.
[23/02/2026 22:41:31,58] [APP] global_routines fill_in_field [MENU] Comparing modules: [1/6] MINIMUM STRUCTURE: Tryton Core (country, currency, company, party, bank)
[23/02/2026 22:41:31,95] [INFO] Message [OK] Module country
[23/02/2026 22:41:32,04] [INFO] Message [OK] Module currency
[23/02/2026 22:41:32,11] [INFO] Message [OK] Module company
[23/02/2026 22:41:32,19] [INFO] Message [OK] Module party
[23/02/2026 22:41:32,27] [INFO] Message [OK] Module bank
[23/02/2026 22:41:32,37] [APP] global_routines fill_in_field [MENU] Comparing modules: [2/6] PRODUCTS: Product and Stock (product, stock)
[23/02/2026 22:41:32,73] [INFO] Message [OK] Module product
[23/02/2026 22:41:32,81] [INFO] Message [OK] Module stock
[23/02/2026 22:41:32,92] [APP] global_routines fill_in_field [MENU] Comparing modules: [3/6] BASE ACCOUNTING: Accounting engine and billing (account, account_payment, account_product, account_statement, account_invoice, account_invoice_stock)
[23/02/2026 22:41:33,40] [INFO] Message [OK] Module account
[23/02/2026 22:41:33,48] [INFO] Message [OK] Module account_payment
[23/02/2026 22:41:33,55] [INFO] Message [OK] Module account_product
[23/02/2026 22:41:33,63] [INFO] Message [OK] Module account_statement
[23/02/2026 22:41:33,71] [INFO] Message [OK] Module account_invoice
[23/02/2026 22:41:33,80] [INFO] Message [OK] Module account_invoice_stock
[23/02/2026 22:41:33,90] [APP] global_routines fill_in_field [MENU] Comparing modules: [4/6] PURCHASE/SALE: Commercial cycle (sale, purchase)
[23/02/2026 22:41:34,26] [INFO] Message [OK] Module sale
[23/02/2026 22:41:34,35] [INFO] Message [OK] Module purchase
[23/02/2026 22:41:34,46] [APP] global_routines fill_in_field [MENU] Comparing modules: [5/6] ADVANCED LOGISTICS: Lots and Attributes (production, production_work, party_avatar, company_work_time, timesheet)
[23/02/2026 22:41:34,88] [INFO] Message [OK] Module production
[23/02/2026 22:41:34,97] [INFO] Message [OK] Module production_work
[23/02/2026 22:41:35,05] [INFO] Message [OK] Module party_avatar
[23/02/2026 22:41:35,14] [INFO] Message [OK] Module company_work_time
[23/02/2026 22:41:35,22] [INFO] Message [OK] Module timesheet
[23/02/2026 22:41:35,34] [APP] global_routines fill_in_field [MENU] Comparing modules: [6/6] PLANNING: Stock replenishment (project)
[23/02/2026 22:41:35,69] [INFO] Message [OK] Module project
[23/02/2026 22:41:35,92] [APP] global_routines timeout_start 10 
[23/02/2026 22:41:45,31] [INS] [11.-] List installed modules
[23/02/2026 22:41:45,70] [APP] global_routines timeout_start 10 1
[23/02/2026 22:41:55,24] [APP] install_reports [8] - [[MENU]] - List installed modules - [D:\ERP\tryton\TryDockCmd\tmp\trytond_modules_demo.txt]
[23/02/2026 22:41:55,35] [CHECK] All modules are being read from .env file and stored in memory.
[23/02/2026 22:41:55,61] [CHECK] | account...................................... | activated       |
[23/02/2026 22:41:55,70] [CHECK] |    +-- account_asset......................... | not activated   |
[23/02/2026 22:41:55,77] [CHECK] |    +-- account_be............................ | not activated   |
[23/02/2026 22:41:55,85] [CHECK] |    +-- account_budget........................ | not activated   |
[23/02/2026 22:41:55,93] [CHECK] |    +-- account_cash_rounding................. | not activated   |
[23/02/2026 22:41:56,01] [CHECK] |    +-- account_consolidation................. | not activated   |
[23/02/2026 22:41:56,08] [CHECK] |    +-- account_credit_limit.................. | not activated   |
[23/02/2026 22:41:56,16] [CHECK] |    +-- account_deposit....................... | not activated   |
[23/02/2026 22:41:56,24] [CHECK] |    +-- account_de_skr03...................... | not activated   |
[23/02/2026 22:41:56,32] [CHECK] |    +-- account_dunning....................... | not activated   |
[23/02/2026 22:41:56,40] [CHECK] |    +-- account_dunning_email................. | not activated   |
[23/02/2026 22:41:56,49] [CHECK] |    +-- account_dunning_fee................... | not activated   |
[23/02/2026 22:41:56,57] [CHECK] |    +-- account_dunning_letter................ | not activated   |
[23/02/2026 22:41:56,64] [CHECK] |    +-- account_es............................ | not activated   |
[23/02/2026 22:41:56,72] [CHECK] |    +-- account_es_sii........................ | not activated   |
[23/02/2026 22:41:56,80] [CHECK] |    +-- account_eu............................ | not activated   |
[23/02/2026 22:41:56,88] [CHECK] |    +-- account_export........................ | not activated   |
[23/02/2026 22:41:56,95] [CHECK] |    +-- account_export_winbooks............... | not activated   |
[23/02/2026 22:41:57,04] [CHECK] |    +-- account_fr............................ | not activated   |
[23/02/2026 22:41:57,11] [CHECK] |    +-- account_fr_chorus..................... | not activated   |
[23/02/2026 22:41:57,19] [CHECK] |    +-- account_invoice....................... | activated       |
[23/02/2026 22:41:57,26] [CHECK] |    +-- account_invoice_correction............ | not activated   |
[23/02/2026 22:41:57,34] [CHECK] |    +-- account_invoice_defer................. | not activated   |
[23/02/2026 22:41:57,42] [CHECK] |    +-- account_invoice_history............... | not activated   |
[23/02/2026 22:41:57,50] [CHECK] |    +-- account_invoice_line_standalone....... | not activated   |
[23/02/2026 22:41:57,58] [CHECK] |    +-- account_invoice_secondary_unit........ | not activated   |
[23/02/2026 22:41:57,65] [CHECK] |    +-- account_invoice_stock................. | activated       |
[23/02/2026 22:41:57,74] [CHECK] |    +-- account_invoice_watermark............. | not activated   |
[23/02/2026 22:41:57,82] [CHECK] |    +-- account_move_line_grouping............ | not activated   |
[23/02/2026 22:41:57,90] [CHECK] |    +-- account_payment....................... | activated       |
[23/02/2026 22:41:57,97] [CHECK] |    +-- account_payment_braintree............. | not activated   |
[23/02/2026 22:41:58,05] [CHECK] |    +-- account_payment_clearing.............. | not activated   |
[23/02/2026 22:41:58,14] [CHECK] |    +-- account_payment_sepa.................. | not activated   |
[23/02/2026 22:41:58,23] [CHECK] |    +-- account_payment_sepa_cfonb............ | not activated   |
[23/02/2026 22:41:58,32] [CHECK] |    +-- account_payment_stripe................ | not activated   |
[23/02/2026 22:41:58,40] [CHECK] |    +-- account_product....................... | activated       |
[23/02/2026 22:41:58,48] [CHECK] |    +-- account_receivable_rule............... | not activated   |
[23/02/2026 22:41:58,56] [CHECK] |    +-- account_rule.......................... | not activated   |
[23/02/2026 22:41:58,63] [CHECK] |    +-- account_statement..................... | activated       |
[23/02/2026 22:41:58,74] [CHECK] |    +-- account_statement_aeb43............... | not activated   |
[23/02/2026 22:41:58,82] [CHECK] |    +-- account_statement_coda................ | not activated   |
[23/02/2026 22:41:58,90] [CHECK] |    +-- account_statement_mt940............... | not activated   |
[23/02/2026 22:41:58,97] [CHECK] |    +-- account_statement_ofx................. | not activated   |
[23/02/2026 22:41:59,06] [CHECK] |    +-- account_statement_rule................ | not activated   |
[23/02/2026 22:41:59,14] [CHECK] |    +-- account_statement_sepa................ | not activated   |
[23/02/2026 22:41:59,22] [CHECK] |    +-- account_stock_anglo_saxon............. | not activated   |
[23/02/2026 22:41:59,30] [CHECK] |    +-- account_stock_continental............. | not activated   |
[23/02/2026 22:41:59,38] [CHECK] |    +-- account_stock_eu...................... | not activated   |
[23/02/2026 22:41:59,47] [CHECK] |    +-- account_stock_landed_cost............. | not activated   |
[23/02/2026 22:41:59,56] [CHECK] |    +-- account_stock_landed_cost_weight...... | not activated   |
[23/02/2026 22:41:59,64] [CHECK] |    +-- account_stock_shipment_cost........... | not activated   |
[23/02/2026 22:41:59,72] [CHECK] |    +-- account_stock_shipment_cost_weight.... | not activated   |
[23/02/2026 22:41:59,80] [CHECK] |    +-- account_syscohada..................... | not activated   |
[23/02/2026 22:41:59,89] [CHECK] |    +-- account_tax_cash...................... | not activated   |
[23/02/2026 22:41:59,97] [CHECK] |    +-- account_tax_non_deductible............ | not activated   |
[23/02/2026 22:42:00,05] [CHECK] |    +-- account_tax_rule_country.............. | not activated   |
[23/02/2026 22:42:00,13] [CHECK] | analytic_account............................. | not activated   |
[23/02/2026 22:42:00,21] [CHECK] |    +-- analytic_budget....................... | not activated   |
[23/02/2026 22:42:00,29] [CHECK] |    +-- analytic_invoice...................... | not activated   |
[23/02/2026 22:42:00,37] [CHECK] |    +-- analytic_purchase..................... | not activated   |
[23/02/2026 22:42:00,45] [CHECK] |    +-- analytic_sale......................... | not activated   |
[23/02/2026 22:42:00,53] [CHECK] | attendance................................... | not activated   |
[23/02/2026 22:42:00,61] [CHECK] | authentication_saml.......................... | not activated   |
[23/02/2026 22:42:00,69] [CHECK] |    +-- authentication_sms.................... | not activated   |
[23/02/2026 22:42:00,77] [CHECK] | bank......................................... | activated       |
[23/02/2026 22:42:00,84] [CHECK] | carrier...................................... | not activated   |
[23/02/2026 22:42:00,92] [CHECK] |    +-- carrier_carriage...................... | not activated   |
[23/02/2026 22:42:00,99] [CHECK] |    +-- carrier_percentage.................... | not activated   |
[23/02/2026 22:42:01,07] [CHECK] |    +-- carrier_subdivision................... | not activated   |
[23/02/2026 22:42:01,15] [CHECK] |    +-- carrier_weight........................ | not activated   |
[23/02/2026 22:42:01,23] [CHECK] | commission................................... | not activated   |
[23/02/2026 22:42:01,31] [CHECK] |    +-- commission_waiting.................... | not activated   |
[23/02/2026 22:42:01,38] [CHECK] | company...................................... | activated       |
[23/02/2026 22:42:01,46] [CHECK] |    +-- company_work_time..................... | activated       |
[23/02/2026 22:42:01,54] [CHECK] | country...................................... | activated       |
[23/02/2026 22:42:01,62] [CHECK] | currency..................................... | activated       |
[23/02/2026 22:42:01,69] [CHECK] |    +-- currency_ro........................... | not activated   |
[23/02/2026 22:42:01,77] [CHECK] |    +-- currency_rs........................... | not activated   |
[23/02/2026 22:42:01,85] [CHECK] | customs...................................... | not activated   |
[23/02/2026 22:42:01,92] [CHECK] | dashboard.................................... | not activated   |
[23/02/2026 22:42:02,01] [CHECK] | document_incoming............................ | not activated   |
[23/02/2026 22:42:02,09] [CHECK] |    +-- document_incoming_invoice............. | not activated   |
[23/02/2026 22:42:02,17] [CHECK] |    +-- document_incoming_ocr................. | not activated   |
[23/02/2026 22:42:02,28] [CHECK] |    +-- document_incoming_ocr_typless......... | not activated   |
[23/02/2026 22:42:02,37] [CHECK] | edocument_peppol............................. | not activated   |
[23/02/2026 22:42:02,44] [CHECK] |    +-- edocument_peppol_peppyrus............. | not activated   |
[23/02/2026 22:42:02,53] [CHECK] |    +-- edocument_ubl......................... | not activated   |
[23/02/2026 22:42:02,60] [CHECK] |    +-- edocument_uncefact.................... | not activated   |
[23/02/2026 22:42:02,68] [CHECK] |    +-- edocument_unece....................... | not activated   |
[23/02/2026 22:42:02,76] [CHECK] | google_maps.................................. | not activated   |
[23/02/2026 22:42:02,83] [CHECK] | inbound_email................................ | not activated   |
[23/02/2026 22:42:02,91] [CHECK] | incoterm..................................... | not activated   |
[23/02/2026 22:42:02,99] [CHECK] | ir........................................... | activated       |
[23/02/2026 22:42:03,06] [CHECK] | ldap_authentication.......................... | not activated   |
[23/02/2026 22:42:03,14] [CHECK] | marketing.................................... | not activated   |
[23/02/2026 22:42:03,22] [CHECK] |    +-- marketing_automation.................. | not activated   |
[23/02/2026 22:42:03,30] [CHECK] |    +-- marketing_campaign.................... | not activated   |
[23/02/2026 22:42:03,38] [CHECK] |    +-- marketing_email....................... | not activated   |
[23/02/2026 22:42:03,46] [CHECK] | notification_email........................... | not activated   |
[23/02/2026 22:42:03,54] [CHECK] | party........................................ | activated       |
[23/02/2026 22:42:03,62] [CHECK] |    +-- party_avatar.......................... | activated       |
[23/02/2026 22:42:03,69] [CHECK] |    +-- party_relationship.................... | not activated   |
[23/02/2026 22:42:03,77] [CHECK] |    +-- party_siret........................... | not activated   |
[23/02/2026 22:42:03,85] [CHECK] | product...................................... | activated       |
[23/02/2026 22:42:03,92] [CHECK] |    +-- product_attribute..................... | not activated   |
[23/02/2026 22:42:04,00] [CHECK] |    +-- product_classification................ | not activated   |
[23/02/2026 22:42:04,08] [CHECK] |    +-- product_classification_taxonomic...... | not activated   |
[23/02/2026 22:42:04,16] [CHECK] |    +-- product_cost_fifo..................... | not activated   |
[23/02/2026 22:42:04,24] [CHECK] |    +-- product_cost_history.................. | not activated   |
[23/02/2026 22:42:04,33] [CHECK] |    +-- product_cost_warehouse................ | not activated   |
[23/02/2026 22:42:04,41] [CHECK] |    +-- product_image......................... | not activated   |
[23/02/2026 22:42:04,49] [CHECK] |    +-- product_image_attribute............... | not activated   |
[23/02/2026 22:42:04,57] [CHECK] | production................................... | activated       |
[23/02/2026 22:42:04,64] [CHECK] |    +-- production_outsourcing................ | not activated   |
[23/02/2026 22:42:04,73] [CHECK] |    +-- production_routing.................... | activated       |
[23/02/2026 22:42:04,80] [CHECK] |    +-- production_split...................... | not activated   |
[23/02/2026 22:42:04,89] [CHECK] |    +-- production_work....................... | activated       |
[23/02/2026 22:42:04,97] [CHECK] |    +-- production_work_timesheet............. | not activated   |
[23/02/2026 22:42:05,04] [CHECK] | product_kit.................................. | not activated   |
[23/02/2026 22:42:05,12] [CHECK] |    +-- product_measurements.................. | not activated   |
[23/02/2026 22:42:05,20] [CHECK] |    +-- product_price_list.................... | not activated   |
[23/02/2026 22:42:05,28] [CHECK] |    +-- product_price_list_cache.............. | not activated   |
[23/02/2026 22:42:05,36] [CHECK] |    +-- product_price_list_dates.............. | not activated   |
[23/02/2026 22:42:05,43] [CHECK] |    +-- product_price_list_parent............. | not activated   |
[23/02/2026 22:42:05,51] [CHECK] | project...................................... | activated       |
[23/02/2026 22:42:05,58] [CHECK] |    +-- project_invoice....................... | not activated   |
[23/02/2026 22:42:05,66] [CHECK] |    +-- project_plan.......................... | not activated   |
[23/02/2026 22:42:05,73] [CHECK] |    +-- project_revenue....................... | not activated   |
[23/02/2026 22:42:05,81] [CHECK] | purchase..................................... | activated       |
[23/02/2026 22:42:05,89] [CHECK] |    +-- purchase_amendment.................... | not activated   |
[23/02/2026 22:42:05,97] [CHECK] |    +-- purchase_blanket_agreement............ | not activated   |
[23/02/2026 22:42:06,05] [CHECK] |    +-- purchase_history...................... | not activated   |
[23/02/2026 22:42:06,12] [CHECK] |    +-- purchase_invoice_line_standalone...... | not activated   |
[23/02/2026 22:42:06,20] [CHECK] |    +-- purchase_price_list................... | not activated   |
[23/02/2026 22:42:06,28] [CHECK] |    +-- purchase_product_quantity............. | not activated   |
[23/02/2026 22:42:06,36] [CHECK] |    +-- purchase_request...................... | not activated   |
[23/02/2026 22:42:06,44] [CHECK] |    +-- purchase_request_quotation............ | not activated   |
[23/02/2026 22:42:06,54] [CHECK] |    +-- purchase_requisition.................. | not activated   |
[23/02/2026 22:42:06,62] [CHECK] |    +-- purchase_secondary_unit............... | not activated   |
[23/02/2026 22:42:06,70] [CHECK] |    +-- purchase_shipment_cost................ | not activated   |
[23/02/2026 22:42:06,77] [CHECK] | quality...................................... | not activated   |
[23/02/2026 22:42:06,86] [CHECK] | res.......................................... | activated       |
[23/02/2026 22:42:06,93] [CHECK] | sale......................................... | activated       |
[23/02/2026 22:42:07,01] [CHECK] |    +-- sale_advance_payment.................. | not activated   |
[23/02/2026 22:42:07,09] [CHECK] |    +-- sale_amendment........................ | not activated   |
[23/02/2026 22:42:07,17] [CHECK] |    +-- sale_blanket_agreement................ | not activated   |
[23/02/2026 22:42:07,24] [CHECK] |    +-- sale_complaint........................ | not activated   |
[23/02/2026 22:42:07,32] [CHECK] |    +-- sale_credit_limit..................... | not activated   |
[23/02/2026 22:42:07,40] [CHECK] |    +-- sale_discount......................... | not activated   |
[23/02/2026 22:42:07,48] [CHECK] |    +-- sale_extra............................ | not activated   |
[23/02/2026 22:42:07,55] [CHECK] |    +-- sale_gift_card........................ | not activated   |
[23/02/2026 22:42:07,63] [CHECK] |    +-- sale_history.......................... | not activated   |
[23/02/2026 22:42:07,71] [CHECK] |    +-- sale_invoice_date..................... | not activated   |
[23/02/2026 22:42:07,79] [CHECK] |    +-- sale_invoice_grouping................. | not activated   |
[23/02/2026 22:42:07,87] [CHECK] |    +-- sale_opportunity...................... | not activated   |
[23/02/2026 22:42:07,94] [CHECK] |    +-- sale_payment.......................... | not activated   |
[23/02/2026 22:42:08,02] [CHECK] |    +-- sale_point............................ | not activated   |
[23/02/2026 22:42:08,10] [CHECK] |    +-- sale_price_list....................... | not activated   |
[23/02/2026 22:42:08,18] [CHECK] |    +-- sale_product_customer................. | not activated   |
[23/02/2026 22:42:08,29] [CHECK] |    +-- sale_product_quantity................. | not activated   |
[23/02/2026 22:42:08,38] [CHECK] |    +-- sale_product_recommendation........... | not activated   |
[23/02/2026 22:42:08,46] [CHECK] |    +-- sale_product_recommendation_associatio | not activated   |
[23/02/2026 22:42:08,53] [CHECK] |    +-- sale_promotion........................ | not activated   |
[23/02/2026 22:42:08,62] [CHECK] |    +-- sale_promotion_coupon................. | not activated   |
[23/02/2026 22:42:08,70] [CHECK] |    +-- sale_promotion_coupon_payment......... | not activated   |
[23/02/2026 22:42:08,79] [CHECK] |    +-- sale_rental........................... | not activated   |
[23/02/2026 22:42:08,87] [CHECK] |    +-- sale_rental_progress_invoice.......... | not activated   |
[23/02/2026 22:42:08,95] [CHECK] |    +-- sale_secondary_unit................... | not activated   |
[23/02/2026 22:42:09,03] [CHECK] |    +-- sale_shipment_cost.................... | not activated   |
[23/02/2026 22:42:09,11] [CHECK] |    +-- sale_shipment_grouping................ | not activated   |
[23/02/2026 22:42:09,19] [CHECK] |    +-- sale_shipment_tolerance............... | not activated   |
[23/02/2026 22:42:09,27] [CHECK] |    +-- sale_stock_quantity................... | not activated   |
[23/02/2026 22:42:09,34] [CHECK] |    +-- sale_subscription..................... | not activated   |
[23/02/2026 22:42:09,43] [CHECK] |    +-- sale_subscription_asset............... | not activated   |
[23/02/2026 22:42:09,51] [CHECK] |    +-- sale_supply........................... | not activated   |
[23/02/2026 22:42:09,58] [CHECK] |    +-- sale_supply_drop_shipment............. | not activated   |
[23/02/2026 22:42:09,66] [CHECK] |    +-- sale_supply_production................ | not activated   |
[23/02/2026 22:42:09,74] [CHECK] | stock........................................ | activated       |
[23/02/2026 22:42:09,82] [CHECK] |    +-- stock_assign_manual................... | not activated   |
[23/02/2026 22:42:09,90] [CHECK] |    +-- stock_consignment..................... | not activated   |
[23/02/2026 22:42:09,97] [CHECK] |    +-- stock_forecast........................ | not activated   |
[23/02/2026 22:42:10,05] [CHECK] |    +-- stock_inventory_location.............. | not activated   |
[23/02/2026 22:42:10,13] [CHECK] |    +-- stock_location_move................... | not activated   |
[23/02/2026 22:42:10,20] [CHECK] |    +-- stock_location_sequence............... | not activated   |
[23/02/2026 22:42:10,28] [CHECK] |    +-- stock_lot............................. | not activated   |
[23/02/2026 22:42:10,36] [CHECK] |    +-- stock_lot_sled........................ | not activated   |
[23/02/2026 22:42:10,44] [CHECK] |    +-- stock_lot_unit........................ | not activated   |
[23/02/2026 22:42:10,51] [CHECK] |    +-- stock_package......................... | not activated   |
[23/02/2026 22:42:10,59] [CHECK] |    +-- stock_package_shipping................ | not activated   |
[23/02/2026 22:42:10,67] [CHECK] |    +-- stock_package_shipping_dpd............ | not activated   |
[23/02/2026 22:42:10,75] [CHECK] |    +-- stock_package_shipping_mygls.......... | not activated   |
[23/02/2026 22:42:10,83] [CHECK] |    +-- stock_package_shipping_sendcloud...... | not activated   |
[23/02/2026 22:42:10,91] [CHECK] |    +-- stock_package_shipping_ups............ | not activated   |
[23/02/2026 22:42:10,98] [CHECK] |    +-- stock_product_location................ | not activated   |
[23/02/2026 22:42:11,06] [CHECK] |    +-- stock_product_location_place.......... | not activated   |
[23/02/2026 22:42:11,14] [CHECK] |    +-- stock_quantity_early_planning......... | not activated   |
[23/02/2026 22:42:11,21] [CHECK] |    +-- stock_quantity_issue.................. | not activated   |
[23/02/2026 22:42:11,29] [CHECK] |    +-- stock_secondary_unit.................. | not activated   |
[23/02/2026 22:42:11,37] [CHECK] |    +-- stock_shipment_cost................... | not activated   |
[23/02/2026 22:42:11,45] [CHECK] |    +-- stock_shipment_cost_weight............ | not activated   |
[23/02/2026 22:42:11,53] [CHECK] |    +-- stock_shipment_customs................ | not activated   |
[23/02/2026 22:42:11,61] [CHECK] |    +-- stock_shipment_measurements........... | not activated   |
[23/02/2026 22:42:11,68] [CHECK] |    +-- stock_shipping_point.................. | not activated   |
[23/02/2026 22:42:11,76] [CHECK] |    +-- stock_split........................... | not activated   |
[23/02/2026 22:42:11,84] [CHECK] |    +-- stock_supply.......................... | not activated   |
[23/02/2026 22:42:11,92] [CHECK] |    +-- stock_supply_day...................... | not activated   |
[23/02/2026 22:42:12,00] [CHECK] |    +-- stock_supply_forecast................. | not activated   |
[23/02/2026 22:42:12,07] [CHECK] |    +-- stock_supply_production............... | not activated   |
[23/02/2026 22:42:12,15] [CHECK] | timesheet.................................... | activated       |
[23/02/2026 22:42:12,23] [CHECK] |    +-- timesheet_cost........................ | not activated   |
[23/02/2026 22:42:12,31] [CHECK] | user_role.................................... | not activated   |
[23/02/2026 22:42:12,38] [CHECK] | web_shop..................................... | not activated   |
[23/02/2026 22:42:12,46] [CHECK] |    +-- web_shop_product_data_feed............ | not activated   |
[23/02/2026 22:42:12,55] [CHECK] |    +-- web_shop_shopify...................... | not activated   |
[23/02/2026 22:42:12,63] [CHECK] |    +-- web_shop_vue_storefront............... | not activated   |
[23/02/2026 22:42:12,71] [CHECK] |    +-- web_shop_vue_storefront_stripe........ | not activated   |
[23/02/2026 22:42:12,79] [CHECK] |    +-- web_shortener......................... | not activated   |
[23/02/2026 22:42:12,87] [CHECK] |    +-- web_user.............................. | not activated   |
[23/02/2026 22:42:13,09] [APP] global_routines timeout_start 10 
[23/02/2026 22:42:23,26] [APP] global_routines timeout_start 10 1
[23/02/2026 22:42:33,21] [INS] DEMO - Analyze tryton_demo database logs (LOGS). tryton
[23/02/2026 22:42:33,31] [APP] logger [SQL]
[23/02/2026 22:42:33,39] [SQL] Viewing tryton service logs (500: 500).
[23/02/2026 22:42:33,69] [SQL] The logs of the postgres container are displayed in Docker.
[23/02/2026 22:42:34,08] [APP] global_routines timeout_start 10  1
[23/02/2026 22:42:44,21] [INS] The tryton website is launched.
[23/02/2026 22:42:44,32] [APP] client [INS]
[23/02/2026 22:42:44,40] [INS] Checking if the port 8000 is responding.
[23/02/2026 22:42:44,57] [INS] Checking if the port 8000 is open and running.
[23/02/2026 22:42:45,14] [INS] The port is enabled and connects with the url: http://localhost:8000
[23/02/2026 22:42:45,21] [INFO] Checking service readiness (Attempt 1/10)...
[23/02/2026 22:42:45,67] [OK] Service is fully responsive. Launching browser...
[23/02/2026 22:42:45,78] [APP] global_routines timeout_start 5 1
[23/02/2026 22:42:50,52] [APP] errors [INS]
[23/02/2026 22:42:50,68] [INS] Looking for issues in containers from the last 24 hours of tryton-postgres-1 - Service: postgres.
[23/02/2026 22:42:51,12] [APP] global_routines timeout_start 5 1
[23/02/2026 22:42:56,30] [INS] Looking for issues in containers from the last 24 hours of tryton-server-1 - Service: server.
[23/02/2026 22:42:56,66] [APP] global_routines timeout_start 5 1
[23/02/2026 22:43:01,30] [INS] Looking for issues in containers from the last 24 hours of tryton-cron-1 - Service: cron.
[23/02/2026 22:43:01,71] [APP] global_routines timeout_start 5 1
[23/02/2026 22:43:06,26] [ALERT] Errors detected in the last 24 h.
[23/02/2026 22:43:06,34] [ERROR] postgres-1  | 2026-02-23 21:29:36.219 UTC [90] FATAL:  role "admin" does not exist
[23/02/2026 22:43:06,45] [ERROR] postgres-1  | 2026-02-23 21:39:37.752 UTC [234] FATAL:  database "tryton_demo" does not exist
[23/02/2026 22:43:06,62] [ERROR] server-1  | 13 137418234568768 [2026-02-23 21:29:32,957] INFO trytond.modules ir register ir.error
[23/02/2026 22:43:06,72] [ERROR] server-1  | 13 137418234568768 [2026-02-23 21:29:36,656] INFO trytond.modules ir load error.xml
[23/02/2026 22:43:06,81] [ERROR] server-1  | 13 137418234568768 [2026-02-23 21:29:37,601] INFO trytond.modules update index for ir.error
[23/02/2026 22:43:06,90] [INS] Saving report to D:\ERP\tryton\TryDockCmd\log\tryton_20260223.log.
[23/02/2026 22:43:06,99] [INS] Saving report to D:\ERP\tryton\TryDockCmd\log\tryton_error.log.
[23/02/2026 22:43:07,07] [OK] install All processes executed successfully.
[23/02/2026 22:43:07,18] [APP] global_routines timeout_start 10  1
[23/02/2026 22:43:45,39] [APP] checkdocker [APP]
[23/02/2026 22:43:45,47] [CHECK] Searching for images and containers in Docker: tryton.
[23/02/2026 22:43:45,55] [CHECK] Searching for Docker image: tryton/tryton:latest
[23/02/2026 22:43:45,74] [CHECK] The image tryton/tryton:latest has been located in Docker.
[23/02/2026 22:43:45,85] [APP] global_routines timeout_start 2 1
[23/02/2026 22:43:47,27] [CHECK] Searching for Docker image: postgres:latest
[23/02/2026 22:43:47,46] [CHECK] The image postgres:latest has been located in Docker.
[23/02/2026 22:43:47,57] [APP] global_routines timeout_start 2 1
[23/02/2026 22:43:49,19] [CHECK] Searching for Docker container: tryton-postgres-1
[23/02/2026 22:43:49,36] [CHECK] The container tryton-postgres-1 has been located in Docker.
[23/02/2026 22:43:49,48] [APP] global_routines timeout_start 2 1
[23/02/2026 22:43:51,21] [CHECK] Searching for Docker container: tryton-server-1
[23/02/2026 22:43:51,36] [CHECK] The container tryton-server-1 has been located in Docker.
[23/02/2026 22:43:51,47] [APP] global_routines timeout_start 2 1
[23/02/2026 22:43:53,21] [CHECK] Searching for Docker container: tryton-cron-1
[23/02/2026 22:43:53,37] [CHECK] The container tryton-cron-1 has been located in Docker.
[23/02/2026 22:43:53,48] [APP] global_routines timeout_start 2 1
[23/02/2026 22:43:55,21] [CHECK] checkdocker: All processes executed successfully.
[23/02/2026 22:43:55,38] [APP] checkversion [APP]
[23/02/2026 22:43:55,49] [APP] startup [CHECK]
[23/02/2026 22:43:55,76] [CHECK] The tryton-postgres-1 - Service: postgres container are active.
[23/02/2026 22:43:55,87] [APP] global_routines timeout_start 3 1
[23/02/2026 22:43:58,47] [CHECK] The tryton-server-1 - Service: server container are active.
[23/02/2026 22:43:58,58] [APP] global_routines timeout_start 3 1
[23/02/2026 22:44:01,47] [CHECK] The tryton-cron-1 - Service: cron container are active.
[23/02/2026 22:44:01,57] [APP] global_routines timeout_start 3 1
[23/02/2026 22:44:04,30] [CHECK] Inspected in Docker: [tryton-server-1]
[23/02/2026 22:44:04,47] [CHECK] Searching on the server for Tryton version. - (trytond.__version__.split('.')[:3])
[23/02/2026 22:44:04,84] [CHECK] Looking for the Tryton version in Docker: [7.8]
[23/02/2026 22:44:04,91] [CHECK] Looking for the Tryton version in Docker: [7.8.4]
[23/02/2026 22:44:04,98] [CHECK] Inspected in Docker: [postgres] - [SELECT 1 FROM pg_catalog.pg_database WHERE datname='tryton]
[23/02/2026 22:44:05,34] [CHECK] Searching on the server for PostgreSQL version. - [SELECT version()]
[23/02/2026 22:44:05,74] [CHECK] Looking for the tryton database version in Docker: [PostgreSQL 18.2 (Debian 18.2-1.pgdg13+1) on x86_64-pc-linux-gnu, compiled by gcc (Debian 14.2.0-19) 14.2.0, 64-bit]
[23/02/2026 22:44:05,81] [CHECK] Looking for the tryton database version in Docker: [PostgreSQL 18.2]
[23/02/2026 22:44:05,88] [CHECK] checkversion: All processes executed successfully.
[23/02/2026 22:44:06,17] [APP] global_routines timeout_start 8 1
[23/02/2026 22:44:14,29] [OK] tcd All processes executed successfully.
[23/02/2026 22:44:14,38] [TXT] Starting session. TRYDOCKCMD MANAGER Main Menu
[23/02/2026 22:44:31,06] [TXT] TRYDOCKCMD DOCKER MANAGER - 22:44:30 Session duration: 00:16:08
